TACC:  Starting up job 466464 
TACC:  Starting parallel tasks... 
min/max/ave velocity = 2.458533e-01, 2.904400e+01, 2.636857e+00
min/max/ave velocity = 9.779599e-01, 5.705931e+02, 3.684272e+01
min/max/ave velocity = 1.141106e-01, 8.614870e+03, 3.976839e+01
min/max/ave velocity = 1.748704e-03, 8.614870e+03, 3.909145e+01
min/max/ave velocity = 1.737552e-03, 8.614870e+03, 3.960542e+01
min/max/ave velocity = 1.714350e-03, 8.614870e+03, 3.960595e+01
min/max/ave velocity = 1.691860e-03, 8.614870e+03, 3.989027e+01
min/max/ave velocity = 1.672919e-03, 8.614870e+03, 4.061573e+01
min/max/ave velocity = 1.662067e-03, 8.614870e+03, 4.104598e+01
min/max/ave velocity = 1.656173e-03, 8.614870e+03, 4.153790e+01
Root[0]: Average time = 0.507343 (ms) per step with 1000 elements, 54.69 KB over 100 steps
Root[0]: accel-time[0.233429] update-time[0.001167] search-time[0.060024] mpi-time[0.211204]

===================================================================================
=   BAD TERMINATION OF ONE OF YOUR APPLICATION PROCESSES
=   PID 187066 RUNNING AT c455-033
=   EXIT CODE: 6
=   CLEANING UP REMAINING PROCESSES
=   YOU CAN IGNORE THE BELOW CLEANUP MESSAGES
===================================================================================
   Intel(R) MPI Library troubleshooting guide:
      https://software.intel.com/node/561764
===================================================================================
TACC:  MPI job exited with code: 6 
TACC:  Shutdown complete. Exiting. 
TACC:  Starting up job 466464 
TACC:  Starting parallel tasks... 
min/max/ave velocity = 6.328585e-01, 4.165014e+01, 5.034776e+00
min/max/ave velocity = 1.427654e+00, 3.264390e+03, 6.108273e+01
min/max/ave velocity = 1.707341e-01, 3.264389e+03, 6.534685e+01
min/max/ave velocity = 1.432440e-01, 3.264389e+03, 7.288118e+01
min/max/ave velocity = 1.271722e-01, 3.264389e+03, 8.043773e+01
min/max/ave velocity = 6.393934e-02, 3.264389e+03, 8.824018e+01
min/max/ave velocity = 6.234436e-02, 3.264389e+03, 9.598543e+01
min/max/ave velocity = 1.071640e+00, 3.264389e+03, 1.037309e+02
min/max/ave velocity = 6.406356e-01, 3.264389e+03, 1.107865e+02
min/max/ave velocity = 5.280881e-01, 3.264389e+03, 1.180471e+02
Root[0]: Average time = 1.283797 (ms) per step with 2000 elements, 109.38 KB over 100 steps
Root[0]: accel-time[0.927650] update-time[0.001320] search-time[0.036143] mpi-time[0.316978]

===================================================================================
=   BAD TERMINATION OF ONE OF YOUR APPLICATION PROCESSES
=   PID 187278 RUNNING AT c455-033
=   EXIT CODE: 6
=   CLEANING UP REMAINING PROCESSES
=   YOU CAN IGNORE THE BELOW CLEANUP MESSAGES
===================================================================================
   Intel(R) MPI Library troubleshooting guide:
      https://software.intel.com/node/561764
===================================================================================
TACC:  MPI job exited with code: 6 
TACC:  Shutdown complete. Exiting. 
TACC:  Starting up job 466464 
TACC:  Starting parallel tasks... 
min/max/ave velocity = 8.039278e-01, 1.741028e+02, 9.976321e+00
TACC:  MPI job exited with code: 1 
TACC:  Shutdown complete. Exiting. 
TACC:  Starting up job 466464 
TACC:  Starting parallel tasks... 
min/max/ave velocity = 1.403953e-01, 1.303425e+03, 1.962770e+01
TACC:  MPI job exited with code: 1 
TACC:  Shutdown complete. Exiting. 
TACC:  Starting up job 466464 
TACC:  Starting parallel tasks... 
min/max/ave velocity = 2.438454e+00, 7.247885e+02, 3.845768e+01
min/max/ave velocity = 1.276982e+01, 5.863773e+04, 7.624082e+02
min/max/ave velocity = 1.281002e+01, 5.863773e+04, 7.623607e+02
min/max/ave velocity = 1.281824e+01, 5.863773e+04, 7.623471e+02
min/max/ave velocity = 1.282203e+01, 5.863773e+04, 7.623406e+02
min/max/ave velocity = 1.282425e+01, 5.863773e+04, 7.623368e+02
min/max/ave velocity = 1.282571e+01, 5.863773e+04, 7.623344e+02
min/max/ave velocity = 1.282675e+01, 5.863773e+04, 7.623326e+02
min/max/ave velocity = 1.282753e+01, 5.863773e+04, 7.623313e+02
min/max/ave velocity = 1.282813e+01, 5.863773e+04, 7.623303e+02
Root[0]: Average time = 60.503991 (ms) per step with 16000 elements, 875.00 KB over 100 steps
Root[0]: accel-time[54.466019] update-time[0.011393] search-time[0.459361] mpi-time[5.563376]
TACC:  Shutdown complete. Exiting. 
