TACC:  Starting up job 466464 
TACC:  Starting parallel tasks... 
min/max/ave velocity = 2.458533e-01, 2.904400e+01, 2.636857e+00
min/max/ave velocity = 2.008736e+00, 1.496900e+03, 4.611652e+01
min/max/ave velocity = 2.014202e-01, 1.496898e+03, 4.068702e+01
min/max/ave velocity = 1.146652e-01, 1.496898e+03, 3.977505e+01
min/max/ave velocity = 5.207549e-02, 1.496897e+03, 3.935180e+01
min/max/ave velocity = 3.443828e-02, 1.496897e+03, 3.911694e+01
min/max/ave velocity = 3.143608e-02, 1.496897e+03, 3.896633e+01
min/max/ave velocity = 3.147911e-02, 3.157617e+03, 4.200884e+01
min/max/ave velocity = 8.277353e-03, 1.496897e+03, 3.876872e+01
min/max/ave velocity = 7.281552e-03, 1.496897e+03, 3.869521e+01
Root[0]: Average time = 0.446349 (ms) per step with 1000 elements, 54.69 KB over 100 steps
Root[0]: accel-time[0.123078] update-time[0.000940] search-time[0.067636] mpi-time[0.253181]
TACC:  MPI job exited with code: 255 
TACC:  Shutdown complete. Exiting. 
TACC:  Starting up job 466464 
TACC:  Starting parallel tasks... 
min/max/ave velocity = 6.328585e-01, 4.165014e+01, 5.034776e+00
min/max/ave velocity = 7.108567e-01, 4.279068e+03, 5.966834e+01
min/max/ave velocity = 1.595796e-01, 4.279067e+03, 5.648989e+01
min/max/ave velocity = 9.548460e-01, 4.279067e+03, 5.678953e+01
min/max/ave velocity = 4.870915e-01, 4.279067e+03, 5.755034e+01
min/max/ave velocity = 8.416432e-01, 4.279067e+03, 5.841320e+01
min/max/ave velocity = 6.183569e-01, 4.279067e+03, 5.943802e+01
min/max/ave velocity = 2.816511e-01, 4.279067e+03, 6.050431e+01
min/max/ave velocity = 3.826285e-01, 4.279067e+03, 6.160591e+01
min/max/ave velocity = 1.613180e-01, 4.279067e+03, 6.255019e+01
Root[0]: Average time = 0.949999 (ms) per step with 2000 elements, 109.38 KB over 100 steps
Root[0]: accel-time[0.480956] update-time[0.001193] search-time[0.041038] mpi-time[0.425223]

===================================================================================
=   BAD TERMINATION OF ONE OF YOUR APPLICATION PROCESSES
=   PID 181886 RUNNING AT c455-041
=   EXIT CODE: 6
=   CLEANING UP REMAINING PROCESSES
=   YOU CAN IGNORE THE BELOW CLEANUP MESSAGES
===================================================================================
   Intel(R) MPI Library troubleshooting guide:
      https://software.intel.com/node/561764
===================================================================================
TACC:  MPI job exited with code: 6 
TACC:  Shutdown complete. Exiting. 
TACC:  Starting up job 466464 
TACC:  Starting parallel tasks... 
min/max/ave velocity = 8.039278e-01, 1.741028e+02, 9.976321e+00
TACC:  MPI job exited with code: 1 
TACC:  Shutdown complete. Exiting. 
TACC:  Starting up job 466464 
TACC:  Starting parallel tasks... 
min/max/ave velocity = 1.403953e-01, 1.303425e+03, 1.962770e+01
TACC:  MPI job exited with code: 1 
TACC:  Shutdown complete. Exiting. 
TACC:  Starting up job 466464 
TACC:  Starting parallel tasks... 
min/max/ave velocity = 2.438454e+00, 7.247885e+02, 3.845768e+01
TACC:  MPI job exited with code: 1 
TACC:  Shutdown complete. Exiting. 
