TACC:  Starting up job 466464 
TACC:  Starting parallel tasks... 
min/max/ave velocity = 2.458533e-01, 2.904400e+01, 2.636857e+00
min/max/ave velocity = 2.383552e-01, 7.377695e+02, 3.831630e+01
min/max/ave velocity = 2.177695e-01, 7.377331e+02, 3.777108e+01
min/max/ave velocity = 1.723256e-01, 7.377296e+02, 4.071008e+01
min/max/ave velocity = 4.199224e-01, 1.042111e+03, 4.586801e+01
min/max/ave velocity = 1.409349e-01, 1.051545e+03, 5.006688e+01
min/max/ave velocity = 1.369448e-01, 1.060262e+03, 5.439492e+01
min/max/ave velocity = 1.333534e-01, 1.070267e+03, 5.883501e+01
min/max/ave velocity = 1.306640e-01, 1.079372e+03, 6.294527e+01
min/max/ave velocity = 1.300782e-01, 1.089174e+03, 6.692859e+01
Root[0]: Average time = 0.552123 (ms) per step with 1000 elements, 54.69 KB over 100 steps
Root[0]: accel-time[0.453759] update-time[0.001182] search-time[0.023888] mpi-time[0.072023]

===================================================================================
=   BAD TERMINATION OF ONE OF YOUR APPLICATION PROCESSES
=   PID 190237 RUNNING AT c455-032
=   EXIT CODE: 6
=   CLEANING UP REMAINING PROCESSES
=   YOU CAN IGNORE THE BELOW CLEANUP MESSAGES
===================================================================================

===================================================================================
=   BAD TERMINATION OF ONE OF YOUR APPLICATION PROCESSES
=   PID 190237 RUNNING AT c455-032
=   EXIT CODE: 6
=   CLEANING UP REMAINING PROCESSES
=   YOU CAN IGNORE THE BELOW CLEANUP MESSAGES
===================================================================================
   Intel(R) MPI Library troubleshooting guide:
      https://software.intel.com/node/561764
===================================================================================
TACC:  MPI job exited with code: 6 
TACC:  Shutdown complete. Exiting. 
TACC:  Starting up job 466464 
TACC:  Starting parallel tasks... 
min/max/ave velocity = 6.328585e-01, 4.165014e+01, 5.034776e+00
min/max/ave velocity = 7.296802e-01, 3.264147e+03, 6.395959e+01
min/max/ave velocity = 1.217097e-03, 3.264146e+03, 7.059742e+01
min/max/ave velocity = 1.213724e-03, 3.264146e+03, 7.867375e+01
min/max/ave velocity = 1.211555e-03, 3.264146e+03, 8.719192e+01
min/max/ave velocity = 1.209275e-03, 3.264146e+03, 9.545778e+01
min/max/ave velocity = 1.207058e-03, 1.179835e+04, 1.099402e+02
min/max/ave velocity = 1.206573e-03, 1.179011e+04, 1.189784e+02
min/max/ave velocity = 1.201030e-03, 1.178149e+04, 1.272008e+02
min/max/ave velocity = 1.186909e-03, 1.177447e+04, 1.352640e+02
Root[0]: Average time = 1.905159 (ms) per step with 2000 elements, 109.38 KB over 100 steps
Root[0]: accel-time[1.712741] update-time[0.001438] search-time[0.034374] mpi-time[0.155175]

===================================================================================
=   BAD TERMINATION OF ONE OF YOUR APPLICATION PROCESSES
=   PID 190467 RUNNING AT c455-032
=   EXIT CODE: 6
=   CLEANING UP REMAINING PROCESSES
=   YOU CAN IGNORE THE BELOW CLEANUP MESSAGES
===================================================================================

===================================================================================
=   BAD TERMINATION OF ONE OF YOUR APPLICATION PROCESSES
=   PID 190467 RUNNING AT c455-032
=   EXIT CODE: 6
=   CLEANING UP REMAINING PROCESSES
=   YOU CAN IGNORE THE BELOW CLEANUP MESSAGES
===================================================================================
   Intel(R) MPI Library troubleshooting guide:
      https://software.intel.com/node/561764
===================================================================================
TACC:  MPI job exited with code: 6 
TACC:  Shutdown complete. Exiting. 
TACC:  Starting up job 466464 
TACC:  Starting parallel tasks... 
min/max/ave velocity = 8.039278e-01, 1.741028e+02, 9.976321e+00
TACC:  MPI job exited with code: 14 
TACC:  Shutdown complete. Exiting. 
TACC:  Starting up job 466464 
TACC:  Starting parallel tasks... 
min/max/ave velocity = 1.403953e-01, 1.303425e+03, 1.962770e+01
min/max/ave velocity = 9.698857e+00, 9.633686e+03, 2.142787e+02
min/max/ave velocity = 9.768535e+00, 9.633685e+03, 2.138946e+02
min/max/ave velocity = 9.787878e+00, 9.633685e+03, 2.137946e+02
min/max/ave velocity = 9.795976e+00, 9.633685e+03, 2.137484e+02
min/max/ave velocity = 9.800034e+00, 9.633685e+03, 2.137218e+02
min/max/ave velocity = 9.802364e+00, 9.633685e+03, 2.137045e+02
min/max/ave velocity = 9.803843e+00, 9.633685e+03, 2.136924e+02
min/max/ave velocity = 9.804854e+00, 9.633685e+03, 2.136834e+02
min/max/ave velocity = 9.805584e+00, 9.633685e+03, 2.136766e+02
Root[0]: Average time = 26.987139 (ms) per step with 8000 elements, 437.50 KB over 100 steps
Root[0]: accel-time[26.600181] update-time[0.009427] search-time[0.041267] mpi-time[0.332670]
TACC:  Shutdown complete. Exiting. 
TACC:  Starting up job 466464 
TACC:  Starting parallel tasks... 
min/max/ave velocity = 2.438454e+00, 7.247885e+02, 3.845768e+01
min/max/ave velocity = 1.276982e+01, 5.863773e+04, 7.624082e+02
min/max/ave velocity = 1.281002e+01, 5.863773e+04, 7.623607e+02
min/max/ave velocity = 1.281824e+01, 5.863773e+04, 7.623471e+02
min/max/ave velocity = 1.282203e+01, 5.863773e+04, 7.623406e+02
min/max/ave velocity = 1.282425e+01, 5.863773e+04, 7.623368e+02
min/max/ave velocity = 1.282571e+01, 5.863773e+04, 7.623344e+02
min/max/ave velocity = 1.282675e+01, 5.863773e+04, 7.623326e+02
min/max/ave velocity = 1.282753e+01, 5.863773e+04, 7.623313e+02
min/max/ave velocity = 1.282813e+01, 5.863773e+04, 7.623303e+02
Root[0]: Average time = 111.560669 (ms) per step with 16000 elements, 875.00 KB over 100 steps
Root[0]: accel-time[110.725093] update-time[0.018880] search-time[0.095342] mpi-time[0.716070]
TACC:  Shutdown complete. Exiting. 
