TACC:  Starting up job 465975 
TACC:  Starting parallel tasks... 
min/max/ave velocity = 2.458533e-01, 2.904400e+01, 2.636857e+00
min/max/ave velocity = 9.619711e-01, 4.609975e+02, 3.652067e+01
min/max/ave velocity = 1.167143e-01, 4.609841e+02, 3.112345e+01
min/max/ave velocity = 1.980888e-01, 4.609799e+02, 3.043640e+01
min/max/ave velocity = 1.061009e-01, 5.321386e+02, 3.090753e+01
min/max/ave velocity = 4.347522e-02, 4.609766e+02, 3.063243e+01
min/max/ave velocity = 1.507023e-03, 4.609758e+02, 3.106107e+01
min/max/ave velocity = 1.482029e-03, 4.609752e+02, 3.143025e+01
min/max/ave velocity = 1.462372e-03, 4.609748e+02, 3.187102e+01
min/max/ave velocity = 1.447997e-03, 4.609745e+02, 3.263886e+01
Root[0]: Average time = 0.496564 (ms) per step with 1000 elements, 54.69 KB over 100 steps
Root[0]: accel-time[0.231367] update-time[0.001112] search-time[0.074002] mpi-time[0.188585]
Rank[0]: Average time = 0.496564 (ms) per step with 1000 elements, 54.69 KB over 100 steps
Rank[0]: accel-time[0.231367] update-time[0.001112] search-time[0.074002] mpi-time[0.188585]
Rank[3]: Average time = 0.497916 (ms) per step with 1000 elements, 54.69 KB over 100 steps
Rank[3]: accel-time[0.217717] update-time[0.000662] search-time[0.057541] mpi-time[0.220700]
Rank[64]: Average time = 0.494894 (ms) per step with 1000 elements, 54.69 KB over 100 steps
Rank[64]: accel-time[0.216571] update-time[0.000667] search-time[0.064281] mpi-time[0.212028]
Rank[58]: Average time = 0.496821 (ms) per step with 1000 elements, 54.69 KB over 100 steps
Rank[58]: accel-time[0.218185] update-time[0.000675] search-time[0.057688] mpi-time[0.219116]
Rank[74]: Average time = 0.496366 (ms) per step with 1000 elements, 54.69 KB over 100 steps
Rank[74]: accel-time[0.217716] update-time[0.000788] search-time[0.065449] mpi-time[0.211017]
Rank[1]: Average time = 0.497981 (ms) per step with 1000 elements, 54.69 KB over 100 steps
Rank[1]: accel-time[0.218523] update-time[0.000757] search-time[0.057806] mpi-time[0.219570]
Rank[95]: Average time = 0.495980 (ms) per step with 1000 elements, 54.69 KB over 100 steps
Rank[95]: accel-time[0.216731] update-time[0.000655] search-time[0.065017] mpi-time[0.212401]
Rank[6]: Average time = 0.497995 (ms) per step with 1000 elements, 54.69 KB over 100 steps
Rank[6]: accel-time[0.218939] update-time[0.000732] search-time[0.058183] mpi-time[0.218846]
Rank[98]: Average time = 0.495363 (ms) per step with 1000 elements, 54.69 KB over 100 steps
Rank[98]: accel-time[0.217609] update-time[0.000631] search-time[0.064630] mpi-time[0.211390]
Rank[7]: Average time = 0.497643 (ms) per step with 1000 elements, 54.69 KB over 100 steps
Rank[7]: accel-time[0.218757] update-time[0.000719] search-time[0.057361] mpi-time[0.219398]
Rank[99]: Average time = 0.496423 (ms) per step with 1000 elements, 54.69 KB over 100 steps
Rank[99]: accel-time[0.216751] update-time[0.000637] search-time[0.065477] mpi-time[0.212271]
Rank[8]: Average time = 0.496580 (ms) per step with 1000 elements, 54.69 KB over 100 steps
Rank[8]: accel-time[0.217728] update-time[0.000653] search-time[0.057116] mpi-time[0.219757]
Rank[110]: Average time = 0.495677 (ms) per step with 1000 elements, 54.69 KB over 100 steps
Rank[110]: accel-time[0.191238] update-time[0.000787] search-time[0.067028] mpi-time[0.235284]
Rank[10]: Average time = 0.497630 (ms) per step with 1000 elements, 54.69 KB over 100 steps
Rank[10]: accel-time[0.217802] update-time[0.000727] search-time[0.058376] mpi-time[0.219431]
Rank[119]: Average time = 0.495289 (ms) per step with 1000 elements, 54.69 KB over 100 steps
Rank[119]: accel-time[0.191245] update-time[0.000700] search-time[0.066535] mpi-time[0.235549]
Rank[14]: Average time = 0.497754 (ms) per step with 1000 elements, 54.69 KB over 100 steps
Rank[14]: accel-time[0.216287] update-time[0.000676] search-time[0.058771] mpi-time[0.220896]
Rank[16]: Average time = 0.497597 (ms) per step with 1000 elements, 54.69 KB over 100 steps
Rank[16]: accel-time[0.217816] update-time[0.000708] search-time[0.057705] mpi-time[0.220150]
Rank[17]: Average time = 0.496488 (ms) per step with 1000 elements, 54.69 KB over 100 steps
Rank[17]: accel-time[0.218585] update-time[0.000770] search-time[0.055179] mpi-time[0.220715]
Rank[18]: Average time = 0.497172 (ms) per step with 1000 elements, 54.69 KB over 100 steps
Rank[18]: accel-time[0.216556] update-time[0.000704] search-time[0.058031] mpi-time[0.220774]
Rank[19]: Average time = 0.496799 (ms) per step with 1000 elements, 54.69 KB over 100 steps
Rank[19]: accel-time[0.216519] update-time[0.000703] search-time[0.056705] mpi-time[0.221810]
Rank[65]: Average time = 0.496036 (ms) per step with 1000 elements, 54.69 KB over 100 steps
Rank[65]: accel-time[0.216450] update-time[0.000669] search-time[0.064830] mpi-time[0.212860]
Rank[20]: Average time = 0.497974 (ms) per step with 1000 elements, 54.69 KB over 100 steps
Rank[20]: accel-time[0.217711] update-time[0.000810] search-time[0.057939] mpi-time[0.220049]
Rank[66]: Average time = 0.495572 (ms) per step with 1000 elements, 54.69 KB over 100 steps
Rank[66]: accel-time[0.215932] update-time[0.000695] search-time[0.064835] mpi-time[0.213039]
Rank[21]: Average time = 0.496598 (ms) per step with 1000 elements, 54.69 KB over 100 steps
Rank[21]: accel-time[0.218567] update-time[0.000822] search-time[0.056258] mpi-time[0.219625]
Rank[67]: Average time = 0.496286 (ms) per step with 1000 elements, 54.69 KB over 100 steps
Rank[67]: accel-time[0.216230] update-time[0.000698] search-time[0.065144] mpi-time[0.213117]
Rank[22]: Average time = 0.497948 (ms) per step with 1000 elements, 54.69 KB over 100 steps
Rank[22]: accel-time[0.217984] update-time[0.000721] search-time[0.058312] mpi-time[0.219701]
Rank[68]: Average time = 0.496469 (ms) per step with 1000 elements, 54.69 KB over 100 steps
Rank[68]: accel-time[0.216058] update-time[0.000621] search-time[0.066145] mpi-time[0.212595]
Rank[24]: Average time = 0.496478 (ms) per step with 1000 elements, 54.69 KB over 100 steps
Rank[24]: accel-time[0.219520] update-time[0.000780] search-time[0.056567] mpi-time[0.218419]
Rank[69]: Average time = 0.496521 (ms) per step with 1000 elements, 54.69 KB over 100 steps
Rank[69]: accel-time[0.215333] update-time[0.000633] search-time[0.065644] mpi-time[0.213859]
Rank[26]: Average time = 0.497790 (ms) per step with 1000 elements, 54.69 KB over 100 steps
Rank[26]: accel-time[0.217263] update-time[0.000785] search-time[0.058657] mpi-time[0.219744]
Rank[70]: Average time = 0.496529 (ms) per step with 1000 elements, 54.69 KB over 100 steps
Rank[70]: accel-time[0.216400] update-time[0.000642] search-time[0.066040] mpi-time[0.212365]
Rank[28]: Average time = 0.497797 (ms) per step with 1000 elements, 54.69 KB over 100 steps
Rank[28]: accel-time[0.216524] update-time[0.000655] search-time[0.058840] mpi-time[0.220766]
Rank[71]: Average time = 0.495641 (ms) per step with 1000 elements, 54.69 KB over 100 steps
Rank[71]: accel-time[0.215244] update-time[0.000657] search-time[0.064913] mpi-time[0.213778]
Rank[31]: Average time = 0.496909 (ms) per step with 1000 elements, 54.69 KB over 100 steps
Rank[31]: accel-time[0.216481] update-time[0.000675] search-time[0.057311] mpi-time[0.221330]
Rank[72]: Average time = 0.495525 (ms) per step with 1000 elements, 54.69 KB over 100 steps
Rank[72]: accel-time[0.218439] update-time[0.000814] search-time[0.064552] mpi-time[0.210385]
Rank[32]: Average time = 0.497806 (ms) per step with 1000 elements, 54.69 KB over 100 steps
Rank[32]: accel-time[0.218103] update-time[0.000822] search-time[0.057964] mpi-time[0.219666]
Rank[73]: Average time = 0.496094 (ms) per step with 1000 elements, 54.69 KB over 100 steps
Rank[73]: accel-time[0.218680] update-time[0.000796] search-time[0.064703] mpi-time[0.210601]
Rank[33]: Average time = 0.496528 (ms) per step with 1000 elements, 54.69 KB over 100 steps
Rank[33]: accel-time[0.219250] update-time[0.000771] search-time[0.055702] mpi-time[0.219466]
Rank[76]: Average time = 0.496495 (ms) per step with 1000 elements, 54.69 KB over 100 steps
Rank[76]: accel-time[0.217387] update-time[0.000626] search-time[0.066313] mpi-time[0.211031]
Rank[34]: Average time = 0.497920 (ms) per step with 1000 elements, 54.69 KB over 100 steps
Rank[34]: accel-time[0.216244] update-time[0.000655] search-time[0.058750] mpi-time[0.221212]
Rank[77]: Average time = 0.496120 (ms) per step with 1000 elements, 54.69 KB over 100 steps
Rank[77]: accel-time[0.216472] update-time[0.000651] search-time[0.065030] mpi-time[0.212813]
Rank[38]: Average time = 0.497181 (ms) per step with 1000 elements, 54.69 KB over 100 steps
Rank[38]: accel-time[0.215635] update-time[0.000636] search-time[0.057973] mpi-time[0.221857]
Rank[78]: Average time = 0.496044 (ms) per step with 1000 elements, 54.69 KB over 100 steps
Rank[78]: accel-time[0.216140] update-time[0.000672] search-time[0.065548] mpi-time[0.212558]
Rank[44]: Average time = 0.497819 (ms) per step with 1000 elements, 54.69 KB over 100 steps
Rank[44]: accel-time[0.215925] update-time[0.000652] search-time[0.059143] mpi-time[0.221013]
Rank[79]: Average time = 0.495684 (ms) per step with 1000 elements, 54.69 KB over 100 steps
Rank[79]: accel-time[0.216243] update-time[0.000642] search-time[0.064770] mpi-time[0.212841]
Rank[46]: Average time = 0.497847 (ms) per step with 1000 elements, 54.69 KB over 100 steps
Rank[46]: accel-time[0.217810] update-time[0.000747] search-time[0.058350] mpi-time[0.219623]
Rank[80]: Average time = 0.496202 (ms) per step with 1000 elements, 54.69 KB over 100 steps
Rank[80]: accel-time[0.218429] update-time[0.000721] search-time[0.065156] mpi-time[0.210503]
Rank[47]: Average time = 0.497814 (ms) per step with 1000 elements, 54.69 KB over 100 steps
Rank[47]: accel-time[0.218143] update-time[0.000724] search-time[0.057532] mpi-time[0.220013]
Rank[84]: Average time = 0.495878 (ms) per step with 1000 elements, 54.69 KB over 100 steps
Rank[84]: accel-time[0.217897] update-time[0.000794] search-time[0.064783] mpi-time[0.211173]
Rank[49]: Average time = 0.496591 (ms) per step with 1000 elements, 54.69 KB over 100 steps
Rank[49]: accel-time[0.218842] update-time[0.000723] search-time[0.056119] mpi-time[0.219714]
Rank[85]: Average time = 0.496420 (ms) per step with 1000 elements, 54.69 KB over 100 steps
Rank[85]: accel-time[0.217876] update-time[0.000768] search-time[0.065100] mpi-time[0.211396]
Rank[50]: Average time = 0.497782 (ms) per step with 1000 elements, 54.69 KB over 100 steps
Rank[50]: accel-time[0.216999] update-time[0.000737] search-time[0.058354] mpi-time[0.220481]
Rank[86]: Average time = 0.495487 (ms) per step with 1000 elements, 54.69 KB over 100 steps
Rank[86]: accel-time[0.216832] update-time[0.000660] search-time[0.064972] mpi-time[0.211832]
Rank[52]: Average time = 0.496441 (ms) per step with 1000 elements, 54.69 KB over 100 steps
Rank[52]: accel-time[0.218481] update-time[0.000754] search-time[0.056687] mpi-time[0.219295]
Rank[87]: Average time = 0.495293 (ms) per step with 1000 elements, 54.69 KB over 100 steps
Rank[87]: accel-time[0.216158] update-time[0.000629] search-time[0.064725] mpi-time[0.212693]
Rank[54]: Average time = 0.497012 (ms) per step with 1000 elements, 54.69 KB over 100 steps
Rank[54]: accel-time[0.219013] update-time[0.000754] search-time[0.056744] mpi-time[0.219071]
Rank[88]: Average time = 0.494908 (ms) per step with 1000 elements, 54.69 KB over 100 steps
Rank[88]: accel-time[0.218933] update-time[0.000744] search-time[0.063553] mpi-time[0.210384]
Rank[55]: Average time = 0.497157 (ms) per step with 1000 elements, 54.69 KB over 100 steps
Rank[55]: accel-time[0.218877] update-time[0.000847] search-time[0.056928] mpi-time[0.219256]
Rank[90]: Average time = 0.495633 (ms) per step with 1000 elements, 54.69 KB over 100 steps
Rank[90]: accel-time[0.218318] update-time[0.000789] search-time[0.064858] mpi-time[0.210425]
Rank[59]: Average time = 0.496820 (ms) per step with 1000 elements, 54.69 KB over 100 steps
Rank[59]: accel-time[0.217437] update-time[0.000734] search-time[0.057020] mpi-time[0.220402]
Rank[91]: Average time = 0.495254 (ms) per step with 1000 elements, 54.69 KB over 100 steps
Rank[91]: accel-time[0.217966] update-time[0.000736] search-time[0.063798] mpi-time[0.211402]
Rank[2]: Average time = 0.496898 (ms) per step with 1000 elements, 54.69 KB over 100 steps
Rank[2]: accel-time[0.218095] update-time[0.000695] search-time[0.057182] mpi-time[0.219665]
Rank[93]: Average time = 0.495717 (ms) per step with 1000 elements, 54.69 KB over 100 steps
Rank[93]: accel-time[0.219322] update-time[0.000755] search-time[0.064448] mpi-time[0.209830]
Rank[4]: Average time = 0.498001 (ms) per step with 1000 elements, 54.69 KB over 100 steps
Rank[4]: accel-time[0.216519] update-time[0.000653] search-time[0.058679] mpi-time[0.221081]
Rank[94]: Average time = 0.495592 (ms) per step with 1000 elements, 54.69 KB over 100 steps
Rank[94]: accel-time[0.216620] update-time[0.000645] search-time[0.065158] mpi-time[0.212005]
Rank[5]: Average time = 0.497229 (ms) per step with 1000 elements, 54.69 KB over 100 steps
Rank[5]: accel-time[0.216036] update-time[0.000640] search-time[0.057848] mpi-time[0.221628]
Rank[96]: Average time = 0.496380 (ms) per step with 1000 elements, 54.69 KB over 100 steps
Rank[96]: accel-time[0.215714] update-time[0.000661] search-time[0.065904] mpi-time[0.212836]
Rank[9]: Average time = 0.497273 (ms) per step with 1000 elements, 54.69 KB over 100 steps
Rank[9]: accel-time[0.217314] update-time[0.000701] search-time[0.057043] mpi-time[0.220992]
Rank[100]: Average time = 0.496455 (ms) per step with 1000 elements, 54.69 KB over 100 steps
Rank[100]: accel-time[0.216363] update-time[0.000661] search-time[0.065800] mpi-time[0.212542]
Rank[11]: Average time = 0.497865 (ms) per step with 1000 elements, 54.69 KB over 100 steps
Rank[11]: accel-time[0.217063] update-time[0.000798] search-time[0.057837] mpi-time[0.220916]
Rank[101]: Average time = 0.495584 (ms) per step with 1000 elements, 54.69 KB over 100 steps
Rank[101]: accel-time[0.216796] update-time[0.000681] search-time[0.064273] mpi-time[0.212701]
Rank[12]: Average time = 0.497837 (ms) per step with 1000 elements, 54.69 KB over 100 steps
Rank[12]: accel-time[0.216901] update-time[0.000662] search-time[0.059440] mpi-time[0.219792]
Rank[103]: Average time = 0.496216 (ms) per step with 1000 elements, 54.69 KB over 100 steps
Rank[103]: accel-time[0.217893] update-time[0.000764] search-time[0.064788] mpi-time[0.211380]
Rank[13]: Average time = 0.497832 (ms) per step with 1000 elements, 54.69 KB over 100 steps
Rank[13]: accel-time[0.217258] update-time[0.000665] search-time[0.057982] mpi-time[0.220822]
Rank[104]: Average time = 0.496433 (ms) per step with 1000 elements, 54.69 KB over 100 steps
Rank[104]: accel-time[0.189326] update-time[0.000619] search-time[0.068650] mpi-time[0.236652]
Rank[15]: Average time = 0.496792 (ms) per step with 1000 elements, 54.69 KB over 100 steps
Rank[15]: accel-time[0.216685] update-time[0.000640] search-time[0.057067] mpi-time[0.221260]
Rank[105]: Average time = 0.495159 (ms) per step with 1000 elements, 54.69 KB over 100 steps
Rank[105]: accel-time[0.189828] update-time[0.000643] search-time[0.066881] mpi-time[0.236560]
Rank[23]: Average time = 0.497766 (ms) per step with 1000 elements, 54.69 KB over 100 steps
Rank[23]: accel-time[0.217340] update-time[0.000724] search-time[0.058044] mpi-time[0.220396]
Rank[106]: Average time = 0.496184 (ms) per step with 1000 elements, 54.69 KB over 100 steps
Rank[106]: accel-time[0.191297] update-time[0.000933] search-time[0.067625] mpi-time[0.234804]
Rank[25]: Average time = 0.497750 (ms) per step with 1000 elements, 54.69 KB over 100 steps
Rank[25]: accel-time[0.218473] update-time[0.000746] search-time[0.057400] mpi-time[0.219791]
Rank[107]: Average time = 0.495206 (ms) per step with 1000 elements, 54.69 KB over 100 steps
Rank[107]: accel-time[0.191927] update-time[0.000671] search-time[0.066164] mpi-time[0.234854]
Rank[27]: Average time = 0.497787 (ms) per step with 1000 elements, 54.69 KB over 100 steps
Rank[27]: accel-time[0.217745] update-time[0.000713] search-time[0.057723] mpi-time[0.220364]
Rank[108]: Average time = 0.496413 (ms) per step with 1000 elements, 54.69 KB over 100 steps
Rank[108]: accel-time[0.191903] update-time[0.000708] search-time[0.068028] mpi-time[0.234474]
Rank[29]: Average time = 0.497623 (ms) per step with 1000 elements, 54.69 KB over 100 steps
Rank[29]: accel-time[0.216418] update-time[0.000697] search-time[0.057889] mpi-time[0.221542]
Rank[109]: Average time = 0.496061 (ms) per step with 1000 elements, 54.69 KB over 100 steps
Rank[109]: accel-time[0.191512] update-time[0.000713] search-time[0.067280] mpi-time[0.235251]
Rank[30]: Average time = 0.497455 (ms) per step with 1000 elements, 54.69 KB over 100 steps
Rank[30]: accel-time[0.215686] update-time[0.000650] search-time[0.058778] mpi-time[0.221356]
Rank[111]: Average time = 0.495078 (ms) per step with 1000 elements, 54.69 KB over 100 steps
Rank[111]: accel-time[0.190698] update-time[0.000800] search-time[0.065966] mpi-time[0.236272]
Rank[35]: Average time = 0.496833 (ms) per step with 1000 elements, 54.69 KB over 100 steps
Rank[35]: accel-time[0.216749] update-time[0.000662] search-time[0.056965] mpi-time[0.221412]
Rank[112]: Average time = 0.495060 (ms) per step with 1000 elements, 54.69 KB over 100 steps
Rank[112]: accel-time[0.191232] update-time[0.000733] search-time[0.066353] mpi-time[0.235444]
Rank[36]: Average time = 0.497753 (ms) per step with 1000 elements, 54.69 KB over 100 steps
Rank[36]: accel-time[0.217946] update-time[0.000669] search-time[0.058384] mpi-time[0.219308]
Rank[113]: Average time = 0.495467 (ms) per step with 1000 elements, 54.69 KB over 100 steps
Rank[113]: accel-time[0.190782] update-time[0.000698] search-time[0.066480] mpi-time[0.235962]
Rank[37]: Average time = 0.497737 (ms) per step with 1000 elements, 54.69 KB over 100 steps
Rank[37]: accel-time[0.218233] update-time[0.000702] search-time[0.057821] mpi-time[0.219685]
Rank[114]: Average time = 0.495344 (ms) per step with 1000 elements, 54.69 KB over 100 steps
Rank[114]: accel-time[0.191406] update-time[0.000739] search-time[0.066670] mpi-time[0.235126]
Rank[39]: Average time = 0.497448 (ms) per step with 1000 elements, 54.69 KB over 100 steps
Rank[39]: accel-time[0.215936] update-time[0.000649] search-time[0.057577] mpi-time[0.222066]
Rank[115]: Average time = 0.496083 (ms) per step with 1000 elements, 54.69 KB over 100 steps
Rank[115]: accel-time[0.191039] update-time[0.000731] search-time[0.067284] mpi-time[0.235731]
Rank[40]: Average time = 0.497724 (ms) per step with 1000 elements, 54.69 KB over 100 steps
Rank[40]: accel-time[0.218614] update-time[0.000730] search-time[0.058506] mpi-time[0.218639]
Rank[116]: Average time = 0.495478 (ms) per step with 1000 elements, 54.69 KB over 100 steps
Rank[116]: accel-time[0.207857] update-time[0.000804] search-time[0.064275] mpi-time[0.220997]
Rank[41]: Average time = 0.497445 (ms) per step with 1000 elements, 54.69 KB over 100 steps
Rank[41]: accel-time[0.218421] update-time[0.000693] search-time[0.057652] mpi-time[0.219448]
Rank[117]: Average time = 0.495347 (ms) per step with 1000 elements, 54.69 KB over 100 steps
Rank[117]: accel-time[0.191182] update-time[0.000676] search-time[0.066236] mpi-time[0.235976]
Rank[42]: Average time = 0.496954 (ms) per step with 1000 elements, 54.69 KB over 100 steps
Rank[42]: accel-time[0.217616] update-time[0.000783] search-time[0.057615] mpi-time[0.219672]
Rank[118]: Average time = 0.495045 (ms) per step with 1000 elements, 54.69 KB over 100 steps
Rank[118]: accel-time[0.191185] update-time[0.000701] search-time[0.066616] mpi-time[0.235280]
Rank[43]: Average time = 0.496508 (ms) per step with 1000 elements, 54.69 KB over 100 steps
Rank[43]: accel-time[0.217638] update-time[0.000739] search-time[0.056266] mpi-time[0.220616]
Rank[120]: Average time = 0.495578 (ms) per step with 1000 elements, 54.69 KB over 100 steps
Rank[120]: accel-time[0.189565] update-time[0.000642] search-time[0.067904] mpi-time[0.236255]
Rank[45]: Average time = 0.497830 (ms) per step with 1000 elements, 54.69 KB over 100 steps
Rank[45]: accel-time[0.216866] update-time[0.000668] search-time[0.058204] mpi-time[0.221015]
Rank[121]: Average time = 0.495382 (ms) per step with 1000 elements, 54.69 KB over 100 steps
Rank[121]: accel-time[0.188805] update-time[0.000596] search-time[0.067240] mpi-time[0.237606]
Rank[48]: Average time = 0.497782 (ms) per step with 1000 elements, 54.69 KB over 100 steps
Rank[48]: accel-time[0.217403] update-time[0.000762] search-time[0.057958] mpi-time[0.220242]
Rank[122]: Average time = 0.494878 (ms) per step with 1000 elements, 54.69 KB over 100 steps
Rank[122]: accel-time[0.189325] update-time[0.000593] search-time[0.067054] mpi-time[0.236582]
Rank[51]: Average time = 0.496510 (ms) per step with 1000 elements, 54.69 KB over 100 steps
Rank[51]: accel-time[0.217248] update-time[0.000803] search-time[0.056247] mpi-time[0.221074]
Rank[123]: Average time = 0.496279 (ms) per step with 1000 elements, 54.69 KB over 100 steps
Rank[123]: accel-time[0.190294] update-time[0.000630] search-time[0.068011] mpi-time[0.236246]
Rank[53]: Average time = 0.497845 (ms) per step with 1000 elements, 54.69 KB over 100 steps
Rank[53]: accel-time[0.217824] update-time[0.000770] search-time[0.057696] mpi-time[0.220279]
Rank[124]: Average time = 0.494987 (ms) per step with 1000 elements, 54.69 KB over 100 steps
Rank[124]: accel-time[0.189773] update-time[0.000653] search-time[0.067075] mpi-time[0.236424]
Rank[56]: Average time = 0.497565 (ms) per step with 1000 elements, 54.69 KB over 100 steps
Rank[56]: accel-time[0.217018] update-time[0.000702] search-time[0.058665] mpi-time[0.219899]
Rank[125]: Average time = 0.495852 (ms) per step with 1000 elements, 54.69 KB over 100 steps
Rank[125]: accel-time[0.189608] update-time[0.000637] search-time[0.067616] mpi-time[0.236875]
Rank[57]: Average time = 0.496806 (ms) per step with 1000 elements, 54.69 KB over 100 steps
Rank[57]: accel-time[0.236416] update-time[0.000888] search-time[0.055434] mpi-time[0.202935]
Rank[126]: Average time = 0.495212 (ms) per step with 1000 elements, 54.69 KB over 100 steps
Rank[126]: accel-time[0.191217] update-time[0.000721] search-time[0.066591] mpi-time[0.235376]
Rank[60]: Average time = 0.497123 (ms) per step with 1000 elements, 54.69 KB over 100 steps
Rank[60]: accel-time[0.217907] update-time[0.000777] search-time[0.057850] mpi-time[0.219332]
Rank[127]: Average time = 0.494858 (ms) per step with 1000 elements, 54.69 KB over 100 steps
Rank[127]: accel-time[0.191195] update-time[0.000724] search-time[0.065734] mpi-time[0.235847]
Rank[61]: Average time = 0.496340 (ms) per step with 1000 elements, 54.69 KB over 100 steps
Rank[61]: accel-time[0.218559] update-time[0.000740] search-time[0.056153] mpi-time[0.219478]
Rank[62]: Average time = 0.497814 (ms) per step with 1000 elements, 54.69 KB over 100 steps
Rank[62]: accel-time[0.215939] update-time[0.000657] search-time[0.058624] mpi-time[0.221424]
Rank[63]: Average time = 0.496462 (ms) per step with 1000 elements, 54.69 KB over 100 steps
Rank[63]: accel-time[0.216515] update-time[0.000683] search-time[0.056540] mpi-time[0.221652]
Rank[75]: Average time = 0.494896 (ms) per step with 1000 elements, 54.69 KB over 100 steps
Rank[75]: accel-time[0.218886] update-time[0.000823] search-time[0.063091] mpi-time[0.210769]
Rank[81]: Average time = 0.495825 (ms) per step with 1000 elements, 54.69 KB over 100 steps
Rank[81]: accel-time[0.217678] update-time[0.000786] search-time[0.064226] mpi-time[0.211785]
Rank[82]: Average time = 0.496160 (ms) per step with 1000 elements, 54.69 KB over 100 steps
Rank[82]: accel-time[0.218949] update-time[0.000784] search-time[0.065131] mpi-time[0.210002]
Rank[83]: Average time = 0.495898 (ms) per step with 1000 elements, 54.69 KB over 100 steps
Rank[83]: accel-time[0.218136] update-time[0.000877] search-time[0.064386] mpi-time[0.211157]
Rank[89]: Average time = 0.495153 (ms) per step with 1000 elements, 54.69 KB over 100 steps
Rank[89]: accel-time[0.216959] update-time[0.000726] search-time[0.063320] mpi-time[0.212757]
Rank[92]: Average time = 0.495928 (ms) per step with 1000 elements, 54.69 KB over 100 steps
Rank[92]: accel-time[0.218071] update-time[0.000806] search-time[0.065019] mpi-time[0.210736]
Rank[97]: Average time = 0.495828 (ms) per step with 1000 elements, 54.69 KB over 100 steps
Rank[97]: accel-time[0.216934] update-time[0.000649] search-time[0.064385] mpi-time[0.212742]
Rank[102]: Average time = 0.494936 (ms) per step with 1000 elements, 54.69 KB over 100 steps
Rank[102]: accel-time[0.219031] update-time[0.000836] search-time[0.063240] mpi-time[0.210430]

===================================================================================
=   BAD TERMINATION OF ONE OF YOUR APPLICATION PROCESSES
=   PID 205285 RUNNING AT c455-001
=   EXIT CODE: 6
=   CLEANING UP REMAINING PROCESSES
=   YOU CAN IGNORE THE BELOW CLEANUP MESSAGES
===================================================================================

===================================================================================
=   BAD TERMINATION OF ONE OF YOUR APPLICATION PROCESSES
=   PID 211950 RUNNING AT c455-002
=   EXIT CODE: 15
=   CLEANING UP REMAINING PROCESSES
=   YOU CAN IGNORE THE BELOW CLEANUP MESSAGES
===================================================================================
   Intel(R) MPI Library troubleshooting guide:
      https://software.intel.com/node/561764
===================================================================================
TACC:  MPI job exited with code: 15 
TACC:  Shutdown complete. Exiting. 
TACC:  Starting up job 465975 
TACC:  Starting parallel tasks... 
min/max/ave velocity = 6.328585e-01, 4.165014e+01, 5.034776e+00
min/max/ave velocity = 1.327850e+00, 3.489782e+03, 6.359874e+01
min/max/ave velocity = 4.695771e-01, 3.489781e+03, 6.841839e+01
min/max/ave velocity = 6.456018e-02, 3.489780e+03, 7.519056e+01
min/max/ave velocity = 6.183320e-02, 3.489780e+03, 8.281804e+01
min/max/ave velocity = 5.305620e-02, 3.489780e+03, 9.136168e+01
min/max/ave velocity = 4.440685e-02, 3.489780e+03, 9.844753e+01
min/max/ave velocity = 4.604960e-02, 3.489780e+03, 1.060782e+02
min/max/ave velocity = 4.685998e-02, 3.489780e+03, 1.134444e+02
min/max/ave velocity = 4.767916e-02, 3.489780e+03, 1.214671e+02
Root[0]: Average time = 1.290215 (ms) per step with 2000 elements, 109.38 KB over 100 steps
Root[0]: accel-time[0.979567] update-time[0.001910] search-time[0.029876] mpi-time[0.276808]
Rank[0]: Average time = 1.290215 (ms) per step with 2000 elements, 109.38 KB over 100 steps
Rank[0]: accel-time[0.979567] update-time[0.001910] search-time[0.029876] mpi-time[0.276808]
Rank[70]: Average time = 1.289230 (ms) per step with 2000 elements, 109.38 KB over 100 steps
Rank[70]: accel-time[0.898772] update-time[0.001224] search-time[0.025922] mpi-time[0.361755]
Rank[10]: Average time = 1.292299 (ms) per step with 2000 elements, 109.38 KB over 100 steps
Rank[10]: accel-time[0.907207] update-time[0.001104] search-time[0.031017] mpi-time[0.351543]
Rank[88]: Average time = 1.289573 (ms) per step with 2000 elements, 109.38 KB over 100 steps
Rank[88]: accel-time[0.838811] update-time[0.000941] search-time[0.033069] mpi-time[0.415458]
Rank[20]: Average time = 1.290475 (ms) per step with 2000 elements, 109.38 KB over 100 steps
Rank[20]: accel-time[0.907195] update-time[0.001081] search-time[0.029927] mpi-time[0.350687]
Rank[91]: Average time = 1.289580 (ms) per step with 2000 elements, 109.38 KB over 100 steps
Rank[91]: accel-time[0.842591] update-time[0.001081] search-time[0.032131] mpi-time[0.412279]
Rank[21]: Average time = 1.290724 (ms) per step with 2000 elements, 109.38 KB over 100 steps
Rank[21]: accel-time[0.902206] update-time[0.001128] search-time[0.030784] mpi-time[0.354884]
Rank[104]: Average time = 1.290057 (ms) per step with 2000 elements, 109.38 KB over 100 steps
Rank[104]: accel-time[0.839836] update-time[0.001013] search-time[0.033404] mpi-time[0.414594]
Rank[29]: Average time = 1.291114 (ms) per step with 2000 elements, 109.38 KB over 100 steps
Rank[29]: accel-time[0.903391] update-time[0.001155] search-time[0.031821] mpi-time[0.353251]
Rank[106]: Average time = 1.290175 (ms) per step with 2000 elements, 109.38 KB over 100 steps
Rank[106]: accel-time[0.847429] update-time[0.001214] search-time[0.031625] mpi-time[0.407817]
Rank[31]: Average time = 1.290204 (ms) per step with 2000 elements, 109.38 KB over 100 steps
Rank[31]: accel-time[0.907462] update-time[0.001179] search-time[0.028854] mpi-time[0.351129]
Rank[115]: Average time = 1.290075 (ms) per step with 2000 elements, 109.38 KB over 100 steps
Rank[115]: accel-time[0.844980] update-time[0.001076] search-time[0.032207] mpi-time[0.410568]
Rank[32]: Average time = 1.290897 (ms) per step with 2000 elements, 109.38 KB over 100 steps
Rank[32]: accel-time[0.901263] update-time[0.001402] search-time[0.029725] mpi-time[0.356598]
Rank[117]: Average time = 1.289725 (ms) per step with 2000 elements, 109.38 KB over 100 steps
Rank[117]: accel-time[0.841104] update-time[0.000989] search-time[0.032280] mpi-time[0.413848]
Rank[36]: Average time = 1.290114 (ms) per step with 2000 elements, 109.38 KB over 100 steps
Rank[36]: accel-time[0.900592] update-time[0.001308] search-time[0.029164] mpi-time[0.357512]
Rank[119]: Average time = 1.290860 (ms) per step with 2000 elements, 109.38 KB over 100 steps
Rank[119]: accel-time[0.855197] update-time[0.001410] search-time[0.031250] mpi-time[0.401299]
Rank[40]: Average time = 1.291710 (ms) per step with 2000 elements, 109.38 KB over 100 steps
Rank[40]: accel-time[0.905153] update-time[0.001319] search-time[0.032148] mpi-time[0.351535]
Rank[43]: Average time = 1.291956 (ms) per step with 2000 elements, 109.38 KB over 100 steps
Rank[43]: accel-time[0.896130] update-time[0.001022] search-time[0.032727] mpi-time[0.360828]
Rank[65]: Average time = 1.289174 (ms) per step with 2000 elements, 109.38 KB over 100 steps
Rank[65]: accel-time[0.904152] update-time[0.001195] search-time[0.025700] mpi-time[0.356492]
Rank[1]: Average time = 1.290482 (ms) per step with 2000 elements, 109.38 KB over 100 steps
Rank[1]: accel-time[0.905312] update-time[0.001785] search-time[0.027952] mpi-time[0.353743]
Rank[67]: Average time = 1.290971 (ms) per step with 2000 elements, 109.38 KB over 100 steps
Rank[67]: accel-time[0.899243] update-time[0.001262] search-time[0.028923] mpi-time[0.360023]
Rank[2]: Average time = 1.290132 (ms) per step with 2000 elements, 109.38 KB over 100 steps
Rank[2]: accel-time[0.904716] update-time[0.001045] search-time[0.030179] mpi-time[0.352790]
Rank[68]: Average time = 1.289793 (ms) per step with 2000 elements, 109.38 KB over 100 steps
Rank[68]: accel-time[0.901880] update-time[0.000968] search-time[0.027672] mpi-time[0.357915]
Rank[3]: Average time = 1.290526 (ms) per step with 2000 elements, 109.38 KB over 100 steps
Rank[3]: accel-time[0.903137] update-time[0.001112] search-time[0.031368] mpi-time[0.353299]
Rank[69]: Average time = 1.289767 (ms) per step with 2000 elements, 109.38 KB over 100 steps
Rank[69]: accel-time[0.901694] update-time[0.001008] search-time[0.028174] mpi-time[0.357478]
Rank[4]: Average time = 1.292230 (ms) per step with 2000 elements, 109.38 KB over 100 steps
Rank[4]: accel-time[0.901135] update-time[0.001242] search-time[0.032077] mpi-time[0.356233]
Rank[71]: Average time = 1.289608 (ms) per step with 2000 elements, 109.38 KB over 100 steps
Rank[71]: accel-time[0.904331] update-time[0.001089] search-time[0.025875] mpi-time[0.356692]
Rank[5]: Average time = 1.292159 (ms) per step with 2000 elements, 109.38 KB over 100 steps
Rank[5]: accel-time[0.902504] update-time[0.001111] search-time[0.031656] mpi-time[0.355296]
Rank[73]: Average time = 1.289633 (ms) per step with 2000 elements, 109.38 KB over 100 steps
Rank[73]: accel-time[0.905725] update-time[0.001275] search-time[0.026555] mpi-time[0.354608]
Rank[6]: Average time = 1.291154 (ms) per step with 2000 elements, 109.38 KB over 100 steps
Rank[6]: accel-time[0.907597] update-time[0.001232] search-time[0.029489] mpi-time[0.351161]
Rank[74]: Average time = 1.290235 (ms) per step with 2000 elements, 109.38 KB over 100 steps
Rank[74]: accel-time[0.895296] update-time[0.000941] search-time[0.028030] mpi-time[0.364627]
Rank[7]: Average time = 1.290805 (ms) per step with 2000 elements, 109.38 KB over 100 steps
Rank[7]: accel-time[0.908063] update-time[0.001352] search-time[0.029333] mpi-time[0.350311]
Rank[75]: Average time = 1.291267 (ms) per step with 2000 elements, 109.38 KB over 100 steps
Rank[75]: accel-time[0.897809] update-time[0.001036] search-time[0.028367] mpi-time[0.362452]
Rank[8]: Average time = 1.291635 (ms) per step with 2000 elements, 109.38 KB over 100 steps
Rank[8]: accel-time[0.901904] update-time[0.001059] search-time[0.032282] mpi-time[0.354784]
Rank[76]: Average time = 1.291182 (ms) per step with 2000 elements, 109.38 KB over 100 steps
Rank[76]: accel-time[0.902753] update-time[0.001085] search-time[0.028500] mpi-time[0.357324]
Rank[9]: Average time = 1.290723 (ms) per step with 2000 elements, 109.38 KB over 100 steps
Rank[9]: accel-time[0.900898] update-time[0.001111] search-time[0.030835] mpi-time[0.356606]
Rank[77]: Average time = 1.289393 (ms) per step with 2000 elements, 109.38 KB over 100 steps
Rank[77]: accel-time[0.898574] update-time[0.001195] search-time[0.026890] mpi-time[0.361172]
Rank[11]: Average time = 1.291018 (ms) per step with 2000 elements, 109.38 KB over 100 steps
Rank[11]: accel-time[0.908662] update-time[0.001214] search-time[0.029489] mpi-time[0.349941]
Rank[78]: Average time = 1.290569 (ms) per step with 2000 elements, 109.38 KB over 100 steps
Rank[78]: accel-time[0.895045] update-time[0.001144] search-time[0.028494] mpi-time[0.364232]
Rank[12]: Average time = 1.291192 (ms) per step with 2000 elements, 109.38 KB over 100 steps
Rank[12]: accel-time[0.902210] update-time[0.001125] search-time[0.030326] mpi-time[0.356257]
Rank[79]: Average time = 1.289474 (ms) per step with 2000 elements, 109.38 KB over 100 steps
Rank[79]: accel-time[0.900979] update-time[0.000968] search-time[0.027021] mpi-time[0.359260]
Rank[13]: Average time = 1.291238 (ms) per step with 2000 elements, 109.38 KB over 100 steps
Rank[13]: accel-time[0.902283] update-time[0.001118] search-time[0.030438] mpi-time[0.356218]
Rank[80]: Average time = 1.289665 (ms) per step with 2000 elements, 109.38 KB over 100 steps
Rank[80]: accel-time[0.844187] update-time[0.001234] search-time[0.032190] mpi-time[0.410405]
Rank[14]: Average time = 1.292071 (ms) per step with 2000 elements, 109.38 KB over 100 steps
Rank[14]: accel-time[0.899372] update-time[0.001303] search-time[0.030874] mpi-time[0.358858]
Rank[81]: Average time = 1.289665 (ms) per step with 2000 elements, 109.38 KB over 100 steps
Rank[81]: accel-time[0.847785] update-time[0.001188] search-time[0.031173] mpi-time[0.407614]
Rank[15]: Average time = 1.291117 (ms) per step with 2000 elements, 109.38 KB over 100 steps
Rank[15]: accel-time[0.906250] update-time[0.001183] search-time[0.029276] mpi-time[0.352851]
Rank[82]: Average time = 1.291027 (ms) per step with 2000 elements, 109.38 KB over 100 steps
Rank[82]: accel-time[0.846366] update-time[0.001524] search-time[0.033276] mpi-time[0.408302]
Rank[16]: Average time = 1.291113 (ms) per step with 2000 elements, 109.38 KB over 100 steps
Rank[16]: accel-time[0.907142] update-time[0.001353] search-time[0.029503] mpi-time[0.351171]
Rank[84]: Average time = 1.289329 (ms) per step with 2000 elements, 109.38 KB over 100 steps
Rank[84]: accel-time[0.849566] update-time[0.001242] search-time[0.030952] mpi-time[0.406020]
Rank[17]: Average time = 1.290605 (ms) per step with 2000 elements, 109.38 KB over 100 steps
Rank[17]: accel-time[0.907366] update-time[0.001262] search-time[0.030038] mpi-time[0.350212]
Rank[85]: Average time = 1.290030 (ms) per step with 2000 elements, 109.38 KB over 100 steps
Rank[85]: accel-time[0.844120] update-time[0.001367] search-time[0.032816] mpi-time[0.409987]
Rank[18]: Average time = 1.290341 (ms) per step with 2000 elements, 109.38 KB over 100 steps
Rank[18]: accel-time[0.906298] update-time[0.001132] search-time[0.030556] mpi-time[0.350517]
Rank[86]: Average time = 1.290738 (ms) per step with 2000 elements, 109.38 KB over 100 steps
Rank[86]: accel-time[0.848822] update-time[0.001087] search-time[0.032271] mpi-time[0.406948]
Rank[19]: Average time = 1.291592 (ms) per step with 2000 elements, 109.38 KB over 100 steps
Rank[19]: accel-time[0.905759] update-time[0.001131] search-time[0.030598] mpi-time[0.352558]
Rank[87]: Average time = 1.290634 (ms) per step with 2000 elements, 109.38 KB over 100 steps
Rank[87]: accel-time[0.843411] update-time[0.001173] search-time[0.032985] mpi-time[0.411367]
Rank[22]: Average time = 1.291430 (ms) per step with 2000 elements, 109.38 KB over 100 steps
Rank[22]: accel-time[0.896767] update-time[0.001239] search-time[0.030886] mpi-time[0.361210]
Rank[89]: Average time = 1.290313 (ms) per step with 2000 elements, 109.38 KB over 100 steps
Rank[89]: accel-time[0.838741] update-time[0.000948] search-time[0.034601] mpi-time[0.414765]
Rank[23]: Average time = 1.291578 (ms) per step with 2000 elements, 109.38 KB over 100 steps
Rank[23]: accel-time[0.896887] update-time[0.001184] search-time[0.030812] mpi-time[0.361109]
Rank[90]: Average time = 1.290638 (ms) per step with 2000 elements, 109.38 KB over 100 steps
Rank[90]: accel-time[0.847695] update-time[0.001191] search-time[0.032049] mpi-time[0.408234]
Rank[24]: Average time = 1.291085 (ms) per step with 2000 elements, 109.38 KB over 100 steps
Rank[24]: accel-time[0.896293] update-time[0.001210] search-time[0.031428] mpi-time[0.360843]
Rank[92]: Average time = 1.289403 (ms) per step with 2000 elements, 109.38 KB over 100 steps
Rank[92]: accel-time[0.851415] update-time[0.001208] search-time[0.030548] mpi-time[0.404576]
Rank[25]: Average time = 1.292119 (ms) per step with 2000 elements, 109.38 KB over 100 steps
Rank[25]: accel-time[0.902509] update-time[0.000999] search-time[0.031833] mpi-time[0.355595]
Rank[93]: Average time = 1.290475 (ms) per step with 2000 elements, 109.38 KB over 100 steps
Rank[93]: accel-time[0.849845] update-time[0.001372] search-time[0.032484] mpi-time[0.405070]
Rank[26]: Average time = 1.290774 (ms) per step with 2000 elements, 109.38 KB over 100 steps
Rank[26]: accel-time[0.907115] update-time[0.001148] search-time[0.028599] mpi-time[0.352461]
Rank[94]: Average time = 1.290036 (ms) per step with 2000 elements, 109.38 KB over 100 steps
Rank[94]: accel-time[0.844729] update-time[0.000923] search-time[0.032145] mpi-time[0.410711]
Rank[27]: Average time = 1.290798 (ms) per step with 2000 elements, 109.38 KB over 100 steps
Rank[27]: accel-time[0.906513] update-time[0.001220] search-time[0.029332] mpi-time[0.352246]
Rank[95]: Average time = 1.289882 (ms) per step with 2000 elements, 109.38 KB over 100 steps
Rank[95]: accel-time[0.844974] update-time[0.001087] search-time[0.031923] mpi-time[0.410491]
Rank[28]: Average time = 1.291554 (ms) per step with 2000 elements, 109.38 KB over 100 steps
Rank[28]: accel-time[0.897475] update-time[0.001249] search-time[0.031263] mpi-time[0.360151]
Rank[96]: Average time = 1.289973 (ms) per step with 2000 elements, 109.38 KB over 100 steps
Rank[96]: accel-time[0.842752] update-time[0.001005] search-time[0.032310] mpi-time[0.412346]
Rank[30]: Average time = 1.290788 (ms) per step with 2000 elements, 109.38 KB over 100 steps
Rank[30]: accel-time[0.907383] update-time[0.001220] search-time[0.028839] mpi-time[0.351268]
Rank[97]: Average time = 1.289666 (ms) per step with 2000 elements, 109.38 KB over 100 steps
Rank[97]: accel-time[0.842647] update-time[0.001049] search-time[0.032180] mpi-time[0.412193]
Rank[33]: Average time = 1.291187 (ms) per step with 2000 elements, 109.38 KB over 100 steps
Rank[33]: accel-time[0.906473] update-time[0.001193] search-time[0.029733] mpi-time[0.352165]
Rank[99]: Average time = 1.290038 (ms) per step with 2000 elements, 109.38 KB over 100 steps
Rank[99]: accel-time[0.848882] update-time[0.001081] search-time[0.032841] mpi-time[0.405620]
Rank[34]: Average time = 1.290987 (ms) per step with 2000 elements, 109.38 KB over 100 steps
Rank[34]: accel-time[0.899400] update-time[0.001070] search-time[0.030241] mpi-time[0.358322]
Rank[100]: Average time = 1.290150 (ms) per step with 2000 elements, 109.38 KB over 100 steps
Rank[100]: accel-time[0.845723] update-time[0.000930] search-time[0.032258] mpi-time[0.409893]
Rank[35]: Average time = 1.291929 (ms) per step with 2000 elements, 109.38 KB over 100 steps
Rank[35]: accel-time[0.899697] update-time[0.001179] search-time[0.031089] mpi-time[0.358440]
Rank[101]: Average time = 1.289843 (ms) per step with 2000 elements, 109.38 KB over 100 steps
Rank[101]: accel-time[0.844421] update-time[0.000943] search-time[0.032620] mpi-time[0.410494]
Rank[37]: Average time = 1.290256 (ms) per step with 2000 elements, 109.38 KB over 100 steps
Rank[37]: accel-time[0.907009] update-time[0.001103] search-time[0.029969] mpi-time[0.350624]
Rank[103]: Average time = 1.290179 (ms) per step with 2000 elements, 109.38 KB over 100 steps
Rank[103]: accel-time[0.846257] update-time[0.000972] search-time[0.032163] mpi-time[0.409415]
Rank[38]: Average time = 1.290354 (ms) per step with 2000 elements, 109.38 KB over 100 steps
Rank[38]: accel-time[0.896299] update-time[0.001202] search-time[0.030215] mpi-time[0.361312]
Rank[105]: Average time = 1.289411 (ms) per step with 2000 elements, 109.38 KB over 100 steps
Rank[105]: accel-time[0.843772] update-time[0.001046] search-time[0.031971] mpi-time[0.411182]
Rank[39]: Average time = 1.290238 (ms) per step with 2000 elements, 109.38 KB over 100 steps
Rank[39]: accel-time[0.896690] update-time[0.001111] search-time[0.029932] mpi-time[0.361289]
Rank[108]: Average time = 1.290098 (ms) per step with 2000 elements, 109.38 KB over 100 steps
Rank[108]: accel-time[0.845169] update-time[0.001133] search-time[0.032361] mpi-time[0.409708]
Rank[41]: Average time = 1.291739 (ms) per step with 2000 elements, 109.38 KB over 100 steps
Rank[41]: accel-time[0.906077] update-time[0.001267] search-time[0.030902] mpi-time[0.351849]
Rank[109]: Average time = 1.290114 (ms) per step with 2000 elements, 109.38 KB over 100 steps
Rank[109]: accel-time[0.848208] update-time[0.001102] search-time[0.032295] mpi-time[0.406823]
Rank[42]: Average time = 1.290612 (ms) per step with 2000 elements, 109.38 KB over 100 steps
Rank[42]: accel-time[0.901637] update-time[0.001089] search-time[0.029854] mpi-time[0.356183]
Rank[110]: Average time = 1.290542 (ms) per step with 2000 elements, 109.38 KB over 100 steps
Rank[110]: accel-time[0.843627] update-time[0.001080] search-time[0.032215] mpi-time[0.411986]
Rank[44]: Average time = 1.290925 (ms) per step with 2000 elements, 109.38 KB over 100 steps
Rank[44]: accel-time[0.902591] update-time[0.000948] search-time[0.030528] mpi-time[0.355497]
Rank[112]: Average time = 1.289384 (ms) per step with 2000 elements, 109.38 KB over 100 steps
Rank[112]: accel-time[0.840674] update-time[0.000979] search-time[0.032110] mpi-time[0.413726]
Rank[45]: Average time = 1.291247 (ms) per step with 2000 elements, 109.38 KB over 100 steps
Rank[45]: accel-time[0.903162] update-time[0.001064] search-time[0.031192] mpi-time[0.354545]
Rank[113]: Average time = 1.289483 (ms) per step with 2000 elements, 109.38 KB over 100 steps
Rank[113]: accel-time[0.844564] update-time[0.000940] search-time[0.032375] mpi-time[0.410120]
Rank[46]: Average time = 1.291059 (ms) per step with 2000 elements, 109.38 KB over 100 steps
Rank[46]: accel-time[0.907333] update-time[0.001243] search-time[0.028625] mpi-time[0.352069]
Rank[114]: Average time = 1.289834 (ms) per step with 2000 elements, 109.38 KB over 100 steps
Rank[114]: accel-time[0.844928] update-time[0.000988] search-time[0.032650] mpi-time[0.409887]
Rank[47]: Average time = 1.290367 (ms) per step with 2000 elements, 109.38 KB over 100 steps
Rank[47]: accel-time[0.908042] update-time[0.001226] search-time[0.027541] mpi-time[0.351545]
Rank[116]: Average time = 1.289076 (ms) per step with 2000 elements, 109.38 KB over 100 steps
Rank[116]: accel-time[0.846777] update-time[0.000950] search-time[0.031198] mpi-time[0.408737]
Rank[48]: Average time = 1.291719 (ms) per step with 2000 elements, 109.38 KB over 100 steps
Rank[48]: accel-time[0.901120] update-time[0.001230] search-time[0.031811] mpi-time[0.355915]
Rank[118]: Average time = 1.289816 (ms) per step with 2000 elements, 109.38 KB over 100 steps
Rank[118]: accel-time[0.917089] update-time[0.001677] search-time[0.022180] mpi-time[0.347005]
Rank[49]: Average time = 1.290077 (ms) per step with 2000 elements, 109.38 KB over 100 steps
Rank[49]: accel-time[0.905672] update-time[0.001163] search-time[0.028595] mpi-time[0.353018]
Rank[120]: Average time = 1.289592 (ms) per step with 2000 elements, 109.38 KB over 100 steps
Rank[120]: accel-time[0.844583] update-time[0.001223] search-time[0.031525] mpi-time[0.410589]
Rank[50]: Average time = 1.290884 (ms) per step with 2000 elements, 109.38 KB over 100 steps
Rank[50]: accel-time[0.899465] update-time[0.000969] search-time[0.030739] mpi-time[0.358337]
Rank[121]: Average time = 1.289961 (ms) per step with 2000 elements, 109.38 KB over 100 steps
Rank[121]: accel-time[0.843980] update-time[0.001179] search-time[0.031796] mpi-time[0.411473]
Rank[51]: Average time = 1.290736 (ms) per step with 2000 elements, 109.38 KB over 100 steps
Rank[51]: accel-time[0.902180] update-time[0.000930] search-time[0.030801] mpi-time[0.355644]
Rank[122]: Average time = 1.289859 (ms) per step with 2000 elements, 109.38 KB over 100 steps
Rank[122]: accel-time[0.839501] update-time[0.000948] search-time[0.032365] mpi-time[0.415697]
Rank[52]: Average time = 1.291320 (ms) per step with 2000 elements, 109.38 KB over 100 steps
Rank[52]: accel-time[0.905507] update-time[0.001269] search-time[0.029579] mpi-time[0.353171]
Rank[123]: Average time = 1.289936 (ms) per step with 2000 elements, 109.38 KB over 100 steps
Rank[123]: accel-time[0.844625] update-time[0.000918] search-time[0.031309] mpi-time[0.411680]
Rank[53]: Average time = 1.291472 (ms) per step with 2000 elements, 109.38 KB over 100 steps
Rank[53]: accel-time[0.905684] update-time[0.001303] search-time[0.029799] mpi-time[0.353039]
Rank[124]: Average time = 1.289725 (ms) per step with 2000 elements, 109.38 KB over 100 steps
Rank[124]: accel-time[0.843405] update-time[0.001043] search-time[0.031570] mpi-time[0.412010]
Rank[54]: Average time = 1.291653 (ms) per step with 2000 elements, 109.38 KB over 100 steps
Rank[54]: accel-time[0.895885] update-time[0.001045] search-time[0.031462] mpi-time[0.361853]
Rank[125]: Average time = 1.289650 (ms) per step with 2000 elements, 109.38 KB over 100 steps
Rank[125]: accel-time[0.842978] update-time[0.001021] search-time[0.031733] mpi-time[0.412223]
Rank[55]: Average time = 1.290667 (ms) per step with 2000 elements, 109.38 KB over 100 steps
Rank[55]: accel-time[0.896295] update-time[0.001072] search-time[0.029869] mpi-time[0.362230]
Rank[126]: Average time = 1.289114 (ms) per step with 2000 elements, 109.38 KB over 100 steps
Rank[126]: accel-time[0.844623] update-time[0.001081] search-time[0.031342] mpi-time[0.410494]
Rank[56]: Average time = 1.290219 (ms) per step with 2000 elements, 109.38 KB over 100 steps
Rank[56]: accel-time[0.906064] update-time[0.001288] search-time[0.028474] mpi-time[0.352660]
Rank[127]: Average time = 1.289521 (ms) per step with 2000 elements, 109.38 KB over 100 steps
Rank[127]: accel-time[0.844232] update-time[0.001047] search-time[0.031370] mpi-time[0.411564]
Rank[57]: Average time = 1.291499 (ms) per step with 2000 elements, 109.38 KB over 100 steps
Rank[57]: accel-time[0.906784] update-time[0.001332] search-time[0.030063] mpi-time[0.351749]
Rank[58]: Average time = 1.290318 (ms) per step with 2000 elements, 109.38 KB over 100 steps
Rank[58]: accel-time[0.907336] update-time[0.001319] search-time[0.028640] mpi-time[0.351472]
Rank[59]: Average time = 1.290464 (ms) per step with 2000 elements, 109.38 KB over 100 steps
Rank[59]: accel-time[0.906128] update-time[0.001142] search-time[0.029254] mpi-time[0.352056]
Rank[60]: Average time = 1.291080 (ms) per step with 2000 elements, 109.38 KB over 100 steps
Rank[60]: accel-time[0.900916] update-time[0.000934] search-time[0.030021] mpi-time[0.357910]
Rank[61]: Average time = 1.290958 (ms) per step with 2000 elements, 109.38 KB over 100 steps
Rank[61]: accel-time[0.896371] update-time[0.001015] search-time[0.030683] mpi-time[0.361708]
Rank[62]: Average time = 1.290200 (ms) per step with 2000 elements, 109.38 KB over 100 steps
Rank[62]: accel-time[0.896107] update-time[0.000941] search-time[0.030579] mpi-time[0.360948]
Rank[63]: Average time = 1.290518 (ms) per step with 2000 elements, 109.38 KB over 100 steps
Rank[63]: accel-time[0.900652] update-time[0.001024] search-time[0.029875] mpi-time[0.357768]
Rank[64]: Average time = 1.289102 (ms) per step with 2000 elements, 109.38 KB over 100 steps
Rank[64]: accel-time[0.900870] update-time[0.001319] search-time[0.025594] mpi-time[0.359752]
Rank[66]: Average time = 1.291058 (ms) per step with 2000 elements, 109.38 KB over 100 steps
Rank[66]: accel-time[0.897418] update-time[0.001419] search-time[0.030208] mpi-time[0.360490]
Rank[72]: Average time = 1.290948 (ms) per step with 2000 elements, 109.38 KB over 100 steps
Rank[72]: accel-time[0.905335] update-time[0.001331] search-time[0.028222] mpi-time[0.354472]
Rank[83]: Average time = 1.289177 (ms) per step with 2000 elements, 109.38 KB over 100 steps
Rank[83]: accel-time[0.842733] update-time[0.001168] search-time[0.031562] mpi-time[0.412162]
Rank[98]: Average time = 1.290281 (ms) per step with 2000 elements, 109.38 KB over 100 steps
Rank[98]: accel-time[0.842689] update-time[0.001160] search-time[0.033834] mpi-time[0.410753]
Rank[102]: Average time = 1.289194 (ms) per step with 2000 elements, 109.38 KB over 100 steps
Rank[102]: accel-time[0.845341] update-time[0.000886] search-time[0.031725] mpi-time[0.409371]
Rank[107]: Average time = 1.290673 (ms) per step with 2000 elements, 109.38 KB over 100 steps
Rank[107]: accel-time[0.848220] update-time[0.001025] search-time[0.032260] mpi-time[0.407655]
Rank[111]: Average time = 1.289846 (ms) per step with 2000 elements, 109.38 KB over 100 steps
Rank[111]: accel-time[0.844101] update-time[0.001091] search-time[0.031180] mpi-time[0.411586]

===================================================================================
=   BAD TERMINATION OF ONE OF YOUR APPLICATION PROCESSES
=   PID 212161 RUNNING AT c455-002
=   EXIT CODE: 6
=   CLEANING UP REMAINING PROCESSES
=   YOU CAN IGNORE THE BELOW CLEANUP MESSAGES
===================================================================================
   Intel(R) MPI Library troubleshooting guide:
      https://software.intel.com/node/561764
===================================================================================
TACC:  MPI job exited with code: 6 
TACC:  Shutdown complete. Exiting. 
TACC:  Starting up job 465975 
TACC:  Starting parallel tasks... 
min/max/ave velocity = 8.039278e-01, 1.741028e+02, 9.976321e+00
TACC:  MPI job exited with code: 1 
TACC:  Shutdown complete. Exiting. 
TACC:  Starting up job 465975 
TACC:  Starting parallel tasks... 
min/max/ave velocity = 1.403953e-01, 1.303425e+03, 1.962770e+01
TACC:  MPI job exited with code: 1 
TACC:  Shutdown complete. Exiting. 
TACC:  Starting up job 465975 
TACC:  Starting parallel tasks... 
min/max/ave velocity = 2.438454e+00, 7.247885e+02, 3.845768e+01
min/max/ave velocity = 1.276982e+01, 5.863773e+04, 7.624082e+02
min/max/ave velocity = 1.281002e+01, 5.863773e+04, 7.623607e+02
min/max/ave velocity = 1.281824e+01, 5.863773e+04, 7.623471e+02
min/max/ave velocity = 1.282203e+01, 5.863773e+04, 7.623406e+02
min/max/ave velocity = 1.282425e+01, 5.863773e+04, 7.623368e+02
min/max/ave velocity = 1.282571e+01, 5.863773e+04, 7.623344e+02
min/max/ave velocity = 1.282675e+01, 5.863773e+04, 7.623326e+02
min/max/ave velocity = 1.282753e+01, 5.863773e+04, 7.623313e+02
min/max/ave velocity = 1.282813e+01, 5.863773e+04, 7.623303e+02
Rank[89]: Average time = 60.564988 (ms) per step with 16000 elements, 875.00 KB over 100 steps
Rank[89]: accel-time[54.566610] update-time[0.010677] search-time[0.467944] mpi-time[5.514965]
Rank[33]: Average time = 60.569798 (ms) per step with 16000 elements, 875.00 KB over 100 steps
Rank[33]: accel-time[54.229359] update-time[0.010938] search-time[0.525737] mpi-time[5.798830]
Rank[90]: Average time = 60.565553 (ms) per step with 16000 elements, 875.00 KB over 100 steps
Rank[90]: accel-time[54.443300] update-time[0.011105] search-time[0.483318] mpi-time[5.624328]
Rank[35]: Average time = 60.569664 (ms) per step with 16000 elements, 875.00 KB over 100 steps
Rank[35]: accel-time[54.318260] update-time[0.011387] search-time[0.523178] mpi-time[5.712695]
Rank[91]: Average time = 60.566890 (ms) per step with 16000 elements, 875.00 KB over 100 steps
Rank[91]: accel-time[54.395554] update-time[0.011322] search-time[0.488780] mpi-time[5.666668]
Rank[39]: Average time = 60.568914 (ms) per step with 16000 elements, 875.00 KB over 100 steps
Rank[39]: accel-time[54.161245] update-time[0.011473] search-time[0.542253] mpi-time[5.849300]
Rank[93]: Average time = 60.565797 (ms) per step with 16000 elements, 875.00 KB over 100 steps
Rank[93]: accel-time[54.500428] update-time[0.010878] search-time[0.479639] mpi-time[5.570429]
Rank[42]: Average time = 60.569492 (ms) per step with 16000 elements, 875.00 KB over 100 steps
Rank[42]: accel-time[54.420858] update-time[0.011036] search-time[0.520064] mpi-time[5.613182]
Rank[94]: Average time = 60.564978 (ms) per step with 16000 elements, 875.00 KB over 100 steps
Rank[94]: accel-time[54.332290] update-time[0.011113] search-time[0.491615] mpi-time[5.726192]
Rank[44]: Average time = 60.569818 (ms) per step with 16000 elements, 875.00 KB over 100 steps
Rank[44]: accel-time[54.452623] update-time[0.010834] search-time[0.518675] mpi-time[5.583452]
Rank[98]: Average time = 60.563245 (ms) per step with 16000 elements, 875.00 KB over 100 steps
Rank[98]: accel-time[54.495144] update-time[0.011578] search-time[0.480757] mpi-time[5.572105]
Rank[46]: Average time = 60.568478 (ms) per step with 16000 elements, 875.00 KB over 100 steps
Rank[46]: accel-time[54.255456] update-time[0.011439] search-time[0.539759] mpi-time[5.757996]
Rank[100]: Average time = 60.562778 (ms) per step with 16000 elements, 875.00 KB over 100 steps
Rank[100]: accel-time[54.585823] update-time[0.011254] search-time[0.472346] mpi-time[5.489916]
Rank[47]: Average time = 60.569170 (ms) per step with 16000 elements, 875.00 KB over 100 steps
Rank[47]: accel-time[54.289071] update-time[0.011514] search-time[0.543792] mpi-time[5.720236]
Rank[101]: Average time = 60.564432 (ms) per step with 16000 elements, 875.00 KB over 100 steps
Rank[101]: accel-time[54.660441] update-time[0.011093] search-time[0.467037] mpi-time[5.421575]
Rank[48]: Average time = 60.567558 (ms) per step with 16000 elements, 875.00 KB over 100 steps
Rank[48]: accel-time[54.303415] update-time[0.010404] search-time[0.533148] mpi-time[5.716981]
Rank[102]: Average time = 60.564730 (ms) per step with 16000 elements, 875.00 KB over 100 steps
Rank[102]: accel-time[54.440066] update-time[0.011356] search-time[0.486515] mpi-time[5.623131]
Rank[49]: Average time = 60.569242 (ms) per step with 16000 elements, 875.00 KB over 100 steps
Rank[49]: accel-time[54.302560] update-time[0.011357] search-time[0.535697] mpi-time[5.715278]
Rank[103]: Average time = 60.562898 (ms) per step with 16000 elements, 875.00 KB over 100 steps
Rank[103]: accel-time[54.486982] update-time[0.011606] search-time[0.479418] mpi-time[5.580407]
Rank[51]: Average time = 60.567455 (ms) per step with 16000 elements, 875.00 KB over 100 steps
Rank[51]: accel-time[54.291435] update-time[0.010997] search-time[0.545310] mpi-time[5.715124]
Rank[104]: Average time = 60.564745 (ms) per step with 16000 elements, 875.00 KB over 100 steps
Rank[104]: accel-time[54.564940] update-time[0.010969] search-time[0.473831] mpi-time[5.510951]
Rank[53]: Average time = 60.567011 (ms) per step with 16000 elements, 875.00 KB over 100 steps
Rank[53]: accel-time[54.491599] update-time[0.011315] search-time[0.519177] mpi-time[5.540164]
Rank[105]: Average time = 60.562318 (ms) per step with 16000 elements, 875.00 KB over 100 steps
Rank[105]: accel-time[54.513709] update-time[0.011320] search-time[0.479654] mpi-time[5.552994]
Rank[54]: Average time = 60.567719 (ms) per step with 16000 elements, 875.00 KB over 100 steps
Rank[54]: accel-time[54.183291] update-time[0.011808] search-time[0.549523] mpi-time[5.818962]
Rank[106]: Average time = 60.565050 (ms) per step with 16000 elements, 875.00 KB over 100 steps
Rank[106]: accel-time[54.555005] update-time[0.011755] search-time[0.477631] mpi-time[5.516806]
Rank[55]: Average time = 60.568575 (ms) per step with 16000 elements, 875.00 KB over 100 steps
Rank[55]: accel-time[54.239800] update-time[0.010760] search-time[0.545914] mpi-time[5.767473]
Rank[108]: Average time = 60.564010 (ms) per step with 16000 elements, 875.00 KB over 100 steps
Rank[108]: accel-time[54.502181] update-time[0.010864] search-time[0.487927] mpi-time[5.558603]
Rank[57]: Average time = 60.569412 (ms) per step with 16000 elements, 875.00 KB over 100 steps
Rank[57]: accel-time[56.821270] update-time[0.011457] search-time[0.284834] mpi-time[3.445267]
Rank[109]: Average time = 60.565131 (ms) per step with 16000 elements, 875.00 KB over 100 steps
Rank[109]: accel-time[54.585079] update-time[0.011010] search-time[0.481597] mpi-time[5.482776]
Rank[58]: Average time = 60.567849 (ms) per step with 16000 elements, 875.00 KB over 100 steps
Rank[58]: accel-time[54.380324] update-time[0.011086] search-time[0.544266] mpi-time[5.627915]
Rank[110]: Average time = 60.564382 (ms) per step with 16000 elements, 875.00 KB over 100 steps
Rank[110]: accel-time[54.726018] update-time[0.010923] search-time[0.463768] mpi-time[5.359201]
Rank[59]: Average time = 60.567843 (ms) per step with 16000 elements, 875.00 KB over 100 steps
Rank[59]: accel-time[54.363651] update-time[0.010933] search-time[0.544014] mpi-time[5.644062]
Rank[111]: Average time = 60.562329 (ms) per step with 16000 elements, 875.00 KB over 100 steps
Rank[111]: accel-time[54.594811] update-time[0.011212] search-time[0.473688] mpi-time[5.477322]
Root[0]: Average time = 60.569689 (ms) per step with 16000 elements, 875.00 KB over 100 steps
Root[0]: accel-time[56.820632] update-time[0.011432] search-time[0.270868] mpi-time[3.462076]
Rank[0]: Average time = 60.569689 (ms) per step with 16000 elements, 875.00 KB over 100 steps
Rank[0]: accel-time[56.820632] update-time[0.011432] search-time[0.270868] mpi-time[3.462076]
Rank[112]: Average time = 60.562593 (ms) per step with 16000 elements, 875.00 KB over 100 steps
Rank[112]: accel-time[54.342598] update-time[0.010811] search-time[0.505789] mpi-time[5.699074]
Rank[1]: Average time = 60.569872 (ms) per step with 16000 elements, 875.00 KB over 100 steps
Rank[1]: accel-time[54.716399] update-time[0.010875] search-time[0.457200] mpi-time[5.380608]
Rank[113]: Average time = 60.565662 (ms) per step with 16000 elements, 875.00 KB over 100 steps
Rank[113]: accel-time[54.479051] update-time[0.011377] search-time[0.493602] mpi-time[5.576809]
Rank[2]: Average time = 60.571927 (ms) per step with 16000 elements, 875.00 KB over 100 steps
Rank[2]: accel-time[54.223804] update-time[0.011098] search-time[0.510981] mpi-time[5.823159]
Rank[114]: Average time = 60.563929 (ms) per step with 16000 elements, 875.00 KB over 100 steps
Rank[114]: accel-time[54.302522] update-time[0.011331] search-time[0.509810] mpi-time[5.735630]
Rank[3]: Average time = 60.573218 (ms) per step with 16000 elements, 875.00 KB over 100 steps
Rank[3]: accel-time[54.279725] update-time[0.010317] search-time[0.508937] mpi-time[5.769962]
Rank[115]: Average time = 60.565660 (ms) per step with 16000 elements, 875.00 KB over 100 steps
Rank[115]: accel-time[54.397467] update-time[0.010419] search-time[0.501516] mpi-time[5.651397]
Rank[4]: Average time = 60.570994 (ms) per step with 16000 elements, 875.00 KB over 100 steps
Rank[4]: accel-time[54.327567] update-time[0.011152] search-time[0.497904] mpi-time[5.731347]
Rank[117]: Average time = 60.563607 (ms) per step with 16000 elements, 875.00 KB over 100 steps
Rank[117]: accel-time[55.336436] update-time[0.011931] search-time[0.416341] mpi-time[4.794114]
Rank[5]: Average time = 60.569507 (ms) per step with 16000 elements, 875.00 KB over 100 steps
Rank[5]: accel-time[54.401010] update-time[0.010787] search-time[0.490869] mpi-time[5.662494]
Rank[124]: Average time = 60.564638 (ms) per step with 16000 elements, 875.00 KB over 100 steps
Rank[124]: accel-time[54.687379] update-time[0.010619] search-time[0.478605] mpi-time[5.383295]
Rank[6]: Average time = 60.571440 (ms) per step with 16000 elements, 875.00 KB over 100 steps
Rank[6]: accel-time[54.347814] update-time[0.011336] search-time[0.495825] mpi-time[5.713582]
Rank[125]: Average time = 60.566350 (ms) per step with 16000 elements, 875.00 KB over 100 steps
Rank[125]: accel-time[54.664719] update-time[0.011063] search-time[0.482473] mpi-time[5.403657]
Rank[7]: Average time = 60.572235 (ms) per step with 16000 elements, 875.00 KB over 100 steps
Rank[7]: accel-time[54.280237] update-time[0.011516] search-time[0.505849] mpi-time[5.770223]
Rank[65]: Average time = 60.568929 (ms) per step with 16000 elements, 875.00 KB over 100 steps
Rank[65]: accel-time[54.575108] update-time[0.011735] search-time[0.441127] mpi-time[5.536160]
Rank[8]: Average time = 60.571996 (ms) per step with 16000 elements, 875.00 KB over 100 steps
Rank[8]: accel-time[54.190274] update-time[0.011257] search-time[0.515598] mpi-time[5.852156]
Rank[66]: Average time = 60.569503 (ms) per step with 16000 elements, 875.00 KB over 100 steps
Rank[66]: accel-time[54.310856] update-time[0.011216] search-time[0.467606] mpi-time[5.776833]
Rank[9]: Average time = 60.572226 (ms) per step with 16000 elements, 875.00 KB over 100 steps
Rank[9]: accel-time[54.138401] update-time[0.011657] search-time[0.525832] mpi-time[5.891622]
Rank[67]: Average time = 60.569626 (ms) per step with 16000 elements, 875.00 KB over 100 steps
Rank[67]: accel-time[54.417792] update-time[0.010380] search-time[0.455394] mpi-time[5.681893]
Rank[10]: Average time = 60.571822 (ms) per step with 16000 elements, 875.00 KB over 100 steps
Rank[10]: accel-time[54.360225] update-time[0.010929] search-time[0.501094] mpi-time[5.696470]
Rank[69]: Average time = 60.569929 (ms) per step with 16000 elements, 875.00 KB over 100 steps
Rank[69]: accel-time[54.494315] update-time[0.011471] search-time[0.452665] mpi-time[5.607223]
Rank[11]: Average time = 60.570716 (ms) per step with 16000 elements, 875.00 KB over 100 steps
Rank[11]: accel-time[54.350922] update-time[0.011043] search-time[0.501719] mpi-time[5.702799]
Rank[70]: Average time = 60.569921 (ms) per step with 16000 elements, 875.00 KB over 100 steps
Rank[70]: accel-time[54.636952] update-time[0.011078] search-time[0.436949] mpi-time[5.481710]
Rank[12]: Average time = 60.569985 (ms) per step with 16000 elements, 875.00 KB over 100 steps
Rank[12]: accel-time[54.438819] update-time[0.011766] search-time[0.491349] mpi-time[5.624902]
Rank[71]: Average time = 60.569843 (ms) per step with 16000 elements, 875.00 KB over 100 steps
Rank[71]: accel-time[54.839230] update-time[0.010483] search-time[0.417805] mpi-time[5.298143]
Rank[13]: Average time = 60.568951 (ms) per step with 16000 elements, 875.00 KB over 100 steps
Rank[13]: accel-time[54.527826] update-time[0.011181] search-time[0.482810] mpi-time[5.542785]
Rank[72]: Average time = 60.570245 (ms) per step with 16000 elements, 875.00 KB over 100 steps
Rank[72]: accel-time[54.562883] update-time[0.011337] search-time[0.449753] mpi-time[5.543101]
Rank[14]: Average time = 60.571257 (ms) per step with 16000 elements, 875.00 KB over 100 steps
Rank[14]: accel-time[54.249354] update-time[0.011089] search-time[0.514363] mpi-time[5.793224]
Rank[73]: Average time = 60.570965 (ms) per step with 16000 elements, 875.00 KB over 100 steps
Rank[73]: accel-time[54.581363] update-time[0.011583] search-time[0.447061] mpi-time[5.526486]
Rank[15]: Average time = 60.572127 (ms) per step with 16000 elements, 875.00 KB over 100 steps
Rank[15]: accel-time[54.265894] update-time[0.011399] search-time[0.516373] mpi-time[5.774107]
Rank[74]: Average time = 60.570443 (ms) per step with 16000 elements, 875.00 KB over 100 steps
Rank[74]: accel-time[54.405368] update-time[0.010979] search-time[0.463541] mpi-time[5.687312]
Rank[16]: Average time = 60.571030 (ms) per step with 16000 elements, 875.00 KB over 100 steps
Rank[16]: accel-time[54.187122] update-time[0.011404] search-time[0.519888] mpi-time[5.848956]
Rank[75]: Average time = 60.568515 (ms) per step with 16000 elements, 875.00 KB over 100 steps
Rank[75]: accel-time[54.536078] update-time[0.011055] search-time[0.450851] mpi-time[5.565748]
Rank[17]: Average time = 60.569876 (ms) per step with 16000 elements, 875.00 KB over 100 steps
Rank[17]: accel-time[54.288094] update-time[0.011115] search-time[0.510619] mpi-time[5.755602]
Rank[76]: Average time = 60.569847 (ms) per step with 16000 elements, 875.00 KB over 100 steps
Rank[76]: accel-time[54.492515] update-time[0.011010] search-time[0.460740] mpi-time[5.602006]
Rank[18]: Average time = 60.571048 (ms) per step with 16000 elements, 875.00 KB over 100 steps
Rank[18]: accel-time[54.172258] update-time[0.011157] search-time[0.519749] mpi-time[5.864393]
Rank[77]: Average time = 60.570670 (ms) per step with 16000 elements, 875.00 KB over 100 steps
Rank[77]: accel-time[54.454034] update-time[0.011340] search-time[0.465675] mpi-time[5.635323]
Rank[19]: Average time = 60.570178 (ms) per step with 16000 elements, 875.00 KB over 100 steps
Rank[19]: accel-time[54.254903] update-time[0.011107] search-time[0.513898] mpi-time[5.785700]
Rank[78]: Average time = 60.569717 (ms) per step with 16000 elements, 875.00 KB over 100 steps
Rank[78]: accel-time[54.258162] update-time[0.011456] search-time[0.483564] mpi-time[5.812880]
Rank[20]: Average time = 60.569211 (ms) per step with 16000 elements, 875.00 KB over 100 steps
Rank[20]: accel-time[54.228719] update-time[0.011078] search-time[0.515585] mpi-time[5.810738]
Rank[79]: Average time = 60.570295 (ms) per step with 16000 elements, 875.00 KB over 100 steps
Rank[79]: accel-time[54.365452] update-time[0.010504] search-time[0.474558] mpi-time[5.715155]
Rank[21]: Average time = 60.570106 (ms) per step with 16000 elements, 875.00 KB over 100 steps
Rank[21]: accel-time[54.207395] update-time[0.011310] search-time[0.520805] mpi-time[5.826107]
Rank[80]: Average time = 60.568647 (ms) per step with 16000 elements, 875.00 KB over 100 steps
Rank[80]: accel-time[54.493531] update-time[0.011370] search-time[0.463682] mpi-time[5.596645]
Rank[22]: Average time = 60.569823 (ms) per step with 16000 elements, 875.00 KB over 100 steps
Rank[22]: accel-time[54.250821] update-time[0.011017] search-time[0.519274] mpi-time[5.785645]
Rank[81]: Average time = 60.568596 (ms) per step with 16000 elements, 875.00 KB over 100 steps
Rank[81]: accel-time[54.496719] update-time[0.011175] search-time[0.465978] mpi-time[5.590194]
Rank[23]: Average time = 60.569774 (ms) per step with 16000 elements, 875.00 KB over 100 steps
Rank[23]: accel-time[54.200987] update-time[0.011676] search-time[0.524618] mpi-time[5.827900]
Rank[82]: Average time = 60.570058 (ms) per step with 16000 elements, 875.00 KB over 100 steps
Rank[82]: accel-time[54.476274] update-time[0.011345] search-time[0.469404] mpi-time[5.609252]
Rank[24]: Average time = 60.568419 (ms) per step with 16000 elements, 875.00 KB over 100 steps
Rank[24]: accel-time[54.320072] update-time[0.011248] search-time[0.512082] mpi-time[5.721397]
Rank[83]: Average time = 60.568622 (ms) per step with 16000 elements, 875.00 KB over 100 steps
Rank[83]: accel-time[54.382239] update-time[0.011519] search-time[0.476904] mpi-time[5.693441]
Rank[25]: Average time = 60.570506 (ms) per step with 16000 elements, 875.00 KB over 100 steps
Rank[25]: accel-time[54.338897] update-time[0.010699] search-time[0.511562] mpi-time[5.704824]
Rank[84]: Average time = 60.570110 (ms) per step with 16000 elements, 875.00 KB over 100 steps
Rank[84]: accel-time[54.420552] update-time[0.011310] search-time[0.479246] mpi-time[5.655666]
Rank[26]: Average time = 60.569617 (ms) per step with 16000 elements, 875.00 KB over 100 steps
Rank[26]: accel-time[54.064770] update-time[0.010420] search-time[0.541252] mpi-time[5.950014]
Rank[85]: Average time = 60.570086 (ms) per step with 16000 elements, 875.00 KB over 100 steps
Rank[85]: accel-time[54.433963] update-time[0.011223] search-time[0.477702] mpi-time[5.642484]
Rank[27]: Average time = 60.568720 (ms) per step with 16000 elements, 875.00 KB over 100 steps
Rank[27]: accel-time[54.016289] update-time[0.010929] search-time[0.546247] mpi-time[5.990593]
Rank[86]: Average time = 60.566212 (ms) per step with 16000 elements, 875.00 KB over 100 steps
Rank[86]: accel-time[54.331729] update-time[0.011422] search-time[0.491228] mpi-time[5.728441]
Rank[28]: Average time = 60.570231 (ms) per step with 16000 elements, 875.00 KB over 100 steps
Rank[28]: accel-time[54.440603] update-time[0.011311] search-time[0.502875] mpi-time[5.612271]
Rank[87]: Average time = 60.564241 (ms) per step with 16000 elements, 875.00 KB over 100 steps
Rank[87]: accel-time[54.383682] update-time[0.010790] search-time[0.485021] mpi-time[5.679944]
Rank[29]: Average time = 60.570756 (ms) per step with 16000 elements, 875.00 KB over 100 steps
Rank[29]: accel-time[54.423244] update-time[0.011347] search-time[0.508390] mpi-time[5.623029]
Rank[88]: Average time = 60.564389 (ms) per step with 16000 elements, 875.00 KB over 100 steps
Rank[88]: accel-time[54.572296] update-time[0.011313] search-time[0.466937] mpi-time[5.510529]
Rank[30]: Average time = 60.570782 (ms) per step with 16000 elements, 875.00 KB over 100 steps
Rank[30]: accel-time[54.334831] update-time[0.011330] search-time[0.516410] mpi-time[5.704468]
Rank[92]: Average time = 60.566389 (ms) per step with 16000 elements, 875.00 KB over 100 steps
Rank[92]: accel-time[54.516432] update-time[0.010831] search-time[0.477548] mpi-time[5.558127]
Rank[31]: Average time = 60.570338 (ms) per step with 16000 elements, 875.00 KB over 100 steps
Rank[31]: accel-time[54.439323] update-time[0.011238] search-time[0.504391] mpi-time[5.610588]
Rank[95]: Average time = 60.564253 (ms) per step with 16000 elements, 875.00 KB over 100 steps
Rank[95]: accel-time[54.363226] update-time[0.011125] search-time[0.487536] mpi-time[5.697926]
Rank[32]: Average time = 60.569988 (ms) per step with 16000 elements, 875.00 KB over 100 steps
Rank[32]: accel-time[54.274089] update-time[0.010908] search-time[0.522489] mpi-time[5.758925]
Rank[96]: Average time = 60.564911 (ms) per step with 16000 elements, 875.00 KB over 100 steps
Rank[96]: accel-time[54.513343] update-time[0.010912] search-time[0.475093] mpi-time[5.561334]
Rank[34]: Average time = 60.570577 (ms) per step with 16000 elements, 875.00 KB over 100 steps
Rank[34]: accel-time[54.294955] update-time[0.011139] search-time[0.527769] mpi-time[5.733255]
Rank[97]: Average time = 60.564625 (ms) per step with 16000 elements, 875.00 KB over 100 steps
Rank[97]: accel-time[54.460408] update-time[0.011022] search-time[0.479670] mpi-time[5.608732]
Rank[36]: Average time = 60.568026 (ms) per step with 16000 elements, 875.00 KB over 100 steps
Rank[36]: accel-time[54.155985] update-time[0.011504] search-time[0.538620] mpi-time[5.858374]
Rank[99]: Average time = 60.563321 (ms) per step with 16000 elements, 875.00 KB over 100 steps
Rank[99]: accel-time[54.541153] update-time[0.011124] search-time[0.475540] mpi-time[5.531012]
Rank[37]: Average time = 60.570335 (ms) per step with 16000 elements, 875.00 KB over 100 steps
Rank[37]: accel-time[54.135116] update-time[0.010624] search-time[0.542380] mpi-time[5.877842]
Rank[116]: Average time = 60.564224 (ms) per step with 16000 elements, 875.00 KB over 100 steps
Rank[116]: accel-time[59.195351] update-time[0.011831] search-time[0.021527] mpi-time[1.330314]
Rank[38]: Average time = 60.568982 (ms) per step with 16000 elements, 875.00 KB over 100 steps
Rank[38]: accel-time[54.131795] update-time[0.011171] search-time[0.544126] mpi-time[5.878517]
Rank[118]: Average time = 60.564137 (ms) per step with 16000 elements, 875.00 KB over 100 steps
Rank[118]: accel-time[54.425911] update-time[0.010828] search-time[0.504982] mpi-time[5.617934]
Rank[40]: Average time = 60.569568 (ms) per step with 16000 elements, 875.00 KB over 100 steps
Rank[40]: accel-time[54.139605] update-time[0.011414] search-time[0.546028] mpi-time[5.868577]
Rank[119]: Average time = 60.564188 (ms) per step with 16000 elements, 875.00 KB over 100 steps
Rank[119]: accel-time[54.413129] update-time[0.011183] search-time[0.507310] mpi-time[5.628120]
Rank[41]: Average time = 60.569484 (ms) per step with 16000 elements, 875.00 KB over 100 steps
Rank[41]: accel-time[54.212458] update-time[0.011300] search-time[0.534293] mpi-time[5.806575]
Rank[120]: Average time = 60.563802 (ms) per step with 16000 elements, 875.00 KB over 100 steps
Rank[120]: accel-time[54.497062] update-time[0.011739] search-time[0.492916] mpi-time[5.557595]
Rank[43]: Average time = 60.568580 (ms) per step with 16000 elements, 875.00 KB over 100 steps
Rank[43]: accel-time[54.463341] update-time[0.010942] search-time[0.515795] mpi-time[5.573273]
Rank[121]: Average time = 60.563609 (ms) per step with 16000 elements, 875.00 KB over 100 steps
Rank[121]: accel-time[54.550427] update-time[0.010943] search-time[0.487347] mpi-time[5.510458]
Rank[45]: Average time = 60.568514 (ms) per step with 16000 elements, 875.00 KB over 100 steps
Rank[45]: accel-time[54.385989] update-time[0.011549] search-time[0.524917] mpi-time[5.641395]
Rank[122]: Average time = 60.564287 (ms) per step with 16000 elements, 875.00 KB over 100 steps
Rank[122]: accel-time[54.257066] update-time[0.011344] search-time[0.522449] mpi-time[5.768621]
Rank[50]: Average time = 60.567509 (ms) per step with 16000 elements, 875.00 KB over 100 steps
Rank[50]: accel-time[54.203991] update-time[0.011591] search-time[0.553549] mpi-time[5.794551]
Rank[123]: Average time = 60.566295 (ms) per step with 16000 elements, 875.00 KB over 100 steps
Rank[123]: accel-time[54.280222] update-time[0.010365] search-time[0.520564] mpi-time[5.750743]
Rank[52]: Average time = 60.569213 (ms) per step with 16000 elements, 875.00 KB over 100 steps
Rank[52]: accel-time[54.552535] update-time[0.011373] search-time[0.505145] mpi-time[5.496198]
Rank[126]: Average time = 60.566466 (ms) per step with 16000 elements, 875.00 KB over 100 steps
Rank[126]: accel-time[54.481778] update-time[0.011385] search-time[0.504221] mpi-time[5.564266]
Rank[56]: Average time = 60.567405 (ms) per step with 16000 elements, 875.00 KB over 100 steps
Rank[56]: accel-time[54.785170] update-time[0.010843] search-time[0.495217] mpi-time[5.271939]
Rank[64]: Average time = 60.568786 (ms) per step with 16000 elements, 875.00 KB over 100 steps
Rank[64]: accel-time[54.794817] update-time[0.011717] search-time[0.420217] mpi-time[5.338309]
Rank[60]: Average time = 60.567579 (ms) per step with 16000 elements, 875.00 KB over 100 steps
Rank[60]: accel-time[54.285263] update-time[0.011368] search-time[0.555892] mpi-time[5.711136]
Rank[68]: Average time = 60.568714 (ms) per step with 16000 elements, 875.00 KB over 100 steps
Rank[68]: accel-time[54.513033] update-time[0.010650] search-time[0.448391] mpi-time[5.593613]
Rank[61]: Average time = 60.569178 (ms) per step with 16000 elements, 875.00 KB over 100 steps
Rank[61]: accel-time[54.324970] update-time[0.011542] search-time[0.553354] mpi-time[5.673281]
Rank[127]: Average time = 60.572777 (ms) per step with 16000 elements, 875.00 KB over 100 steps
Rank[127]: accel-time[54.587642] update-time[0.011106] search-time[0.434521] mpi-time[5.535820]
Rank[62]: Average time = 60.570072 (ms) per step with 16000 elements, 875.00 KB over 100 steps
Rank[62]: accel-time[54.312200] update-time[0.011285] search-time[0.554870] mpi-time[5.686306]
Rank[107]: Average time = 60.562537 (ms) per step with 16000 elements, 875.00 KB over 100 steps
Rank[107]: accel-time[54.652039] update-time[0.010913] search-time[0.468984] mpi-time[5.426152]
Rank[63]: Average time = 60.569046 (ms) per step with 16000 elements, 875.00 KB over 100 steps
Rank[63]: accel-time[54.421741] update-time[0.010945] search-time[0.495067] mpi-time[5.637086]
TACC:  Shutdown complete. Exiting. 
