TACC:  Starting up job 465975 
TACC:  Starting parallel tasks... 
min/max/ave velocity = 2.458533e-01, 2.904400e+01, 2.636857e+00
min/max/ave velocity = 2.179464e+00, 2.799778e+03, 5.139441e+01
min/max/ave velocity = 9.156583e-03, 2.799778e+03, 4.622203e+01
min/max/ave velocity = 6.435579e-03, 2.799778e+03, 4.530194e+01
min/max/ave velocity = 6.199608e-03, 2.799777e+03, 4.490635e+01
min/max/ave velocity = 6.084285e-03, 2.799777e+03, 4.494770e+01
min/max/ave velocity = 5.923929e-03, 2.799777e+03, 4.454956e+01
min/max/ave velocity = 5.352399e-03, 2.799777e+03, 4.444639e+01
min/max/ave velocity = 4.243676e-03, 2.799777e+03, 4.437755e+01
min/max/ave velocity = 4.357438e-03, 2.799777e+03, 4.431645e+01
Root[0]: Average time = 0.459060 (ms) per step with 1000 elements, 54.69 KB over 100 steps
Root[0]: accel-time[0.121201] update-time[0.000806] search-time[0.084015] mpi-time[0.251667]
Rank[0]: Average time = 0.459060 (ms) per step with 1000 elements, 54.69 KB over 100 steps
Rank[0]: accel-time[0.121201] update-time[0.000806] search-time[0.084015] mpi-time[0.251667]
Rank[7]: Average time = 0.459911 (ms) per step with 1000 elements, 54.69 KB over 100 steps
Rank[7]: accel-time[0.109661] update-time[0.000592] search-time[0.069964] mpi-time[0.278478]
Rank[83]: Average time = 0.459923 (ms) per step with 1000 elements, 54.69 KB over 100 steps
Rank[83]: accel-time[0.111404] update-time[0.000646] search-time[0.028724] mpi-time[0.317995]
Rank[178]: Average time = 0.454518 (ms) per step with 1000 elements, 54.69 KB over 100 steps
Rank[178]: accel-time[0.109671] update-time[0.000580] search-time[0.071269] mpi-time[0.271722]
Rank[199]: Average time = 0.453977 (ms) per step with 1000 elements, 54.69 KB over 100 steps
Rank[199]: accel-time[0.110906] update-time[0.000600] search-time[0.067384] mpi-time[0.273954]
Rank[23]: Average time = 0.459671 (ms) per step with 1000 elements, 54.69 KB over 100 steps
Rank[23]: accel-time[0.110787] update-time[0.000656] search-time[0.069923] mpi-time[0.276962]
Rank[99]: Average time = 0.459752 (ms) per step with 1000 elements, 54.69 KB over 100 steps
Rank[99]: accel-time[0.111147] update-time[0.000629] search-time[0.029091] mpi-time[0.317652]
Rank[188]: Average time = 0.454587 (ms) per step with 1000 elements, 54.69 KB over 100 steps
Rank[188]: accel-time[0.109634] update-time[0.000549] search-time[0.070978] mpi-time[0.272301]
Rank[210]: Average time = 0.453654 (ms) per step with 1000 elements, 54.69 KB over 100 steps
Rank[210]: accel-time[0.109940] update-time[0.000597] search-time[0.068470] mpi-time[0.273328]
Rank[31]: Average time = 0.459411 (ms) per step with 1000 elements, 54.69 KB over 100 steps
Rank[31]: accel-time[0.110056] update-time[0.000684] search-time[0.069536] mpi-time[0.277905]
Rank[111]: Average time = 0.459070 (ms) per step with 1000 elements, 54.69 KB over 100 steps
Rank[111]: accel-time[0.111128] update-time[0.000618] search-time[0.027784] mpi-time[0.318271]
Rank[189]: Average time = 0.453858 (ms) per step with 1000 elements, 54.69 KB over 100 steps
Rank[189]: accel-time[0.109658] update-time[0.000694] search-time[0.070127] mpi-time[0.272309]
Rank[223]: Average time = 0.454129 (ms) per step with 1000 elements, 54.69 KB over 100 steps
Rank[223]: accel-time[0.110711] update-time[0.000615] search-time[0.067959] mpi-time[0.273696]
Rank[2]: Average time = 0.459184 (ms) per step with 1000 elements, 54.69 KB over 100 steps
Rank[2]: accel-time[0.109700] update-time[0.000583] search-time[0.069346] mpi-time[0.278459]
Rank[190]: Average time = 0.454370 (ms) per step with 1000 elements, 54.69 KB over 100 steps
Rank[190]: accel-time[0.110620] update-time[0.000648] search-time[0.070463] mpi-time[0.271506]
Rank[224]: Average time = 0.453441 (ms) per step with 1000 elements, 54.69 KB over 100 steps
Rank[224]: accel-time[0.110616] update-time[0.000628] search-time[0.067103] mpi-time[0.273657]
Rank[3]: Average time = 0.460294 (ms) per step with 1000 elements, 54.69 KB over 100 steps
Rank[3]: accel-time[0.109929] update-time[0.000567] search-time[0.070128] mpi-time[0.278625]
Rank[225]: Average time = 0.454351 (ms) per step with 1000 elements, 54.69 KB over 100 steps
Rank[225]: accel-time[0.110932] update-time[0.000804] search-time[0.067812] mpi-time[0.273645]
Rank[6]: Average time = 0.460149 (ms) per step with 1000 elements, 54.69 KB over 100 steps
Rank[6]: accel-time[0.110856] update-time[0.000598] search-time[0.070522] mpi-time[0.277065]
Rank[64]: Average time = 0.458637 (ms) per step with 1000 elements, 54.69 KB over 100 steps
Rank[64]: accel-time[0.111243] update-time[0.000623] search-time[0.026978] mpi-time[0.318510]
Rank[128]: Average time = 0.453188 (ms) per step with 1000 elements, 54.69 KB over 100 steps
Rank[128]: accel-time[0.111041] update-time[0.000803] search-time[0.070902] mpi-time[0.269080]
Rank[226]: Average time = 0.454503 (ms) per step with 1000 elements, 54.69 KB over 100 steps
Rank[226]: accel-time[0.110366] update-time[0.000597] search-time[0.068677] mpi-time[0.273685]
Rank[8]: Average time = 0.459427 (ms) per step with 1000 elements, 54.69 KB over 100 steps
Rank[8]: accel-time[0.110775] update-time[0.000684] search-time[0.069026] mpi-time[0.277371]
Rank[65]: Average time = 0.458990 (ms) per step with 1000 elements, 54.69 KB over 100 steps
Rank[65]: accel-time[0.111493] update-time[0.000609] search-time[0.026965] mpi-time[0.318562]
Rank[130]: Average time = 0.453484 (ms) per step with 1000 elements, 54.69 KB over 100 steps
Rank[130]: accel-time[0.111580] update-time[0.000644] search-time[0.069657] mpi-time[0.270323]
Rank[238]: Average time = 0.453914 (ms) per step with 1000 elements, 54.69 KB over 100 steps
Rank[238]: accel-time[0.082425] update-time[0.000524] search-time[0.070437] mpi-time[0.299491]
Rank[9]: Average time = 0.459402 (ms) per step with 1000 elements, 54.69 KB over 100 steps
Rank[9]: accel-time[0.109976] update-time[0.000677] search-time[0.069646] mpi-time[0.277827]
Rank[66]: Average time = 0.460056 (ms) per step with 1000 elements, 54.69 KB over 100 steps
Rank[66]: accel-time[0.109964] update-time[0.000544] search-time[0.028639] mpi-time[0.319756]
Rank[131]: Average time = 0.453512 (ms) per step with 1000 elements, 54.69 KB over 100 steps
Rank[131]: accel-time[0.111665] update-time[0.000665] search-time[0.069713] mpi-time[0.270097]
Rank[240]: Average time = 0.454482 (ms) per step with 1000 elements, 54.69 KB over 100 steps
Rank[240]: accel-time[0.083415] update-time[0.000559] search-time[0.070977] mpi-time[0.298458]
Rank[10]: Average time = 0.460033 (ms) per step with 1000 elements, 54.69 KB over 100 steps
Rank[10]: accel-time[0.110220] update-time[0.000631] search-time[0.070433] mpi-time[0.277682]
Rank[67]: Average time = 0.459230 (ms) per step with 1000 elements, 54.69 KB over 100 steps
Rank[67]: accel-time[0.110199] update-time[0.000551] search-time[0.027934] mpi-time[0.319479]
Rank[132]: Average time = 0.454165 (ms) per step with 1000 elements, 54.69 KB over 100 steps
Rank[132]: accel-time[0.111013] update-time[0.000663] search-time[0.070560] mpi-time[0.270678]
Rank[249]: Average time = 0.454300 (ms) per step with 1000 elements, 54.69 KB over 100 steps
Rank[249]: accel-time[0.082637] update-time[0.000543] search-time[0.070952] mpi-time[0.299119]
Rank[13]: Average time = 0.459154 (ms) per step with 1000 elements, 54.69 KB over 100 steps
Rank[13]: accel-time[0.109606] update-time[0.000567] search-time[0.069408] mpi-time[0.278320]
Rank[68]: Average time = 0.459879 (ms) per step with 1000 elements, 54.69 KB over 100 steps
Rank[68]: accel-time[0.110999] update-time[0.000649] search-time[0.027479] mpi-time[0.319564]
Rank[133]: Average time = 0.454487 (ms) per step with 1000 elements, 54.69 KB over 100 steps
Rank[133]: accel-time[0.110518] update-time[0.000665] search-time[0.070631] mpi-time[0.271150]
Rank[251]: Average time = 0.454739 (ms) per step with 1000 elements, 54.69 KB over 100 steps
Rank[251]: accel-time[0.083447] update-time[0.000554] search-time[0.071583] mpi-time[0.297985]
Rank[14]: Average time = 0.460123 (ms) per step with 1000 elements, 54.69 KB over 100 steps
Rank[14]: accel-time[0.110106] update-time[0.000799] search-time[0.069701] mpi-time[0.278177]
Rank[70]: Average time = 0.459913 (ms) per step with 1000 elements, 54.69 KB over 100 steps
Rank[70]: accel-time[0.111347] update-time[0.000641] search-time[0.028211] mpi-time[0.318410]
Rank[136]: Average time = 0.453921 (ms) per step with 1000 elements, 54.69 KB over 100 steps
Rank[136]: accel-time[0.109346] update-time[0.000546] search-time[0.069841] mpi-time[0.273165]
Rank[16]: Average time = 0.460068 (ms) per step with 1000 elements, 54.69 KB over 100 steps
Rank[16]: accel-time[0.110036] update-time[0.000579] search-time[0.070411] mpi-time[0.277942]
Rank[71]: Average time = 0.459964 (ms) per step with 1000 elements, 54.69 KB over 100 steps
Rank[71]: accel-time[0.110247] update-time[0.000668] search-time[0.028198] mpi-time[0.319491]
Rank[137]: Average time = 0.454591 (ms) per step with 1000 elements, 54.69 KB over 100 steps
Rank[137]: accel-time[0.109209] update-time[0.000533] search-time[0.071103] mpi-time[0.272624]
Rank[20]: Average time = 0.460109 (ms) per step with 1000 elements, 54.69 KB over 100 steps
Rank[20]: accel-time[0.109348] update-time[0.000575] search-time[0.070539] mpi-time[0.278646]
Rank[76]: Average time = 0.460007 (ms) per step with 1000 elements, 54.69 KB over 100 steps
Rank[76]: accel-time[0.111932] update-time[0.000661] search-time[0.028539] mpi-time[0.317423]
Rank[138]: Average time = 0.454188 (ms) per step with 1000 elements, 54.69 KB over 100 steps
Rank[138]: accel-time[0.110445] update-time[0.000656] search-time[0.070245] mpi-time[0.271629]
Rank[192]: Average time = 0.453366 (ms) per step with 1000 elements, 54.69 KB over 100 steps
Rank[192]: accel-time[0.110870] update-time[0.000587] search-time[0.067231] mpi-time[0.273496]
Rank[21]: Average time = 0.460063 (ms) per step with 1000 elements, 54.69 KB over 100 steps
Rank[21]: accel-time[0.109256] update-time[0.000553] search-time[0.070624] mpi-time[0.278436]
Rank[78]: Average time = 0.459941 (ms) per step with 1000 elements, 54.69 KB over 100 steps
Rank[78]: accel-time[0.109525] update-time[0.000561] search-time[0.028270] mpi-time[0.320568]
Rank[140]: Average time = 0.454598 (ms) per step with 1000 elements, 54.69 KB over 100 steps
Rank[140]: accel-time[0.109740] update-time[0.000533] search-time[0.071006] mpi-time[0.271994]
Rank[193]: Average time = 0.453757 (ms) per step with 1000 elements, 54.69 KB over 100 steps
Rank[193]: accel-time[0.110581] update-time[0.000625] search-time[0.067207] mpi-time[0.274113]
Rank[22]: Average time = 0.459807 (ms) per step with 1000 elements, 54.69 KB over 100 steps
Rank[22]: accel-time[0.111245] update-time[0.000664] search-time[0.070388] mpi-time[0.276210]
Rank[80]: Average time = 0.459509 (ms) per step with 1000 elements, 54.69 KB over 100 steps
Rank[80]: accel-time[0.111020] update-time[0.000607] search-time[0.027682] mpi-time[0.319031]
Rank[141]: Average time = 0.454609 (ms) per step with 1000 elements, 54.69 KB over 100 steps
Rank[141]: accel-time[0.109541] update-time[0.000533] search-time[0.071253] mpi-time[0.271931]
Rank[194]: Average time = 0.454048 (ms) per step with 1000 elements, 54.69 KB over 100 steps
Rank[194]: accel-time[0.110190] update-time[0.000584] search-time[0.068014] mpi-time[0.274157]
Rank[24]: Average time = 0.460087 (ms) per step with 1000 elements, 54.69 KB over 100 steps
Rank[24]: accel-time[0.109230] update-time[0.000553] search-time[0.070152] mpi-time[0.279074]
Rank[82]: Average time = 0.459880 (ms) per step with 1000 elements, 54.69 KB over 100 steps
Rank[82]: accel-time[0.111041] update-time[0.000645] search-time[0.028652] mpi-time[0.318051]
Rank[142]: Average time = 0.453583 (ms) per step with 1000 elements, 54.69 KB over 100 steps
Rank[142]: accel-time[0.110345] update-time[0.000656] search-time[0.069445] mpi-time[0.271757]
Rank[195]: Average time = 0.453699 (ms) per step with 1000 elements, 54.69 KB over 100 steps
Rank[195]: accel-time[0.110664] update-time[0.000601] search-time[0.067882] mpi-time[0.273317]
Rank[26]: Average time = 0.459644 (ms) per step with 1000 elements, 54.69 KB over 100 steps
Rank[26]: accel-time[0.109932] update-time[0.000657] search-time[0.069956] mpi-time[0.277664]
Rank[87]: Average time = 0.458720 (ms) per step with 1000 elements, 54.69 KB over 100 steps
Rank[87]: accel-time[0.109767] update-time[0.000552] search-time[0.027288] mpi-time[0.320076]
Rank[144]: Average time = 0.454513 (ms) per step with 1000 elements, 54.69 KB over 100 steps
Rank[144]: accel-time[0.109725] update-time[0.000545] search-time[0.070783] mpi-time[0.272404]
Rank[196]: Average time = 0.453949 (ms) per step with 1000 elements, 54.69 KB over 100 steps
Rank[196]: accel-time[0.109933] update-time[0.000523] search-time[0.067526] mpi-time[0.274857]
Rank[27]: Average time = 0.459541 (ms) per step with 1000 elements, 54.69 KB over 100 steps
Rank[27]: accel-time[0.110037] update-time[0.000660] search-time[0.069546] mpi-time[0.277839]
Rank[88]: Average time = 0.458908 (ms) per step with 1000 elements, 54.69 KB over 100 steps
Rank[88]: accel-time[0.109500] update-time[0.000561] search-time[0.028128] mpi-time[0.319700]
Rank[145]: Average time = 0.453606 (ms) per step with 1000 elements, 54.69 KB over 100 steps
Rank[145]: accel-time[0.109705] update-time[0.000555] search-time[0.070614] mpi-time[0.271415]
Rank[197]: Average time = 0.454247 (ms) per step with 1000 elements, 54.69 KB over 100 steps
Rank[197]: accel-time[0.109561] update-time[0.000549] search-time[0.068115] mpi-time[0.274720]
Rank[28]: Average time = 0.459764 (ms) per step with 1000 elements, 54.69 KB over 100 steps
Rank[28]: accel-time[0.110587] update-time[0.000665] search-time[0.069337] mpi-time[0.277696]
Rank[92]: Average time = 0.459846 (ms) per step with 1000 elements, 54.69 KB over 100 steps
Rank[92]: accel-time[0.110252] update-time[0.000560] search-time[0.028605] mpi-time[0.319359]
Rank[146]: Average time = 0.453881 (ms) per step with 1000 elements, 54.69 KB over 100 steps
Rank[146]: accel-time[0.109774] update-time[0.000608] search-time[0.070792] mpi-time[0.271644]
Rank[198]: Average time = 0.453968 (ms) per step with 1000 elements, 54.69 KB over 100 steps
Rank[198]: accel-time[0.110444] update-time[0.000600] search-time[0.067610] mpi-time[0.274085]
Rank[29]: Average time = 0.460162 (ms) per step with 1000 elements, 54.69 KB over 100 steps
Rank[29]: accel-time[0.109737] update-time[0.000717] search-time[0.070120] mpi-time[0.278114]
Rank[93]: Average time = 0.460171 (ms) per step with 1000 elements, 54.69 KB over 100 steps
Rank[93]: accel-time[0.109973] update-time[0.000568] search-time[0.028754] mpi-time[0.319797]
Rank[147]: Average time = 0.454553 (ms) per step with 1000 elements, 54.69 KB over 100 steps
Rank[147]: accel-time[0.109588] update-time[0.000623] search-time[0.071526] mpi-time[0.271727]
Rank[200]: Average time = 0.454718 (ms) per step with 1000 elements, 54.69 KB over 100 steps
Rank[200]: accel-time[0.109623] update-time[0.000523] search-time[0.068415] mpi-time[0.274900]
Rank[30]: Average time = 0.460057 (ms) per step with 1000 elements, 54.69 KB over 100 steps
Rank[30]: accel-time[0.110350] update-time[0.000719] search-time[0.070061] mpi-time[0.277644]
Rank[94]: Average time = 0.459277 (ms) per step with 1000 elements, 54.69 KB over 100 steps
Rank[94]: accel-time[0.111093] update-time[0.000697] search-time[0.027578] mpi-time[0.318652]
Rank[148]: Average time = 0.453566 (ms) per step with 1000 elements, 54.69 KB over 100 steps
Rank[148]: accel-time[0.110940] update-time[0.000652] search-time[0.069991] mpi-time[0.270695]
Rank[201]: Average time = 0.453783 (ms) per step with 1000 elements, 54.69 KB over 100 steps
Rank[201]: accel-time[0.109186] update-time[0.000533] search-time[0.068177] mpi-time[0.274811]
Rank[32]: Average time = 0.459527 (ms) per step with 1000 elements, 54.69 KB over 100 steps
Rank[32]: accel-time[0.111161] update-time[0.000694] search-time[0.069175] mpi-time[0.277247]
Rank[96]: Average time = 0.459296 (ms) per step with 1000 elements, 54.69 KB over 100 steps
Rank[96]: accel-time[0.112141] update-time[0.000610] search-time[0.027241] mpi-time[0.318133]
Rank[150]: Average time = 0.454506 (ms) per step with 1000 elements, 54.69 KB over 100 steps
Rank[150]: accel-time[0.109550] update-time[0.000565] search-time[0.071036] mpi-time[0.272204]
Rank[202]: Average time = 0.453527 (ms) per step with 1000 elements, 54.69 KB over 100 steps
Rank[202]: accel-time[0.111546] update-time[0.000624] search-time[0.067263] mpi-time[0.272639]
Rank[33]: Average time = 0.459552 (ms) per step with 1000 elements, 54.69 KB over 100 steps
Rank[33]: accel-time[0.111287] update-time[0.000673] search-time[0.069632] mpi-time[0.276448]
Rank[98]: Average time = 0.459924 (ms) per step with 1000 elements, 54.69 KB over 100 steps
Rank[98]: accel-time[0.111164] update-time[0.000645] search-time[0.028781] mpi-time[0.318195]
Rank[151]: Average time = 0.453289 (ms) per step with 1000 elements, 54.69 KB over 100 steps
Rank[151]: accel-time[0.109443] update-time[0.000506] search-time[0.069791] mpi-time[0.272328]
Rank[203]: Average time = 0.454435 (ms) per step with 1000 elements, 54.69 KB over 100 steps
Rank[203]: accel-time[0.110848] update-time[0.000641] search-time[0.068190] mpi-time[0.273512]
Rank[35]: Average time = 0.459335 (ms) per step with 1000 elements, 54.69 KB over 100 steps
Rank[35]: accel-time[0.109127] update-time[0.000555] search-time[0.069994] mpi-time[0.278360]
Rank[102]: Average time = 0.459995 (ms) per step with 1000 elements, 54.69 KB over 100 steps
Rank[102]: accel-time[0.109732] update-time[0.000560] search-time[0.028394] mpi-time[0.320345]
Rank[152]: Average time = 0.454124 (ms) per step with 1000 elements, 54.69 KB over 100 steps
Rank[152]: accel-time[0.110274] update-time[0.000632] search-time[0.069965] mpi-time[0.271927]
Rank[204]: Average time = 0.454760 (ms) per step with 1000 elements, 54.69 KB over 100 steps
Rank[204]: accel-time[0.109937] update-time[0.000579] search-time[0.068949] mpi-time[0.274206]
Rank[40]: Average time = 0.459674 (ms) per step with 1000 elements, 54.69 KB over 100 steps
Rank[40]: accel-time[0.111004] update-time[0.000674] search-time[0.069474] mpi-time[0.277193]
Rank[104]: Average time = 0.459252 (ms) per step with 1000 elements, 54.69 KB over 100 steps
Rank[104]: accel-time[0.111435] update-time[0.000642] search-time[0.027419] mpi-time[0.318214]
Rank[153]: Average time = 0.453711 (ms) per step with 1000 elements, 54.69 KB over 100 steps
Rank[153]: accel-time[0.110199] update-time[0.000651] search-time[0.069582] mpi-time[0.272065]
Rank[205]: Average time = 0.454772 (ms) per step with 1000 elements, 54.69 KB over 100 steps
Rank[205]: accel-time[0.109989] update-time[0.000542] search-time[0.069335] mpi-time[0.273883]
Rank[41]: Average time = 0.460154 (ms) per step with 1000 elements, 54.69 KB over 100 steps
Rank[41]: accel-time[0.110754] update-time[0.000704] search-time[0.070321] mpi-time[0.277113]
Rank[106]: Average time = 0.459425 (ms) per step with 1000 elements, 54.69 KB over 100 steps
Rank[106]: accel-time[0.111390] update-time[0.000624] search-time[0.028276] mpi-time[0.317949]
Rank[154]: Average time = 0.454313 (ms) per step with 1000 elements, 54.69 KB over 100 steps
Rank[154]: accel-time[0.111102] update-time[0.000655] search-time[0.070329] mpi-time[0.270781]
Rank[206]: Average time = 0.453705 (ms) per step with 1000 elements, 54.69 KB over 100 steps
Rank[206]: accel-time[0.111044] update-time[0.000626] search-time[0.067413] mpi-time[0.273433]
Rank[44]: Average time = 0.460151 (ms) per step with 1000 elements, 54.69 KB over 100 steps
Rank[44]: accel-time[0.109817] update-time[0.000646] search-time[0.070794] mpi-time[0.277677]
Rank[107]: Average time = 0.459513 (ms) per step with 1000 elements, 54.69 KB over 100 steps
Rank[107]: accel-time[0.110933] update-time[0.000627] search-time[0.027881] mpi-time[0.318879]
Rank[156]: Average time = 0.454162 (ms) per step with 1000 elements, 54.69 KB over 100 steps
Rank[156]: accel-time[0.110323] update-time[0.000563] search-time[0.070069] mpi-time[0.271727]
Rank[207]: Average time = 0.453717 (ms) per step with 1000 elements, 54.69 KB over 100 steps
Rank[207]: accel-time[0.111031] update-time[0.000621] search-time[0.067290] mpi-time[0.273359]
Rank[45]: Average time = 0.460080 (ms) per step with 1000 elements, 54.69 KB over 100 steps
Rank[45]: accel-time[0.109748] update-time[0.000593] search-time[0.070725] mpi-time[0.277986]
Rank[109]: Average time = 0.459957 (ms) per step with 1000 elements, 54.69 KB over 100 steps
Rank[109]: accel-time[0.110106] update-time[0.000560] search-time[0.029039] mpi-time[0.318924]
Rank[157]: Average time = 0.453332 (ms) per step with 1000 elements, 54.69 KB over 100 steps
Rank[157]: accel-time[0.110295] update-time[0.000602] search-time[0.069605] mpi-time[0.271599]
Rank[208]: Average time = 0.454067 (ms) per step with 1000 elements, 54.69 KB over 100 steps
Rank[208]: accel-time[0.110824] update-time[0.000633] search-time[0.067348] mpi-time[0.274012]
Rank[46]: Average time = 0.458903 (ms) per step with 1000 elements, 54.69 KB over 100 steps
Rank[46]: accel-time[0.110439] update-time[0.000673] search-time[0.069344] mpi-time[0.277233]
Rank[113]: Average time = 0.459597 (ms) per step with 1000 elements, 54.69 KB over 100 steps
Rank[113]: accel-time[0.110089] update-time[0.000550] search-time[0.028616] mpi-time[0.319284]
Rank[158]: Average time = 0.453472 (ms) per step with 1000 elements, 54.69 KB over 100 steps
Rank[158]: accel-time[0.110685] update-time[0.000591] search-time[0.069255] mpi-time[0.271781]
Rank[209]: Average time = 0.454243 (ms) per step with 1000 elements, 54.69 KB over 100 steps
Rank[209]: accel-time[0.110806] update-time[0.000633] search-time[0.068642] mpi-time[0.272976]
Rank[48]: Average time = 0.460105 (ms) per step with 1000 elements, 54.69 KB over 100 steps
Rank[48]: accel-time[0.110727] update-time[0.000661] search-time[0.070283] mpi-time[0.277256]
Rank[116]: Average time = 0.459406 (ms) per step with 1000 elements, 54.69 KB over 100 steps
Rank[116]: accel-time[0.110967] update-time[0.000592] search-time[0.027870] mpi-time[0.318780]
Rank[159]: Average time = 0.453485 (ms) per step with 1000 elements, 54.69 KB over 100 steps
Rank[159]: accel-time[0.110654] update-time[0.000648] search-time[0.069584] mpi-time[0.271358]
Rank[211]: Average time = 0.454640 (ms) per step with 1000 elements, 54.69 KB over 100 steps
Rank[211]: accel-time[0.109158] update-time[0.000580] search-time[0.069460] mpi-time[0.274319]
Rank[49]: Average time = 0.459969 (ms) per step with 1000 elements, 54.69 KB over 100 steps
Rank[49]: accel-time[0.109467] update-time[0.000655] search-time[0.069998] mpi-time[0.278389]
Rank[117]: Average time = 0.459046 (ms) per step with 1000 elements, 54.69 KB over 100 steps
Rank[117]: accel-time[0.110576] update-time[0.000633] search-time[0.027621] mpi-time[0.318946]
Rank[160]: Average time = 0.454571 (ms) per step with 1000 elements, 54.69 KB over 100 steps
Rank[160]: accel-time[0.109326] update-time[0.000534] search-time[0.070400] mpi-time[0.273272]
Rank[212]: Average time = 0.454751 (ms) per step with 1000 elements, 54.69 KB over 100 steps
Rank[212]: accel-time[0.109553] update-time[0.000546] search-time[0.068987] mpi-time[0.274607]
Rank[50]: Average time = 0.460020 (ms) per step with 1000 elements, 54.69 KB over 100 steps
Rank[50]: accel-time[0.109457] update-time[0.000578] search-time[0.070789] mpi-time[0.277955]
Rank[121]: Average time = 0.458810 (ms) per step with 1000 elements, 54.69 KB over 100 steps
Rank[121]: accel-time[0.111894] update-time[0.000634] search-time[0.026716] mpi-time[0.318258]
Rank[163]: Average time = 0.453962 (ms) per step with 1000 elements, 54.69 KB over 100 steps
Rank[163]: accel-time[0.111108] update-time[0.000626] search-time[0.070808] mpi-time[0.270086]
Rank[213]: Average time = 0.454760 (ms) per step with 1000 elements, 54.69 KB over 100 steps
Rank[213]: accel-time[0.109743] update-time[0.000548] search-time[0.069343] mpi-time[0.274022]
Rank[51]: Average time = 0.460019 (ms) per step with 1000 elements, 54.69 KB over 100 steps
Rank[51]: accel-time[0.109112] update-time[0.000596] search-time[0.070809] mpi-time[0.278501]
Rank[166]: Average time = 0.453833 (ms) per step with 1000 elements, 54.69 KB over 100 steps
Rank[166]: accel-time[0.111329] update-time[0.000617] search-time[0.069789] mpi-time[0.270814]
Rank[214]: Average time = 0.453693 (ms) per step with 1000 elements, 54.69 KB over 100 steps
Rank[214]: accel-time[0.109420] update-time[0.000565] search-time[0.067943] mpi-time[0.274767]
Rank[53]: Average time = 0.459362 (ms) per step with 1000 elements, 54.69 KB over 100 steps
Rank[53]: accel-time[0.110208] update-time[0.000637] search-time[0.069813] mpi-time[0.276888]
Rank[169]: Average time = 0.454503 (ms) per step with 1000 elements, 54.69 KB over 100 steps
Rank[169]: accel-time[0.109467] update-time[0.000534] search-time[0.071348] mpi-time[0.271996]
Rank[215]: Average time = 0.454742 (ms) per step with 1000 elements, 54.69 KB over 100 steps
Rank[215]: accel-time[0.109527] update-time[0.000553] search-time[0.068898] mpi-time[0.274712]
Rank[57]: Average time = 0.459942 (ms) per step with 1000 elements, 54.69 KB over 100 steps
Rank[57]: accel-time[0.109749] update-time[0.000616] search-time[0.070156] mpi-time[0.278247]
Rank[171]: Average time = 0.454272 (ms) per step with 1000 elements, 54.69 KB over 100 steps
Rank[171]: accel-time[0.109532] update-time[0.000560] search-time[0.071017] mpi-time[0.272167]
Rank[216]: Average time = 0.454723 (ms) per step with 1000 elements, 54.69 KB over 100 steps
Rank[216]: accel-time[0.111279] update-time[0.000636] search-time[0.068733] mpi-time[0.272859]
Rank[58]: Average time = 0.459521 (ms) per step with 1000 elements, 54.69 KB over 100 steps
Rank[58]: accel-time[0.109410] update-time[0.000591] search-time[0.069446] mpi-time[0.278648]
Rank[172]: Average time = 0.454523 (ms) per step with 1000 elements, 54.69 KB over 100 steps
Rank[172]: accel-time[0.109028] update-time[0.000586] search-time[0.071764] mpi-time[0.272012]
Rank[217]: Average time = 0.454722 (ms) per step with 1000 elements, 54.69 KB over 100 steps
Rank[217]: accel-time[0.111234] update-time[0.000575] search-time[0.068981] mpi-time[0.272805]
Rank[59]: Average time = 0.460047 (ms) per step with 1000 elements, 54.69 KB over 100 steps
Rank[59]: accel-time[0.109504] update-time[0.000580] search-time[0.070254] mpi-time[0.278679]
Rank[174]: Average time = 0.453692 (ms) per step with 1000 elements, 54.69 KB over 100 steps
Rank[174]: accel-time[0.109595] update-time[0.000547] search-time[0.070131] mpi-time[0.272414]
Rank[218]: Average time = 0.454754 (ms) per step with 1000 elements, 54.69 KB over 100 steps
Rank[218]: accel-time[0.109334] update-time[0.000545] search-time[0.069226] mpi-time[0.274599]
Rank[62]: Average time = 0.460005 (ms) per step with 1000 elements, 54.69 KB over 100 steps
Rank[62]: accel-time[0.110347] update-time[0.000633] search-time[0.070322] mpi-time[0.277443]
Rank[175]: Average time = 0.454518 (ms) per step with 1000 elements, 54.69 KB over 100 steps
Rank[175]: accel-time[0.108861] update-time[0.000578] search-time[0.071001] mpi-time[0.273027]
Rank[219]: Average time = 0.454736 (ms) per step with 1000 elements, 54.69 KB over 100 steps
Rank[219]: accel-time[0.109520] update-time[0.000564] search-time[0.068958] mpi-time[0.274654]
Rank[63]: Average time = 0.460065 (ms) per step with 1000 elements, 54.69 KB over 100 steps
Rank[63]: accel-time[0.110020] update-time[0.000634] search-time[0.070143] mpi-time[0.277859]
Rank[176]: Average time = 0.454469 (ms) per step with 1000 elements, 54.69 KB over 100 steps
Rank[176]: accel-time[0.110942] update-time[0.000685] search-time[0.070541] mpi-time[0.271032]
Rank[220]: Average time = 0.454363 (ms) per step with 1000 elements, 54.69 KB over 100 steps
Rank[220]: accel-time[0.109581] update-time[0.000532] search-time[0.068610] mpi-time[0.274588]
Rank[1]: Average time = 0.460172 (ms) per step with 1000 elements, 54.69 KB over 100 steps
Rank[1]: accel-time[0.110468] update-time[0.000736] search-time[0.069699] mpi-time[0.277882]
Rank[179]: Average time = 0.454513 (ms) per step with 1000 elements, 54.69 KB over 100 steps
Rank[179]: accel-time[0.109815] update-time[0.000584] search-time[0.071125] mpi-time[0.271927]
Rank[221]: Average time = 0.454725 (ms) per step with 1000 elements, 54.69 KB over 100 steps
Rank[221]: accel-time[0.109406] update-time[0.000579] search-time[0.068942] mpi-time[0.274799]
Rank[4]: Average time = 0.459341 (ms) per step with 1000 elements, 54.69 KB over 100 steps
Rank[4]: accel-time[0.110711] update-time[0.000672] search-time[0.069270] mpi-time[0.276989]
Rank[180]: Average time = 0.454565 (ms) per step with 1000 elements, 54.69 KB over 100 steps
Rank[180]: accel-time[0.109811] update-time[0.000556] search-time[0.070689] mpi-time[0.272465]
Rank[222]: Average time = 0.454494 (ms) per step with 1000 elements, 54.69 KB over 100 steps
Rank[222]: accel-time[0.110319] update-time[0.000636] search-time[0.068182] mpi-time[0.274173]
Rank[5]: Average time = 0.460094 (ms) per step with 1000 elements, 54.69 KB over 100 steps
Rank[5]: accel-time[0.110986] update-time[0.000629] search-time[0.069652] mpi-time[0.277451]
Rank[181]: Average time = 0.454578 (ms) per step with 1000 elements, 54.69 KB over 100 steps
Rank[181]: accel-time[0.109455] update-time[0.000592] search-time[0.071022] mpi-time[0.272423]
Rank[227]: Average time = 0.454722 (ms) per step with 1000 elements, 54.69 KB over 100 steps
Rank[227]: accel-time[0.110327] update-time[0.000791] search-time[0.069462] mpi-time[0.273026]
Rank[11]: Average time = 0.459157 (ms) per step with 1000 elements, 54.69 KB over 100 steps
Rank[11]: accel-time[0.110314] update-time[0.000630] search-time[0.069277] mpi-time[0.277959]
Rank[182]: Average time = 0.453965 (ms) per step with 1000 elements, 54.69 KB over 100 steps
Rank[182]: accel-time[0.110865] update-time[0.000667] search-time[0.069786] mpi-time[0.271108]
Rank[228]: Average time = 0.454402 (ms) per step with 1000 elements, 54.69 KB over 100 steps
Rank[228]: accel-time[0.110446] update-time[0.000596] search-time[0.068688] mpi-time[0.273468]
Rank[12]: Average time = 0.460146 (ms) per step with 1000 elements, 54.69 KB over 100 steps
Rank[12]: accel-time[0.109645] update-time[0.000549] search-time[0.070362] mpi-time[0.278353]
Rank[185]: Average time = 0.453906 (ms) per step with 1000 elements, 54.69 KB over 100 steps
Rank[185]: accel-time[0.109699] update-time[0.000587] search-time[0.070142] mpi-time[0.272279]
Rank[229]: Average time = 0.454399 (ms) per step with 1000 elements, 54.69 KB over 100 steps
Rank[229]: accel-time[0.110210] update-time[0.000626] search-time[0.068669] mpi-time[0.273746]
Rank[15]: Average time = 0.459107 (ms) per step with 1000 elements, 54.69 KB over 100 steps
Rank[15]: accel-time[0.110349] update-time[0.000677] search-time[0.068726] mpi-time[0.278165]
Rank[186]: Average time = 0.454092 (ms) per step with 1000 elements, 54.69 KB over 100 steps
Rank[186]: accel-time[0.110798] update-time[0.000605] search-time[0.069965] mpi-time[0.271518]
Rank[230]: Average time = 0.454661 (ms) per step with 1000 elements, 54.69 KB over 100 steps
Rank[230]: accel-time[0.109714] update-time[0.000543] search-time[0.068564] mpi-time[0.274801]
Rank[17]: Average time = 0.460000 (ms) per step with 1000 elements, 54.69 KB over 100 steps
Rank[17]: accel-time[0.109428] update-time[0.000580] search-time[0.070890] mpi-time[0.278061]
Rank[187]: Average time = 0.453195 (ms) per step with 1000 elements, 54.69 KB over 100 steps
Rank[187]: accel-time[0.110859] update-time[0.000653] search-time[0.069291] mpi-time[0.271122]
Rank[231]: Average time = 0.454758 (ms) per step with 1000 elements, 54.69 KB over 100 steps
Rank[231]: accel-time[0.109907] update-time[0.000563] search-time[0.068265] mpi-time[0.274924]
Rank[18]: Average time = 0.459658 (ms) per step with 1000 elements, 54.69 KB over 100 steps
Rank[18]: accel-time[0.110785] update-time[0.000660] search-time[0.070084] mpi-time[0.276916]
Rank[232]: Average time = 0.454140 (ms) per step with 1000 elements, 54.69 KB over 100 steps
Rank[232]: accel-time[0.083079] update-time[0.000612] search-time[0.070364] mpi-time[0.298929]
Rank[19]: Average time = 0.459774 (ms) per step with 1000 elements, 54.69 KB over 100 steps
Rank[19]: accel-time[0.111359] update-time[0.000659] search-time[0.070279] mpi-time[0.275844]
Rank[233]: Average time = 0.454141 (ms) per step with 1000 elements, 54.69 KB over 100 steps
Rank[233]: accel-time[0.083066] update-time[0.000578] search-time[0.070809] mpi-time[0.298612]
Rank[25]: Average time = 0.460224 (ms) per step with 1000 elements, 54.69 KB over 100 steps
Rank[25]: accel-time[0.109387] update-time[0.000547] search-time[0.070093] mpi-time[0.279119]
Rank[234]: Average time = 0.454012 (ms) per step with 1000 elements, 54.69 KB over 100 steps
Rank[234]: accel-time[0.082978] update-time[0.000600] search-time[0.070546] mpi-time[0.298723]
Rank[34]: Average time = 0.460161 (ms) per step with 1000 elements, 54.69 KB over 100 steps
Rank[34]: accel-time[0.109591] update-time[0.000589] search-time[0.071129] mpi-time[0.277612]
Rank[235]: Average time = 0.454204 (ms) per step with 1000 elements, 54.69 KB over 100 steps
Rank[235]: accel-time[0.083594] update-time[0.000598] search-time[0.070730] mpi-time[0.298035]
Rank[36]: Average time = 0.460225 (ms) per step with 1000 elements, 54.69 KB over 100 steps
Rank[36]: accel-time[0.109134] update-time[0.000583] search-time[0.070499] mpi-time[0.278956]
Rank[236]: Average time = 0.453843 (ms) per step with 1000 elements, 54.69 KB over 100 steps
Rank[236]: accel-time[0.083567] update-time[0.000554] search-time[0.071155] mpi-time[0.297385]
Rank[37]: Average time = 0.460094 (ms) per step with 1000 elements, 54.69 KB over 100 steps
Rank[37]: accel-time[0.109055] update-time[0.000596] search-time[0.070373] mpi-time[0.278864]
Rank[237]: Average time = 0.453844 (ms) per step with 1000 elements, 54.69 KB over 100 steps
Rank[237]: accel-time[0.084060] update-time[0.000595] search-time[0.070714] mpi-time[0.297342]
Rank[38]: Average time = 0.460026 (ms) per step with 1000 elements, 54.69 KB over 100 steps
Rank[38]: accel-time[0.110294] update-time[0.000583] search-time[0.070033] mpi-time[0.278087]
Rank[239]: Average time = 0.454710 (ms) per step with 1000 elements, 54.69 KB over 100 steps
Rank[239]: accel-time[0.082492] update-time[0.000553] search-time[0.071368] mpi-time[0.299229]
Rank[39]: Average time = 0.459123 (ms) per step with 1000 elements, 54.69 KB over 100 steps
Rank[39]: accel-time[0.109963] update-time[0.000622] search-time[0.069208] mpi-time[0.278047]
Rank[241]: Average time = 0.454674 (ms) per step with 1000 elements, 54.69 KB over 100 steps
Rank[241]: accel-time[0.083177] update-time[0.000589] search-time[0.071630] mpi-time[0.298087]
Rank[42]: Average time = 0.458966 (ms) per step with 1000 elements, 54.69 KB over 100 steps
Rank[42]: accel-time[0.110032] update-time[0.000654] search-time[0.069496] mpi-time[0.277276]
Rank[243]: Average time = 0.454724 (ms) per step with 1000 elements, 54.69 KB over 100 steps
Rank[243]: accel-time[0.083321] update-time[0.000579] search-time[0.071180] mpi-time[0.298449]
Rank[43]: Average time = 0.459724 (ms) per step with 1000 elements, 54.69 KB over 100 steps
Rank[43]: accel-time[0.110320] update-time[0.000602] search-time[0.070032] mpi-time[0.277545]
Rank[244]: Average time = 0.453621 (ms) per step with 1000 elements, 54.69 KB over 100 steps
Rank[244]: accel-time[0.095603] update-time[0.000662] search-time[0.068134] mpi-time[0.287865]
Rank[47]: Average time = 0.459672 (ms) per step with 1000 elements, 54.69 KB over 100 steps
Rank[47]: accel-time[0.110545] update-time[0.000711] search-time[0.069858] mpi-time[0.277046]
Rank[69]: Average time = 0.459372 (ms) per step with 1000 elements, 54.69 KB over 100 steps
Rank[69]: accel-time[0.111485] update-time[0.000636] search-time[0.027355] mpi-time[0.318639]
Rank[245]: Average time = 0.453371 (ms) per step with 1000 elements, 54.69 KB over 100 steps
Rank[245]: accel-time[0.084326] update-time[0.000668] search-time[0.069749] mpi-time[0.297282]
Rank[52]: Average time = 0.459095 (ms) per step with 1000 elements, 54.69 KB over 100 steps
Rank[52]: accel-time[0.110628] update-time[0.000647] search-time[0.069133] mpi-time[0.277340]
Rank[72]: Average time = 0.459505 (ms) per step with 1000 elements, 54.69 KB over 100 steps
Rank[72]: accel-time[0.111420] update-time[0.000661] search-time[0.027261] mpi-time[0.318593]
Rank[246]: Average time = 0.454157 (ms) per step with 1000 elements, 54.69 KB over 100 steps
Rank[246]: accel-time[0.082840] update-time[0.000550] search-time[0.070683] mpi-time[0.298939]
Rank[54]: Average time = 0.459158 (ms) per step with 1000 elements, 54.69 KB over 100 steps
Rank[54]: accel-time[0.110961] update-time[0.000693] search-time[0.068623] mpi-time[0.277479]
Rank[73]: Average time = 0.460040 (ms) per step with 1000 elements, 54.69 KB over 100 steps
Rank[73]: accel-time[0.111198] update-time[0.000673] search-time[0.028361] mpi-time[0.318239]
Rank[247]: Average time = 0.454744 (ms) per step with 1000 elements, 54.69 KB over 100 steps
Rank[247]: accel-time[0.082923] update-time[0.000544] search-time[0.071160] mpi-time[0.299007]
Rank[55]: Average time = 0.459190 (ms) per step with 1000 elements, 54.69 KB over 100 steps
Rank[55]: accel-time[0.121143] update-time[0.000752] search-time[0.067661] mpi-time[0.268350]
Rank[74]: Average time = 0.459952 (ms) per step with 1000 elements, 54.69 KB over 100 steps
Rank[74]: accel-time[0.111504] update-time[0.000600] search-time[0.028315] mpi-time[0.318283]
Rank[248]: Average time = 0.454748 (ms) per step with 1000 elements, 54.69 KB over 100 steps
Rank[248]: accel-time[0.082711] update-time[0.000546] search-time[0.071160] mpi-time[0.299256]
Rank[56]: Average time = 0.459865 (ms) per step with 1000 elements, 54.69 KB over 100 steps
Rank[56]: accel-time[0.109897] update-time[0.000630] search-time[0.069647] mpi-time[0.278380]
Rank[75]: Average time = 0.459775 (ms) per step with 1000 elements, 54.69 KB over 100 steps
Rank[75]: accel-time[0.111202] update-time[0.000601] search-time[0.028402] mpi-time[0.318373]
Rank[250]: Average time = 0.453463 (ms) per step with 1000 elements, 54.69 KB over 100 steps
Rank[250]: accel-time[0.083489] update-time[0.000527] search-time[0.070227] mpi-time[0.298088]
Rank[60]: Average time = 0.460206 (ms) per step with 1000 elements, 54.69 KB over 100 steps
Rank[60]: accel-time[0.109128] update-time[0.000582] search-time[0.070733] mpi-time[0.278595]
Rank[77]: Average time = 0.459468 (ms) per step with 1000 elements, 54.69 KB over 100 steps
Rank[77]: accel-time[0.111695] update-time[0.000772] search-time[0.028269] mpi-time[0.317498]
Rank[252]: Average time = 0.453418 (ms) per step with 1000 elements, 54.69 KB over 100 steps
Rank[252]: accel-time[0.083604] update-time[0.000603] search-time[0.070106] mpi-time[0.297949]
Rank[61]: Average time = 0.459872 (ms) per step with 1000 elements, 54.69 KB over 100 steps
Rank[61]: accel-time[0.109248] update-time[0.000556] search-time[0.070173] mpi-time[0.278880]
Rank[79]: Average time = 0.459525 (ms) per step with 1000 elements, 54.69 KB over 100 steps
Rank[79]: accel-time[0.109876] update-time[0.000587] search-time[0.027809] mpi-time[0.320213]
Rank[253]: Average time = 0.453407 (ms) per step with 1000 elements, 54.69 KB over 100 steps
Rank[253]: accel-time[0.083742] update-time[0.000596] search-time[0.069997] mpi-time[0.297818]
Rank[81]: Average time = 0.459613 (ms) per step with 1000 elements, 54.69 KB over 100 steps
Rank[81]: accel-time[0.110935] update-time[0.000617] search-time[0.028761] mpi-time[0.318162]
Rank[254]: Average time = 0.454146 (ms) per step with 1000 elements, 54.69 KB over 100 steps
Rank[254]: accel-time[0.082604] update-time[0.000551] search-time[0.070810] mpi-time[0.299164]
Rank[84]: Average time = 0.459970 (ms) per step with 1000 elements, 54.69 KB over 100 steps
Rank[84]: accel-time[0.109550] update-time[0.000547] search-time[0.028842] mpi-time[0.319930]
Rank[255]: Average time = 0.454304 (ms) per step with 1000 elements, 54.69 KB over 100 steps
Rank[255]: accel-time[0.082483] update-time[0.000542] search-time[0.071068] mpi-time[0.299210]
Rank[85]: Average time = 0.460075 (ms) per step with 1000 elements, 54.69 KB over 100 steps
Rank[85]: accel-time[0.110173] update-time[0.000540] search-time[0.029063] mpi-time[0.319320]
Rank[86]: Average time = 0.458955 (ms) per step with 1000 elements, 54.69 KB over 100 steps
Rank[86]: accel-time[0.110023] update-time[0.000544] search-time[0.027497] mpi-time[0.319797]
Rank[89]: Average time = 0.459770 (ms) per step with 1000 elements, 54.69 KB over 100 steps
Rank[89]: accel-time[0.109644] update-time[0.000563] search-time[0.028870] mpi-time[0.319715]
Rank[90]: Average time = 0.460112 (ms) per step with 1000 elements, 54.69 KB over 100 steps
Rank[90]: accel-time[0.109850] update-time[0.000568] search-time[0.029164] mpi-time[0.319545]
Rank[91]: Average time = 0.459784 (ms) per step with 1000 elements, 54.69 KB over 100 steps
Rank[91]: accel-time[0.110054] update-time[0.000567] search-time[0.028587] mpi-time[0.319484]
Rank[95]: Average time = 0.459199 (ms) per step with 1000 elements, 54.69 KB over 100 steps
Rank[95]: accel-time[0.111264] update-time[0.000680] search-time[0.027616] mpi-time[0.318492]
Rank[97]: Average time = 0.460084 (ms) per step with 1000 elements, 54.69 KB over 100 steps
Rank[97]: accel-time[0.111242] update-time[0.000690] search-time[0.027969] mpi-time[0.318919]
Rank[100]: Average time = 0.459723 (ms) per step with 1000 elements, 54.69 KB over 100 steps
Rank[100]: accel-time[0.110117] update-time[0.000546] search-time[0.028770] mpi-time[0.319273]
Rank[101]: Average time = 0.460014 (ms) per step with 1000 elements, 54.69 KB over 100 steps
Rank[101]: accel-time[0.110152] update-time[0.000549] search-time[0.028800] mpi-time[0.319442]
Rank[103]: Average time = 0.459843 (ms) per step with 1000 elements, 54.69 KB over 100 steps
Rank[103]: accel-time[0.110205] update-time[0.000571] search-time[0.027923] mpi-time[0.320143]
Rank[105]: Average time = 0.458920 (ms) per step with 1000 elements, 54.69 KB over 100 steps
Rank[105]: accel-time[0.111619] update-time[0.000628] search-time[0.027330] mpi-time[0.317788]
Rank[108]: Average time = 0.459945 (ms) per step with 1000 elements, 54.69 KB over 100 steps
Rank[108]: accel-time[0.110279] update-time[0.000567] search-time[0.029272] mpi-time[0.318763]
Rank[112]: Average time = 0.459118 (ms) per step with 1000 elements, 54.69 KB over 100 steps
Rank[112]: accel-time[0.110100] update-time[0.000510] search-time[0.027675] mpi-time[0.319801]
Rank[114]: Average time = 0.459146 (ms) per step with 1000 elements, 54.69 KB over 100 steps
Rank[114]: accel-time[0.111115] update-time[0.000649] search-time[0.028039] mpi-time[0.318139]
Rank[115]: Average time = 0.459270 (ms) per step with 1000 elements, 54.69 KB over 100 steps
Rank[115]: accel-time[0.111512] update-time[0.000630] search-time[0.027820] mpi-time[0.318150]
Rank[118]: Average time = 0.460052 (ms) per step with 1000 elements, 54.69 KB over 100 steps
Rank[118]: accel-time[0.110860] update-time[0.000637] search-time[0.027968] mpi-time[0.319384]
Rank[119]: Average time = 0.459265 (ms) per step with 1000 elements, 54.69 KB over 100 steps
Rank[119]: accel-time[0.110952] update-time[0.000627] search-time[0.027706] mpi-time[0.318804]
Rank[120]: Average time = 0.458812 (ms) per step with 1000 elements, 54.69 KB over 100 steps
Rank[120]: accel-time[0.121077] update-time[0.000771] search-time[0.024120] mpi-time[0.311542]
Rank[122]: Average time = 0.460027 (ms) per step with 1000 elements, 54.69 KB over 100 steps
Rank[122]: accel-time[0.109879] update-time[0.000584] search-time[0.028966] mpi-time[0.319559]
Rank[123]: Average time = 0.458999 (ms) per step with 1000 elements, 54.69 KB over 100 steps
Rank[123]: accel-time[0.110092] update-time[0.000552] search-time[0.027944] mpi-time[0.319354]
Rank[124]: Average time = 0.459214 (ms) per step with 1000 elements, 54.69 KB over 100 steps
Rank[124]: accel-time[0.112529] update-time[0.000635] search-time[0.027829] mpi-time[0.316837]
Rank[125]: Average time = 0.458788 (ms) per step with 1000 elements, 54.69 KB over 100 steps
Rank[125]: accel-time[0.111563] update-time[0.000617] search-time[0.027492] mpi-time[0.317902]
Rank[126]: Average time = 0.458774 (ms) per step with 1000 elements, 54.69 KB over 100 steps
Rank[126]: accel-time[0.111022] update-time[0.000584] search-time[0.027290] mpi-time[0.318591]
Rank[127]: Average time = 0.459219 (ms) per step with 1000 elements, 54.69 KB over 100 steps
Rank[127]: accel-time[0.111224] update-time[0.000675] search-time[0.027787] mpi-time[0.318267]
Rank[129]: Average time = 0.454353 (ms) per step with 1000 elements, 54.69 KB over 100 steps
Rank[129]: accel-time[0.125674] update-time[0.000832] search-time[0.068347] mpi-time[0.258239]
Rank[134]: Average time = 0.453457 (ms) per step with 1000 elements, 54.69 KB over 100 steps
Rank[134]: accel-time[0.111397] update-time[0.000685] search-time[0.069463] mpi-time[0.270611]
Rank[135]: Average time = 0.453799 (ms) per step with 1000 elements, 54.69 KB over 100 steps
Rank[135]: accel-time[0.111342] update-time[0.000656] search-time[0.069889] mpi-time[0.270728]
Rank[139]: Average time = 0.454360 (ms) per step with 1000 elements, 54.69 KB over 100 steps
Rank[139]: accel-time[0.110571] update-time[0.000644] search-time[0.070637] mpi-time[0.271366]
Rank[143]: Average time = 0.454442 (ms) per step with 1000 elements, 54.69 KB over 100 steps
Rank[143]: accel-time[0.110752] update-time[0.000612] search-time[0.070107] mpi-time[0.271717]
Rank[149]: Average time = 0.453854 (ms) per step with 1000 elements, 54.69 KB over 100 steps
Rank[149]: accel-time[0.111173] update-time[0.000655] search-time[0.070182] mpi-time[0.270623]
Rank[155]: Average time = 0.453488 (ms) per step with 1000 elements, 54.69 KB over 100 steps
Rank[155]: accel-time[0.110696] update-time[0.000632] search-time[0.069206] mpi-time[0.271493]
Rank[161]: Average time = 0.453326 (ms) per step with 1000 elements, 54.69 KB over 100 steps
Rank[161]: accel-time[0.109425] update-time[0.000570] search-time[0.069788] mpi-time[0.272476]
Rank[162]: Average time = 0.453673 (ms) per step with 1000 elements, 54.69 KB over 100 steps
Rank[162]: accel-time[0.111018] update-time[0.000596] search-time[0.070519] mpi-time[0.270379]
Rank[164]: Average time = 0.454304 (ms) per step with 1000 elements, 54.69 KB over 100 steps
Rank[164]: accel-time[0.111472] update-time[0.000674] search-time[0.070642] mpi-time[0.270129]
Rank[165]: Average time = 0.454507 (ms) per step with 1000 elements, 54.69 KB over 100 steps
Rank[165]: accel-time[0.110938] update-time[0.000665] search-time[0.070699] mpi-time[0.270979]
Rank[167]: Average time = 0.454501 (ms) per step with 1000 elements, 54.69 KB over 100 steps
Rank[167]: accel-time[0.111380] update-time[0.000643] search-time[0.070497] mpi-time[0.270777]
Rank[168]: Average time = 0.454513 (ms) per step with 1000 elements, 54.69 KB over 100 steps
Rank[168]: accel-time[0.109214] update-time[0.000553] search-time[0.070598] mpi-time[0.273037]
Rank[170]: Average time = 0.453528 (ms) per step with 1000 elements, 54.69 KB over 100 steps
Rank[170]: accel-time[0.109628] update-time[0.000550] search-time[0.070263] mpi-time[0.272012]
Rank[242]: Average time = 0.454692 (ms) per step with 1000 elements, 54.69 KB over 100 steps
Rank[242]: accel-time[0.083357] update-time[0.000581] search-time[0.071514] mpi-time[0.298045]
Rank[173]: Average time = 0.453210 (ms) per step with 1000 elements, 54.69 KB over 100 steps
Rank[173]: accel-time[0.109739] update-time[0.000562] search-time[0.070218] mpi-time[0.271658]
Rank[177]: Average time = 0.453644 (ms) per step with 1000 elements, 54.69 KB over 100 steps
Rank[177]: accel-time[0.110564] update-time[0.000662] search-time[0.069595] mpi-time[0.271530]
Rank[183]: Average time = 0.453718 (ms) per step with 1000 elements, 54.69 KB over 100 steps
Rank[183]: accel-time[0.110950] update-time[0.000636] search-time[0.069597] mpi-time[0.271347]
Rank[184]: Average time = 0.454434 (ms) per step with 1000 elements, 54.69 KB over 100 steps
Rank[184]: accel-time[0.110361] update-time[0.000623] search-time[0.070199] mpi-time[0.272000]
Rank[191]: Average time = 0.453334 (ms) per step with 1000 elements, 54.69 KB over 100 steps
Rank[191]: accel-time[0.110563] update-time[0.000630] search-time[0.069084] mpi-time[0.271819]

===================================================================================
=   BAD TERMINATION OF ONE OF YOUR APPLICATION PROCESSES
=   PID 206461 RUNNING AT c455-001
=   EXIT CODE: 6
=   CLEANING UP REMAINING PROCESSES
=   YOU CAN IGNORE THE BELOW CLEANUP MESSAGES
===================================================================================
TACC:  MPI job exited with code: 255 
TACC:  Shutdown complete. Exiting. 
TACC:  Starting up job 465975 
TACC:  Starting parallel tasks... 
min/max/ave velocity = 6.328585e-01, 4.165014e+01, 5.034776e+00
min/max/ave velocity = 1.785896e+00, 4.876042e+03, 6.145785e+01
min/max/ave velocity = 3.585409e-01, 4.876041e+03, 5.864220e+01
min/max/ave velocity = 5.478814e-03, 4.876041e+03, 5.884866e+01
min/max/ave velocity = 5.353074e-03, 4.876041e+03, 5.990597e+01
min/max/ave velocity = 5.290640e-03, 4.876041e+03, 6.117057e+01
min/max/ave velocity = 5.197611e-03, 4.876041e+03, 6.221394e+01
min/max/ave velocity = 4.642000e-03, 4.876041e+03, 6.320776e+01
min/max/ave velocity = 1.051470e-03, 4.876041e+03, 6.436648e+01
min/max/ave velocity = 1.045533e-03, 4.876041e+03, 6.567772e+01
Root[0]: Average time = 0.933575 (ms) per step with 2000 elements, 109.38 KB over 100 steps
Root[0]: accel-time[0.469024] update-time[0.001204] search-time[0.043826] mpi-time[0.417821]
Rank[0]: Average time = 0.933575 (ms) per step with 2000 elements, 109.38 KB over 100 steps
Rank[0]: accel-time[0.469024] update-time[0.001204] search-time[0.043826] mpi-time[0.417821]
Rank[29]: Average time = 0.934750 (ms) per step with 2000 elements, 109.38 KB over 100 steps
Rank[29]: accel-time[0.450916] update-time[0.000970] search-time[0.034422] mpi-time[0.447194]
Rank[96]: Average time = 0.930648 (ms) per step with 2000 elements, 109.38 KB over 100 steps
Rank[96]: accel-time[0.453852] update-time[0.000858] search-time[0.029373] mpi-time[0.445217]
Rank[132]: Average time = 0.930293 (ms) per step with 2000 elements, 109.38 KB over 100 steps
Rank[132]: accel-time[0.453529] update-time[0.000886] search-time[0.025898] mpi-time[0.448519]
Rank[209]: Average time = 0.931185 (ms) per step with 2000 elements, 109.38 KB over 100 steps
Rank[209]: accel-time[0.398159] update-time[0.000928] search-time[0.032203] mpi-time[0.498371]
Rank[33]: Average time = 0.933645 (ms) per step with 2000 elements, 109.38 KB over 100 steps
Rank[33]: accel-time[0.453973] update-time[0.001027] search-time[0.032873] mpi-time[0.444179]
Rank[98]: Average time = 0.929894 (ms) per step with 2000 elements, 109.38 KB over 100 steps
Rank[98]: accel-time[0.454969] update-time[0.000925] search-time[0.028730] mpi-time[0.443429]
Rank[133]: Average time = 0.932015 (ms) per step with 2000 elements, 109.38 KB over 100 steps
Rank[133]: accel-time[0.456235] update-time[0.000860] search-time[0.027298] mpi-time[0.446139]
Rank[221]: Average time = 0.931328 (ms) per step with 2000 elements, 109.38 KB over 100 steps
Rank[221]: accel-time[0.399459] update-time[0.000783] search-time[0.032715] mpi-time[0.496994]
Rank[52]: Average time = 0.935171 (ms) per step with 2000 elements, 109.38 KB over 100 steps
Rank[52]: accel-time[0.456757] update-time[0.000989] search-time[0.033834] mpi-time[0.442101]
Rank[145]: Average time = 0.931784 (ms) per step with 2000 elements, 109.38 KB over 100 steps
Rank[145]: accel-time[0.453703] update-time[0.000907] search-time[0.027462] mpi-time[0.448198]
Rank[234]: Average time = 0.931200 (ms) per step with 2000 elements, 109.38 KB over 100 steps
Rank[234]: accel-time[0.396466] update-time[0.000886] search-time[0.034043] mpi-time[0.498525]
Rank[60]: Average time = 0.934452 (ms) per step with 2000 elements, 109.38 KB over 100 steps
Rank[60]: accel-time[0.452947] update-time[0.000988] search-time[0.034033] mpi-time[0.444835]
Rank[67]: Average time = 0.930750 (ms) per step with 2000 elements, 109.38 KB over 100 steps
Rank[67]: accel-time[0.450937] update-time[0.000771] search-time[0.030031] mpi-time[0.447823]
Rank[151]: Average time = 0.930361 (ms) per step with 2000 elements, 109.38 KB over 100 steps
Rank[151]: accel-time[0.452203] update-time[0.000943] search-time[0.027440] mpi-time[0.448138]
Rank[238]: Average time = 0.930797 (ms) per step with 2000 elements, 109.38 KB over 100 steps
Rank[238]: accel-time[0.394747] update-time[0.000753] search-time[0.032412] mpi-time[0.501638]
Rank[2]: Average time = 0.935711 (ms) per step with 2000 elements, 109.38 KB over 100 steps
Rank[2]: accel-time[0.454184] update-time[0.000977] search-time[0.034671] mpi-time[0.444019]
Rank[69]: Average time = 0.931415 (ms) per step with 2000 elements, 109.38 KB over 100 steps
Rank[69]: accel-time[0.456495] update-time[0.000959] search-time[0.029090] mpi-time[0.442862]
Rank[157]: Average time = 0.930334 (ms) per step with 2000 elements, 109.38 KB over 100 steps
Rank[157]: accel-time[0.452128] update-time[0.000898] search-time[0.027155] mpi-time[0.448729]
Rank[246]: Average time = 0.930398 (ms) per step with 2000 elements, 109.38 KB over 100 steps
Rank[246]: accel-time[0.396271] update-time[0.000927] search-time[0.032876] mpi-time[0.499095]
Rank[3]: Average time = 0.933889 (ms) per step with 2000 elements, 109.38 KB over 100 steps
Rank[3]: accel-time[0.453048] update-time[0.000971] search-time[0.033053] mpi-time[0.444839]
Rank[70]: Average time = 0.931414 (ms) per step with 2000 elements, 109.38 KB over 100 steps
Rank[70]: accel-time[0.457749] update-time[0.000846] search-time[0.029774] mpi-time[0.441223]
Rank[163]: Average time = 0.931330 (ms) per step with 2000 elements, 109.38 KB over 100 steps
Rank[163]: accel-time[0.454402] update-time[0.000929] search-time[0.028989] mpi-time[0.445465]
Rank[247]: Average time = 0.930459 (ms) per step with 2000 elements, 109.38 KB over 100 steps
Rank[247]: accel-time[0.397026] update-time[0.000688] search-time[0.032232] mpi-time[0.499225]
Rank[5]: Average time = 0.935492 (ms) per step with 2000 elements, 109.38 KB over 100 steps
Rank[5]: accel-time[0.454210] update-time[0.001095] search-time[0.033454] mpi-time[0.445118]
Rank[72]: Average time = 0.930756 (ms) per step with 2000 elements, 109.38 KB over 100 steps
Rank[72]: accel-time[0.456724] update-time[0.000961] search-time[0.028962] mpi-time[0.442366]
Rank[176]: Average time = 0.930255 (ms) per step with 2000 elements, 109.38 KB over 100 steps
Rank[176]: accel-time[0.455106] update-time[0.000885] search-time[0.026980] mpi-time[0.445878]
Rank[254]: Average time = 0.930946 (ms) per step with 2000 elements, 109.38 KB over 100 steps
Rank[254]: accel-time[0.396857] update-time[0.000905] search-time[0.033224] mpi-time[0.498116]
Rank[6]: Average time = 0.935008 (ms) per step with 2000 elements, 109.38 KB over 100 steps
Rank[6]: accel-time[0.451542] update-time[0.000822] search-time[0.034293] mpi-time[0.447077]
Rank[73]: Average time = 0.931106 (ms) per step with 2000 elements, 109.38 KB over 100 steps
Rank[73]: accel-time[0.454559] update-time[0.000933] search-time[0.029481] mpi-time[0.443927]
Rank[182]: Average time = 0.931039 (ms) per step with 2000 elements, 109.38 KB over 100 steps
Rank[182]: accel-time[0.449298] update-time[0.000750] search-time[0.028583] mpi-time[0.451244]
Rank[192]: Average time = 0.930352 (ms) per step with 2000 elements, 109.38 KB over 100 steps
Rank[192]: accel-time[0.452824] update-time[0.000871] search-time[0.026037] mpi-time[0.449147]
Rank[9]: Average time = 0.934998 (ms) per step with 2000 elements, 109.38 KB over 100 steps
Rank[9]: accel-time[0.453300] update-time[0.000971] search-time[0.034188] mpi-time[0.445185]
Rank[78]: Average time = 0.930445 (ms) per step with 2000 elements, 109.38 KB over 100 steps
Rank[78]: accel-time[0.454152] update-time[0.000779] search-time[0.029639] mpi-time[0.444751]
Rank[193]: Average time = 0.930967 (ms) per step with 2000 elements, 109.38 KB over 100 steps
Rank[193]: accel-time[0.455983] update-time[0.000920] search-time[0.026566] mpi-time[0.446030]
Rank[11]: Average time = 0.934310 (ms) per step with 2000 elements, 109.38 KB over 100 steps
Rank[11]: accel-time[0.456377] update-time[0.000952] search-time[0.033097] mpi-time[0.442294]
Rank[80]: Average time = 0.931304 (ms) per step with 2000 elements, 109.38 KB over 100 steps
Rank[80]: accel-time[0.456037] update-time[0.000971] search-time[0.029188] mpi-time[0.443655]
Rank[195]: Average time = 0.931137 (ms) per step with 2000 elements, 109.38 KB over 100 steps
Rank[195]: accel-time[0.453745] update-time[0.001044] search-time[0.027710] mpi-time[0.446898]
Rank[12]: Average time = 0.934324 (ms) per step with 2000 elements, 109.38 KB over 100 steps
Rank[12]: accel-time[0.451397] update-time[0.000869] search-time[0.033792] mpi-time[0.447053]
Rank[82]: Average time = 0.930542 (ms) per step with 2000 elements, 109.38 KB over 100 steps
Rank[82]: accel-time[0.455542] update-time[0.000971] search-time[0.029511] mpi-time[0.442978]
Rank[196]: Average time = 0.930917 (ms) per step with 2000 elements, 109.38 KB over 100 steps
Rank[196]: accel-time[0.452651] update-time[0.000767] search-time[0.026243] mpi-time[0.449838]
Rank[13]: Average time = 0.934157 (ms) per step with 2000 elements, 109.38 KB over 100 steps
Rank[13]: accel-time[0.451263] update-time[0.000839] search-time[0.033594] mpi-time[0.447210]
Rank[89]: Average time = 0.931274 (ms) per step with 2000 elements, 109.38 KB over 100 steps
Rank[89]: accel-time[0.451396] update-time[0.000734] search-time[0.031279] mpi-time[0.446539]
Rank[198]: Average time = 0.931955 (ms) per step with 2000 elements, 109.38 KB over 100 steps
Rank[198]: accel-time[0.451357] update-time[0.000915] search-time[0.027892] mpi-time[0.450442]
Rank[16]: Average time = 0.935500 (ms) per step with 2000 elements, 109.38 KB over 100 steps
Rank[16]: accel-time[0.457004] update-time[0.001000] search-time[0.033479] mpi-time[0.442167]
Rank[90]: Average time = 0.930906 (ms) per step with 2000 elements, 109.38 KB over 100 steps
Rank[90]: accel-time[0.454140] update-time[0.000917] search-time[0.029863] mpi-time[0.444449]
Rank[202]: Average time = 0.930875 (ms) per step with 2000 elements, 109.38 KB over 100 steps
Rank[202]: accel-time[0.454943] update-time[0.000807] search-time[0.027683] mpi-time[0.446028]
Rank[17]: Average time = 0.935355 (ms) per step with 2000 elements, 109.38 KB over 100 steps
Rank[17]: accel-time[0.456554] update-time[0.001026] search-time[0.033202] mpi-time[0.442730]
Rank[92]: Average time = 0.931748 (ms) per step with 2000 elements, 109.38 KB over 100 steps
Rank[92]: accel-time[0.449918] update-time[0.001006] search-time[0.030940] mpi-time[0.448690]
Rank[204]: Average time = 0.930856 (ms) per step with 2000 elements, 109.38 KB over 100 steps
Rank[204]: accel-time[0.449639] update-time[0.000697] search-time[0.027063] mpi-time[0.452273]
Rank[18]: Average time = 0.935643 (ms) per step with 2000 elements, 109.38 KB over 100 steps
Rank[18]: accel-time[0.457503] update-time[0.001222] search-time[0.033933] mpi-time[0.441096]
Rank[97]: Average time = 0.930546 (ms) per step with 2000 elements, 109.38 KB over 100 steps
Rank[97]: accel-time[0.452102] update-time[0.000830] search-time[0.029690] mpi-time[0.446350]
Rank[129]: Average time = 0.931089 (ms) per step with 2000 elements, 109.38 KB over 100 steps
Rank[129]: accel-time[0.457396] update-time[0.001020] search-time[0.026994] mpi-time[0.444210]
Rank[206]: Average time = 0.930903 (ms) per step with 2000 elements, 109.38 KB over 100 steps
Rank[206]: accel-time[0.449938] update-time[0.000751] search-time[0.027265] mpi-time[0.451848]
Rank[19]: Average time = 0.934527 (ms) per step with 2000 elements, 109.38 KB over 100 steps
Rank[19]: accel-time[0.495686] update-time[0.001358] search-time[0.028236] mpi-time[0.407608]
Rank[100]: Average time = 0.930903 (ms) per step with 2000 elements, 109.38 KB over 100 steps
Rank[100]: accel-time[0.451943] update-time[0.000682] search-time[0.029892] mpi-time[0.447241]
Rank[131]: Average time = 0.931103 (ms) per step with 2000 elements, 109.38 KB over 100 steps
Rank[131]: accel-time[0.456932] update-time[0.000980] search-time[0.026837] mpi-time[0.444624]
Rank[207]: Average time = 0.930932 (ms) per step with 2000 elements, 109.38 KB over 100 steps
Rank[207]: accel-time[0.450342] update-time[0.000848] search-time[0.026977] mpi-time[0.451581]
Rank[20]: Average time = 0.933730 (ms) per step with 2000 elements, 109.38 KB over 100 steps
Rank[20]: accel-time[0.456019] update-time[0.001020] search-time[0.032844] mpi-time[0.442268]
Rank[101]: Average time = 0.930785 (ms) per step with 2000 elements, 109.38 KB over 100 steps
Rank[101]: accel-time[0.450069] update-time[0.000696] search-time[0.030154] mpi-time[0.448757]
Rank[134]: Average time = 0.931923 (ms) per step with 2000 elements, 109.38 KB over 100 steps
Rank[134]: accel-time[0.454909] update-time[0.000802] search-time[0.028387] mpi-time[0.445949]
Rank[208]: Average time = 0.932097 (ms) per step with 2000 elements, 109.38 KB over 100 steps
Rank[208]: accel-time[0.398614] update-time[0.000899] search-time[0.032940] mpi-time[0.498123]
Rank[24]: Average time = 0.934547 (ms) per step with 2000 elements, 109.38 KB over 100 steps
Rank[24]: accel-time[0.454695] update-time[0.000896] search-time[0.033884] mpi-time[0.443751]
Rank[102]: Average time = 0.930116 (ms) per step with 2000 elements, 109.38 KB over 100 steps
Rank[102]: accel-time[0.457782] update-time[0.001133] search-time[0.028116] mpi-time[0.441527]
Rank[135]: Average time = 0.930890 (ms) per step with 2000 elements, 109.38 KB over 100 steps
Rank[135]: accel-time[0.451636] update-time[0.000874] search-time[0.027853] mpi-time[0.448994]
Rank[210]: Average time = 0.931963 (ms) per step with 2000 elements, 109.38 KB over 100 steps
Rank[210]: accel-time[0.396473] update-time[0.000902] search-time[0.035209] mpi-time[0.497902]
Rank[26]: Average time = 0.935581 (ms) per step with 2000 elements, 109.38 KB over 100 steps
Rank[26]: accel-time[0.456798] update-time[0.001012] search-time[0.035807] mpi-time[0.439921]
Rank[104]: Average time = 0.930474 (ms) per step with 2000 elements, 109.38 KB over 100 steps
Rank[104]: accel-time[0.457179] update-time[0.000905] search-time[0.028850] mpi-time[0.441869]
Rank[138]: Average time = 0.932072 (ms) per step with 2000 elements, 109.38 KB over 100 steps
Rank[138]: accel-time[0.452304] update-time[0.001017] search-time[0.029796] mpi-time[0.447449]
Rank[211]: Average time = 0.931389 (ms) per step with 2000 elements, 109.38 KB over 100 steps
Rank[211]: accel-time[0.399112] update-time[0.000856] search-time[0.033740] mpi-time[0.496196]
Rank[32]: Average time = 0.935106 (ms) per step with 2000 elements, 109.38 KB over 100 steps
Rank[32]: accel-time[0.455891] update-time[0.000957] search-time[0.033673] mpi-time[0.442936]
Rank[107]: Average time = 0.930344 (ms) per step with 2000 elements, 109.38 KB over 100 steps
Rank[107]: accel-time[0.451590] update-time[0.000783] search-time[0.030519] mpi-time[0.445962]
Rank[140]: Average time = 0.931130 (ms) per step with 2000 elements, 109.38 KB over 100 steps
Rank[140]: accel-time[0.453431] update-time[0.000727] search-time[0.027176] mpi-time[0.448596]
Rank[214]: Average time = 0.932144 (ms) per step with 2000 elements, 109.38 KB over 100 steps
Rank[214]: accel-time[0.396210] update-time[0.000699] search-time[0.034550] mpi-time[0.499405]
Rank[34]: Average time = 0.934321 (ms) per step with 2000 elements, 109.38 KB over 100 steps
Rank[34]: accel-time[0.452848] update-time[0.000812] search-time[0.033760] mpi-time[0.445557]
Rank[112]: Average time = 0.931339 (ms) per step with 2000 elements, 109.38 KB over 100 steps
Rank[112]: accel-time[0.455667] update-time[0.000941] search-time[0.029999] mpi-time[0.443188]
Rank[141]: Average time = 0.930900 (ms) per step with 2000 elements, 109.38 KB over 100 steps
Rank[141]: accel-time[0.450637] update-time[0.000717] search-time[0.027512] mpi-time[0.450811]
Rank[215]: Average time = 0.930848 (ms) per step with 2000 elements, 109.38 KB over 100 steps
Rank[215]: accel-time[0.396880] update-time[0.000728] search-time[0.033612] mpi-time[0.498430]
Rank[36]: Average time = 0.934390 (ms) per step with 2000 elements, 109.38 KB over 100 steps
Rank[36]: accel-time[0.456123] update-time[0.000937] search-time[0.032624] mpi-time[0.443018]
Rank[113]: Average time = 0.930345 (ms) per step with 2000 elements, 109.38 KB over 100 steps
Rank[113]: accel-time[0.454255] update-time[0.000877] search-time[0.028937] mpi-time[0.444094]
Rank[142]: Average time = 0.931020 (ms) per step with 2000 elements, 109.38 KB over 100 steps
Rank[142]: accel-time[0.453531] update-time[0.000756] search-time[0.027064] mpi-time[0.448406]
Rank[216]: Average time = 0.931374 (ms) per step with 2000 elements, 109.38 KB over 100 steps
Rank[216]: accel-time[0.397131] update-time[0.000799] search-time[0.032889] mpi-time[0.499161]
Rank[38]: Average time = 0.933914 (ms) per step with 2000 elements, 109.38 KB over 100 steps
Rank[38]: accel-time[0.453414] update-time[0.000855] search-time[0.033765] mpi-time[0.444524]
Rank[116]: Average time = 0.930511 (ms) per step with 2000 elements, 109.38 KB over 100 steps
Rank[116]: accel-time[0.455278] update-time[0.000992] search-time[0.028679] mpi-time[0.444017]
Rank[143]: Average time = 0.930871 (ms) per step with 2000 elements, 109.38 KB over 100 steps
Rank[143]: accel-time[0.450251] update-time[0.000946] search-time[0.027714] mpi-time[0.450538]
Rank[217]: Average time = 0.931205 (ms) per step with 2000 elements, 109.38 KB over 100 steps
Rank[217]: accel-time[0.399628] update-time[0.000828] search-time[0.032621] mpi-time[0.496675]
Rank[42]: Average time = 0.934154 (ms) per step with 2000 elements, 109.38 KB over 100 steps
Rank[42]: accel-time[0.455369] update-time[0.001061] search-time[0.034089] mpi-time[0.441901]
Rank[117]: Average time = 0.930839 (ms) per step with 2000 elements, 109.38 KB over 100 steps
Rank[117]: accel-time[0.454594] update-time[0.000955] search-time[0.029062] mpi-time[0.444573]
Rank[144]: Average time = 0.930983 (ms) per step with 2000 elements, 109.38 KB over 100 steps
Rank[144]: accel-time[0.452949] update-time[0.000925] search-time[0.026938] mpi-time[0.448749]
Rank[218]: Average time = 0.931796 (ms) per step with 2000 elements, 109.38 KB over 100 steps
Rank[218]: accel-time[0.397670] update-time[0.000897] search-time[0.034404] mpi-time[0.497526]
Rank[44]: Average time = 0.935090 (ms) per step with 2000 elements, 109.38 KB over 100 steps
Rank[44]: accel-time[0.453323] update-time[0.000979] search-time[0.034049] mpi-time[0.445343]
Rank[146]: Average time = 0.930918 (ms) per step with 2000 elements, 109.38 KB over 100 steps
Rank[146]: accel-time[0.453855] update-time[0.000989] search-time[0.028185] mpi-time[0.446364]
Rank[219]: Average time = 0.931724 (ms) per step with 2000 elements, 109.38 KB over 100 steps
Rank[219]: accel-time[0.396216] update-time[0.000869] search-time[0.035141] mpi-time[0.497971]
Rank[45]: Average time = 0.934943 (ms) per step with 2000 elements, 109.38 KB over 100 steps
Rank[45]: accel-time[0.453751] update-time[0.000947] search-time[0.033873] mpi-time[0.444913]
Rank[147]: Average time = 0.931601 (ms) per step with 2000 elements, 109.38 KB over 100 steps
Rank[147]: accel-time[0.455415] update-time[0.000837] search-time[0.028242] mpi-time[0.445622]
Rank[223]: Average time = 0.931125 (ms) per step with 2000 elements, 109.38 KB over 100 steps
Rank[223]: accel-time[0.397024] update-time[0.000707] search-time[0.034109] mpi-time[0.498078]
Rank[46]: Average time = 0.934211 (ms) per step with 2000 elements, 109.38 KB over 100 steps
Rank[46]: accel-time[0.456021] update-time[0.000960] search-time[0.033088] mpi-time[0.442622]
Rank[148]: Average time = 0.930852 (ms) per step with 2000 elements, 109.38 KB over 100 steps
Rank[148]: accel-time[0.452503] update-time[0.000716] search-time[0.027246] mpi-time[0.449078]
Rank[224]: Average time = 0.930448 (ms) per step with 2000 elements, 109.38 KB over 100 steps
Rank[224]: accel-time[0.396402] update-time[0.000668] search-time[0.031938] mpi-time[0.499824]
Rank[50]: Average time = 0.934205 (ms) per step with 2000 elements, 109.38 KB over 100 steps
Rank[50]: accel-time[0.455860] update-time[0.001050] search-time[0.033615] mpi-time[0.442075]
Rank[149]: Average time = 0.930524 (ms) per step with 2000 elements, 109.38 KB over 100 steps
Rank[149]: accel-time[0.452741] update-time[0.000748] search-time[0.026995] mpi-time[0.448922]
Rank[226]: Average time = 0.931030 (ms) per step with 2000 elements, 109.38 KB over 100 steps
Rank[226]: accel-time[0.395853] update-time[0.000806] search-time[0.033565] mpi-time[0.499525]
Rank[51]: Average time = 0.935526 (ms) per step with 2000 elements, 109.38 KB over 100 steps
Rank[51]: accel-time[0.453532] update-time[0.000955] search-time[0.034922] mpi-time[0.444566]
Rank[150]: Average time = 0.931968 (ms) per step with 2000 elements, 109.38 KB over 100 steps
Rank[150]: accel-time[0.452735] update-time[0.000846] search-time[0.028466] mpi-time[0.448242]
Rank[228]: Average time = 0.930897 (ms) per step with 2000 elements, 109.38 KB over 100 steps
Rank[228]: accel-time[0.395372] update-time[0.000708] search-time[0.032359] mpi-time[0.501037]
Rank[53]: Average time = 0.934540 (ms) per step with 2000 elements, 109.38 KB over 100 steps
Rank[53]: accel-time[0.453227] update-time[0.001278] search-time[0.033664] mpi-time[0.444700]
Rank[152]: Average time = 0.930597 (ms) per step with 2000 elements, 109.38 KB over 100 steps
Rank[152]: accel-time[0.449617] update-time[0.000729] search-time[0.027316] mpi-time[0.451717]
Rank[231]: Average time = 0.931874 (ms) per step with 2000 elements, 109.38 KB over 100 steps
Rank[231]: accel-time[0.395564] update-time[0.001032] search-time[0.033360] mpi-time[0.500180]
Rank[56]: Average time = 0.935776 (ms) per step with 2000 elements, 109.38 KB over 100 steps
Rank[56]: accel-time[0.449304] update-time[0.000763] search-time[0.036511] mpi-time[0.447882]
Rank[153]: Average time = 0.931501 (ms) per step with 2000 elements, 109.38 KB over 100 steps
Rank[153]: accel-time[0.452477] update-time[0.000942] search-time[0.028500] mpi-time[0.448318]
Rank[235]: Average time = 0.931686 (ms) per step with 2000 elements, 109.38 KB over 100 steps
Rank[235]: accel-time[0.396854] update-time[0.000804] search-time[0.034855] mpi-time[0.497421]
Rank[57]: Average time = 0.934239 (ms) per step with 2000 elements, 109.38 KB over 100 steps
Rank[57]: accel-time[0.450208] update-time[0.000739] search-time[0.034443] mpi-time[0.447462]
Rank[154]: Average time = 0.930590 (ms) per step with 2000 elements, 109.38 KB over 100 steps
Rank[154]: accel-time[0.452508] update-time[0.000802] search-time[0.028902] mpi-time[0.447155]
Rank[237]: Average time = 0.930596 (ms) per step with 2000 elements, 109.38 KB over 100 steps
Rank[237]: accel-time[0.396727] update-time[0.000854] search-time[0.031848] mpi-time[0.499552]
Rank[58]: Average time = 0.934732 (ms) per step with 2000 elements, 109.38 KB over 100 steps
Rank[58]: accel-time[0.452544] update-time[0.000984] search-time[0.033596] mpi-time[0.445693]
Rank[155]: Average time = 0.931348 (ms) per step with 2000 elements, 109.38 KB over 100 steps
Rank[155]: accel-time[0.451907] update-time[0.000850] search-time[0.029330] mpi-time[0.448116]
Rank[241]: Average time = 0.931284 (ms) per step with 2000 elements, 109.38 KB over 100 steps
Rank[241]: accel-time[0.398140] update-time[0.000794] search-time[0.033742] mpi-time[0.496952]
Rank[59]: Average time = 0.934787 (ms) per step with 2000 elements, 109.38 KB over 100 steps
Rank[59]: accel-time[0.452698] update-time[0.001089] search-time[0.034135] mpi-time[0.444987]
Rank[156]: Average time = 0.931110 (ms) per step with 2000 elements, 109.38 KB over 100 steps
Rank[156]: accel-time[0.452391] update-time[0.000906] search-time[0.028263] mpi-time[0.448007]
Rank[243]: Average time = 0.930413 (ms) per step with 2000 elements, 109.38 KB over 100 steps
Rank[243]: accel-time[0.394734] update-time[0.000724] search-time[0.033827] mpi-time[0.499642]
Rank[1]: Average time = 0.935130 (ms) per step with 2000 elements, 109.38 KB over 100 steps
Rank[1]: accel-time[0.455340] update-time[0.000982] search-time[0.033926] mpi-time[0.443203]
Rank[158]: Average time = 0.931487 (ms) per step with 2000 elements, 109.38 KB over 100 steps
Rank[158]: accel-time[0.455595] update-time[0.000921] search-time[0.028203] mpi-time[0.445340]
Rank[244]: Average time = 0.930791 (ms) per step with 2000 elements, 109.38 KB over 100 steps
Rank[244]: accel-time[0.431213] update-time[0.000990] search-time[0.029551] mpi-time[0.467553]
Rank[4]: Average time = 0.933475 (ms) per step with 2000 elements, 109.38 KB over 100 steps
Rank[4]: accel-time[0.456264] update-time[0.000861] search-time[0.031597] mpi-time[0.443193]
Rank[159]: Average time = 0.930902 (ms) per step with 2000 elements, 109.38 KB over 100 steps
Rank[159]: accel-time[0.453799] update-time[0.000950] search-time[0.028486] mpi-time[0.446154]
Rank[245]: Average time = 0.931350 (ms) per step with 2000 elements, 109.38 KB over 100 steps
Rank[245]: accel-time[0.398280] update-time[0.000850] search-time[0.033078] mpi-time[0.497082]
Rank[7]: Average time = 0.935559 (ms) per step with 2000 elements, 109.38 KB over 100 steps
Rank[7]: accel-time[0.451169] update-time[0.000867] search-time[0.035148] mpi-time[0.447035]
Rank[160]: Average time = 0.932058 (ms) per step with 2000 elements, 109.38 KB over 100 steps
Rank[160]: accel-time[0.452853] update-time[0.000775] search-time[0.028145] mpi-time[0.448960]
Rank[248]: Average time = 0.931167 (ms) per step with 2000 elements, 109.38 KB over 100 steps
Rank[248]: accel-time[0.397809] update-time[0.001020] search-time[0.032875] mpi-time[0.498157]
Rank[8]: Average time = 0.934149 (ms) per step with 2000 elements, 109.38 KB over 100 steps
Rank[8]: accel-time[0.455634] update-time[0.000953] search-time[0.033337] mpi-time[0.442763]
Rank[161]: Average time = 0.930660 (ms) per step with 2000 elements, 109.38 KB over 100 steps
Rank[161]: accel-time[0.450810] update-time[0.000966] search-time[0.026972] mpi-time[0.450701]
Rank[249]: Average time = 0.931591 (ms) per step with 2000 elements, 109.38 KB over 100 steps
Rank[249]: accel-time[0.397259] update-time[0.000839] search-time[0.033339] mpi-time[0.498080]
Rank[10]: Average time = 0.934089 (ms) per step with 2000 elements, 109.38 KB over 100 steps
Rank[10]: accel-time[0.454247] update-time[0.001012] search-time[0.034262] mpi-time[0.443000]
Rank[162]: Average time = 0.931697 (ms) per step with 2000 elements, 109.38 KB over 100 steps
Rank[162]: accel-time[0.454279] update-time[0.000946] search-time[0.028251] mpi-time[0.446580]
Rank[250]: Average time = 0.930879 (ms) per step with 2000 elements, 109.38 KB over 100 steps
Rank[250]: accel-time[0.396643] update-time[0.000715] search-time[0.033137] mpi-time[0.498973]
Rank[14]: Average time = 0.935627 (ms) per step with 2000 elements, 109.38 KB over 100 steps
Rank[14]: accel-time[0.456122] update-time[0.000895] search-time[0.034565] mpi-time[0.442713]
Rank[164]: Average time = 0.930318 (ms) per step with 2000 elements, 109.38 KB over 100 steps
Rank[164]: accel-time[0.452983] update-time[0.000868] search-time[0.025983] mpi-time[0.448981]
Rank[253]: Average time = 0.930326 (ms) per step with 2000 elements, 109.38 KB over 100 steps
Rank[253]: accel-time[0.398785] update-time[0.000796] search-time[0.032617] mpi-time[0.496768]
Rank[15]: Average time = 0.935210 (ms) per step with 2000 elements, 109.38 KB over 100 steps
Rank[15]: accel-time[0.453492] update-time[0.000877] search-time[0.034551] mpi-time[0.444766]
Rank[165]: Average time = 0.931551 (ms) per step with 2000 elements, 109.38 KB over 100 steps
Rank[165]: accel-time[0.453330] update-time[0.001057] search-time[0.027106] mpi-time[0.448413]
Rank[21]: Average time = 0.933858 (ms) per step with 2000 elements, 109.38 KB over 100 steps
Rank[21]: accel-time[0.453538] update-time[0.001100] search-time[0.033126] mpi-time[0.444542]
Rank[166]: Average time = 0.932047 (ms) per step with 2000 elements, 109.38 KB over 100 steps
Rank[166]: accel-time[0.450377] update-time[0.000849] search-time[0.029601] mpi-time[0.449953]
Rank[22]: Average time = 0.934006 (ms) per step with 2000 elements, 109.38 KB over 100 steps
Rank[22]: accel-time[0.453531] update-time[0.001042] search-time[0.033458] mpi-time[0.444444]
Rank[167]: Average time = 0.930778 (ms) per step with 2000 elements, 109.38 KB over 100 steps
Rank[167]: accel-time[0.450638] update-time[0.000797] search-time[0.028170] mpi-time[0.449845]
Rank[23]: Average time = 0.935037 (ms) per step with 2000 elements, 109.38 KB over 100 steps
Rank[23]: accel-time[0.453857] update-time[0.001030] search-time[0.034132] mpi-time[0.444449]
Rank[168]: Average time = 0.931012 (ms) per step with 2000 elements, 109.38 KB over 100 steps
Rank[168]: accel-time[0.452127] update-time[0.000724] search-time[0.027706] mpi-time[0.449122]
Rank[25]: Average time = 0.935473 (ms) per step with 2000 elements, 109.38 KB over 100 steps
Rank[25]: accel-time[0.452531] update-time[0.001022] search-time[0.035043] mpi-time[0.445511]
Rank[169]: Average time = 0.930961 (ms) per step with 2000 elements, 109.38 KB over 100 steps
Rank[169]: accel-time[0.449939] update-time[0.000743] search-time[0.027844] mpi-time[0.451137]
Rank[27]: Average time = 0.934570 (ms) per step with 2000 elements, 109.38 KB over 100 steps
Rank[27]: accel-time[0.453808] update-time[0.001070] search-time[0.035018] mpi-time[0.443082]
Rank[64]: Average time = 0.929941 (ms) per step with 2000 elements, 109.38 KB over 100 steps
Rank[64]: accel-time[0.450765] update-time[0.000773] search-time[0.029067] mpi-time[0.447870]
Rank[170]: Average time = 0.930749 (ms) per step with 2000 elements, 109.38 KB over 100 steps
Rank[170]: accel-time[0.455623] update-time[0.000936] search-time[0.028349] mpi-time[0.444369]
Rank[28]: Average time = 0.934238 (ms) per step with 2000 elements, 109.38 KB over 100 steps
Rank[28]: accel-time[0.450738] update-time[0.000914] search-time[0.034254] mpi-time[0.446923]
Rank[65]: Average time = 0.930660 (ms) per step with 2000 elements, 109.38 KB over 100 steps
Rank[65]: accel-time[0.450664] update-time[0.000763] search-time[0.029687] mpi-time[0.447805]
Rank[171]: Average time = 0.931548 (ms) per step with 2000 elements, 109.38 KB over 100 steps
Rank[171]: accel-time[0.453505] update-time[0.000999] search-time[0.029071] mpi-time[0.446481]
Rank[30]: Average time = 0.935344 (ms) per step with 2000 elements, 109.38 KB over 100 steps
Rank[30]: accel-time[0.453374] update-time[0.001046] search-time[0.035075] mpi-time[0.444407]
Rank[66]: Average time = 0.931628 (ms) per step with 2000 elements, 109.38 KB over 100 steps
Rank[66]: accel-time[0.454444] update-time[0.000733] search-time[0.030610] mpi-time[0.443973]
Rank[172]: Average time = 0.931060 (ms) per step with 2000 elements, 109.38 KB over 100 steps
Rank[172]: accel-time[0.452800] update-time[0.000876] search-time[0.027253] mpi-time[0.448596]
Rank[194]: Average time = 0.932094 (ms) per step with 2000 elements, 109.38 KB over 100 steps
Rank[194]: accel-time[0.455596] update-time[0.000820] search-time[0.028377] mpi-time[0.445672]
Rank[31]: Average time = 0.935052 (ms) per step with 2000 elements, 109.38 KB over 100 steps
Rank[31]: accel-time[0.455355] update-time[0.000952] search-time[0.034717] mpi-time[0.442366]
Rank[68]: Average time = 0.930811 (ms) per step with 2000 elements, 109.38 KB over 100 steps
Rank[68]: accel-time[0.456962] update-time[0.001082] search-time[0.028491] mpi-time[0.442367]
Rank[173]: Average time = 0.931165 (ms) per step with 2000 elements, 109.38 KB over 100 steps
Rank[173]: accel-time[0.453511] update-time[0.000918] search-time[0.027378] mpi-time[0.447848]
Rank[197]: Average time = 0.930841 (ms) per step with 2000 elements, 109.38 KB over 100 steps
Rank[197]: accel-time[0.453134] update-time[0.000862] search-time[0.026227] mpi-time[0.449482]
Rank[35]: Average time = 0.933892 (ms) per step with 2000 elements, 109.38 KB over 100 steps
Rank[35]: accel-time[0.450310] update-time[0.000777] search-time[0.034272] mpi-time[0.447175]
Rank[71]: Average time = 0.929989 (ms) per step with 2000 elements, 109.38 KB over 100 steps
Rank[71]: accel-time[0.454720] update-time[0.000932] search-time[0.028859] mpi-time[0.443561]
Rank[175]: Average time = 0.931529 (ms) per step with 2000 elements, 109.38 KB over 100 steps
Rank[175]: accel-time[0.452241] update-time[0.000762] search-time[0.027741] mpi-time[0.449623]
Rank[199]: Average time = 0.931907 (ms) per step with 2000 elements, 109.38 KB over 100 steps
Rank[199]: accel-time[0.451945] update-time[0.000949] search-time[0.028985] mpi-time[0.448528]
Rank[37]: Average time = 0.935394 (ms) per step with 2000 elements, 109.38 KB over 100 steps
Rank[37]: accel-time[0.453851] update-time[0.001102] search-time[0.033489] mpi-time[0.445427]
Rank[74]: Average time = 0.931248 (ms) per step with 2000 elements, 109.38 KB over 100 steps
Rank[74]: accel-time[0.455267] update-time[0.000927] search-time[0.030405] mpi-time[0.443206]
Rank[177]: Average time = 0.930342 (ms) per step with 2000 elements, 109.38 KB over 100 steps
Rank[177]: accel-time[0.452576] update-time[0.000918] search-time[0.026528] mpi-time[0.448855]
Rank[200]: Average time = 0.931567 (ms) per step with 2000 elements, 109.38 KB over 100 steps
Rank[200]: accel-time[0.452920] update-time[0.001031] search-time[0.027716] mpi-time[0.448200]
Rank[39]: Average time = 0.934268 (ms) per step with 2000 elements, 109.38 KB over 100 steps
Rank[39]: accel-time[0.451943] update-time[0.000842] search-time[0.034376] mpi-time[0.445726]
Rank[75]: Average time = 0.931658 (ms) per step with 2000 elements, 109.38 KB over 100 steps
Rank[75]: accel-time[0.453471] update-time[0.000774] search-time[0.030970] mpi-time[0.445066]
Rank[178]: Average time = 0.930523 (ms) per step with 2000 elements, 109.38 KB over 100 steps
Rank[178]: accel-time[0.449218] update-time[0.000826] search-time[0.027421] mpi-time[0.451896]
Rank[201]: Average time = 0.931567 (ms) per step with 2000 elements, 109.38 KB over 100 steps
Rank[201]: accel-time[0.453488] update-time[0.000851] search-time[0.027596] mpi-time[0.448263]
Rank[40]: Average time = 0.934133 (ms) per step with 2000 elements, 109.38 KB over 100 steps
Rank[40]: accel-time[0.453642] update-time[0.000932] search-time[0.033490] mpi-time[0.444919]
Rank[76]: Average time = 0.931852 (ms) per step with 2000 elements, 109.38 KB over 100 steps
Rank[76]: accel-time[0.451068] update-time[0.000751] search-time[0.031218] mpi-time[0.447316]
Rank[179]: Average time = 0.931222 (ms) per step with 2000 elements, 109.38 KB over 100 steps
Rank[179]: accel-time[0.451442] update-time[0.000821] search-time[0.028182] mpi-time[0.449612]
Rank[203]: Average time = 0.931422 (ms) per step with 2000 elements, 109.38 KB over 100 steps
Rank[203]: accel-time[0.453743] update-time[0.000924] search-time[0.027193] mpi-time[0.448206]
Rank[41]: Average time = 0.933909 (ms) per step with 2000 elements, 109.38 KB over 100 steps
Rank[41]: accel-time[0.453212] update-time[0.000801] search-time[0.033191] mpi-time[0.445201]
Rank[77]: Average time = 0.931852 (ms) per step with 2000 elements, 109.38 KB over 100 steps
Rank[77]: accel-time[0.450549] update-time[0.000741] search-time[0.031038] mpi-time[0.448189]
Rank[180]: Average time = 0.930719 (ms) per step with 2000 elements, 109.38 KB over 100 steps
Rank[180]: accel-time[0.454739] update-time[0.000943] search-time[0.027108] mpi-time[0.446586]
Rank[205]: Average time = 0.931029 (ms) per step with 2000 elements, 109.38 KB over 100 steps
Rank[205]: accel-time[0.449552] update-time[0.000725] search-time[0.027498] mpi-time[0.451926]
Rank[43]: Average time = 0.935424 (ms) per step with 2000 elements, 109.38 KB over 100 steps
Rank[43]: accel-time[0.453709] update-time[0.001132] search-time[0.035245] mpi-time[0.443804]
Rank[79]: Average time = 0.930310 (ms) per step with 2000 elements, 109.38 KB over 100 steps
Rank[79]: accel-time[0.453758] update-time[0.000778] search-time[0.029611] mpi-time[0.444794]
Rank[181]: Average time = 0.931323 (ms) per step with 2000 elements, 109.38 KB over 100 steps
Rank[181]: accel-time[0.455736] update-time[0.000934] search-time[0.027735] mpi-time[0.445472]
Rank[212]: Average time = 0.930452 (ms) per step with 2000 elements, 109.38 KB over 100 steps
Rank[212]: accel-time[0.397808] update-time[0.000890] search-time[0.032328] mpi-time[0.497758]
Rank[47]: Average time = 0.934939 (ms) per step with 2000 elements, 109.38 KB over 100 steps
Rank[47]: accel-time[0.453778] update-time[0.001024] search-time[0.033778] mpi-time[0.444592]
Rank[81]: Average time = 0.931254 (ms) per step with 2000 elements, 109.38 KB over 100 steps
Rank[81]: accel-time[0.457627] update-time[0.000874] search-time[0.028923] mpi-time[0.442297]
Rank[183]: Average time = 0.930466 (ms) per step with 2000 elements, 109.38 KB over 100 steps
Rank[183]: accel-time[0.448690] update-time[0.000846] search-time[0.028131] mpi-time[0.451676]
Rank[213]: Average time = 0.931943 (ms) per step with 2000 elements, 109.38 KB over 100 steps
Rank[213]: accel-time[0.398990] update-time[0.000968] search-time[0.033318] mpi-time[0.497296]
Rank[48]: Average time = 0.935041 (ms) per step with 2000 elements, 109.38 KB over 100 steps
Rank[48]: accel-time[0.453024] update-time[0.000984] search-time[0.034290] mpi-time[0.445238]
Rank[83]: Average time = 0.931870 (ms) per step with 2000 elements, 109.38 KB over 100 steps
Rank[83]: accel-time[0.455333] update-time[0.000941] search-time[0.030373] mpi-time[0.443770]
Rank[184]: Average time = 0.930702 (ms) per step with 2000 elements, 109.38 KB over 100 steps
Rank[184]: accel-time[0.450309] update-time[0.000759] search-time[0.028701] mpi-time[0.449709]
Rank[220]: Average time = 0.931433 (ms) per step with 2000 elements, 109.38 KB over 100 steps
Rank[220]: accel-time[0.397054] update-time[0.000823] search-time[0.032987] mpi-time[0.499219]
Rank[49]: Average time = 0.935202 (ms) per step with 2000 elements, 109.38 KB over 100 steps
Rank[49]: accel-time[0.455874] update-time[0.000946] search-time[0.033941] mpi-time[0.442748]
Rank[84]: Average time = 0.930357 (ms) per step with 2000 elements, 109.38 KB over 100 steps
Rank[84]: accel-time[0.454489] update-time[0.000980] search-time[0.028910] mpi-time[0.444496]
Rank[185]: Average time = 0.930704 (ms) per step with 2000 elements, 109.38 KB over 100 steps
Rank[185]: accel-time[0.449943] update-time[0.000796] search-time[0.028012] mpi-time[0.450791]
Rank[222]: Average time = 0.931232 (ms) per step with 2000 elements, 109.38 KB over 100 steps
Rank[222]: accel-time[0.394300] update-time[0.000707] search-time[0.033719] mpi-time[0.501259]
Rank[54]: Average time = 0.935684 (ms) per step with 2000 elements, 109.38 KB over 100 steps
Rank[54]: accel-time[0.452529] update-time[0.000909] search-time[0.035421] mpi-time[0.445630]
Rank[85]: Average time = 0.931242 (ms) per step with 2000 elements, 109.38 KB over 100 steps
Rank[85]: accel-time[0.456567] update-time[0.001027] search-time[0.029328] mpi-time[0.442769]
Rank[186]: Average time = 0.930550 (ms) per step with 2000 elements, 109.38 KB over 100 steps
Rank[186]: accel-time[0.490992] update-time[0.001398] search-time[0.023404] mpi-time[0.413187]
Rank[225]: Average time = 0.930467 (ms) per step with 2000 elements, 109.38 KB over 100 steps
Rank[225]: accel-time[0.394582] update-time[0.000729] search-time[0.032101] mpi-time[0.501925]
Rank[55]: Average time = 0.933693 (ms) per step with 2000 elements, 109.38 KB over 100 steps
Rank[55]: accel-time[0.448996] update-time[0.001043] search-time[0.034050] mpi-time[0.448473]
Rank[86]: Average time = 0.930570 (ms) per step with 2000 elements, 109.38 KB over 100 steps
Rank[86]: accel-time[0.451292] update-time[0.000787] search-time[0.030158] mpi-time[0.447081]
Rank[187]: Average time = 0.931054 (ms) per step with 2000 elements, 109.38 KB over 100 steps
Rank[187]: accel-time[0.459150] update-time[0.001212] search-time[0.027021] mpi-time[0.442012]
Rank[227]: Average time = 0.930456 (ms) per step with 2000 elements, 109.38 KB over 100 steps
Rank[227]: accel-time[0.398050] update-time[0.000842] search-time[0.033123] mpi-time[0.497163]
Rank[61]: Average time = 0.934179 (ms) per step with 2000 elements, 109.38 KB over 100 steps
Rank[61]: accel-time[0.455292] update-time[0.000877] search-time[0.033603] mpi-time[0.442875]
Rank[87]: Average time = 0.931058 (ms) per step with 2000 elements, 109.38 KB over 100 steps
Rank[87]: accel-time[0.452864] update-time[0.000724] search-time[0.030191] mpi-time[0.445960]
Rank[188]: Average time = 0.931258 (ms) per step with 2000 elements, 109.38 KB over 100 steps
Rank[188]: accel-time[0.452663] update-time[0.000898] search-time[0.027892] mpi-time[0.448399]
Rank[229]: Average time = 0.930339 (ms) per step with 2000 elements, 109.38 KB over 100 steps
Rank[229]: accel-time[0.396893] update-time[0.000668] search-time[0.031783] mpi-time[0.499738]
Rank[62]: Average time = 0.934229 (ms) per step with 2000 elements, 109.38 KB over 100 steps
Rank[62]: accel-time[0.449435] update-time[0.000805] search-time[0.034950] mpi-time[0.447632]
Rank[88]: Average time = 0.930664 (ms) per step with 2000 elements, 109.38 KB over 100 steps
Rank[88]: accel-time[0.453039] update-time[0.000730] search-time[0.030057] mpi-time[0.445561]
Rank[189]: Average time = 0.931197 (ms) per step with 2000 elements, 109.38 KB over 100 steps
Rank[189]: accel-time[0.451839] update-time[0.000930] search-time[0.028289] mpi-time[0.448679]
Rank[230]: Average time = 0.930605 (ms) per step with 2000 elements, 109.38 KB over 100 steps
Rank[230]: accel-time[0.395887] update-time[0.000821] search-time[0.032496] mpi-time[0.499852]
Rank[63]: Average time = 0.933969 (ms) per step with 2000 elements, 109.38 KB over 100 steps
Rank[63]: accel-time[0.449345] update-time[0.000760] search-time[0.034597] mpi-time[0.447999]
Rank[91]: Average time = 0.931454 (ms) per step with 2000 elements, 109.38 KB over 100 steps
Rank[91]: accel-time[0.454777] update-time[0.000902] search-time[0.030852] mpi-time[0.443217]
Rank[190]: Average time = 0.930577 (ms) per step with 2000 elements, 109.38 KB over 100 steps
Rank[190]: accel-time[0.453573] update-time[0.001080] search-time[0.028433] mpi-time[0.446025]
Rank[232]: Average time = 0.931506 (ms) per step with 2000 elements, 109.38 KB over 100 steps
Rank[232]: accel-time[0.396282] update-time[0.000832] search-time[0.033050] mpi-time[0.499841]
Rank[93]: Average time = 0.930599 (ms) per step with 2000 elements, 109.38 KB over 100 steps
Rank[93]: accel-time[0.450991] update-time[0.000736] search-time[0.029166] mpi-time[0.448481]
Rank[191]: Average time = 0.931760 (ms) per step with 2000 elements, 109.38 KB over 100 steps
Rank[191]: accel-time[0.455786] update-time[0.001037] search-time[0.029597] mpi-time[0.443768]
Rank[233]: Average time = 0.930823 (ms) per step with 2000 elements, 109.38 KB over 100 steps
Rank[233]: accel-time[0.396312] update-time[0.000758] search-time[0.031775] mpi-time[0.500574]
Rank[94]: Average time = 0.930223 (ms) per step with 2000 elements, 109.38 KB over 100 steps
Rank[94]: accel-time[0.454128] update-time[0.001015] search-time[0.029265] mpi-time[0.444171]
Rank[236]: Average time = 0.931596 (ms) per step with 2000 elements, 109.38 KB over 100 steps
Rank[236]: accel-time[0.396318] update-time[0.000846] search-time[0.033659] mpi-time[0.499089]
Rank[95]: Average time = 0.931497 (ms) per step with 2000 elements, 109.38 KB over 100 steps
Rank[95]: accel-time[0.456305] update-time[0.000992] search-time[0.030827] mpi-time[0.441905]
Rank[239]: Average time = 0.931386 (ms) per step with 2000 elements, 109.38 KB over 100 steps
Rank[239]: accel-time[0.396356] update-time[0.000720] search-time[0.033084] mpi-time[0.500015]
Rank[103]: Average time = 0.930541 (ms) per step with 2000 elements, 109.38 KB over 100 steps
Rank[103]: accel-time[0.455283] update-time[0.001184] search-time[0.028481] mpi-time[0.443743]
Rank[240]: Average time = 0.930492 (ms) per step with 2000 elements, 109.38 KB over 100 steps
Rank[240]: accel-time[0.396675] update-time[0.000869] search-time[0.034361] mpi-time[0.496746]
Rank[105]: Average time = 0.931306 (ms) per step with 2000 elements, 109.38 KB over 100 steps
Rank[105]: accel-time[0.454639] update-time[0.000946] search-time[0.029570] mpi-time[0.444686]
Rank[242]: Average time = 0.930958 (ms) per step with 2000 elements, 109.38 KB over 100 steps
Rank[242]: accel-time[0.394503] update-time[0.000728] search-time[0.034093] mpi-time[0.500502]
Rank[106]: Average time = 0.930892 (ms) per step with 2000 elements, 109.38 KB over 100 steps
Rank[106]: accel-time[0.454833] update-time[0.000765] search-time[0.030748] mpi-time[0.443056]
Rank[251]: Average time = 0.930935 (ms) per step with 2000 elements, 109.38 KB over 100 steps
Rank[251]: accel-time[0.396369] update-time[0.000685] search-time[0.033786] mpi-time[0.498899]
Rank[108]: Average time = 0.930889 (ms) per step with 2000 elements, 109.38 KB over 100 steps
Rank[108]: accel-time[0.457780] update-time[0.000883] search-time[0.029519] mpi-time[0.440887]
Rank[252]: Average time = 0.931040 (ms) per step with 2000 elements, 109.38 KB over 100 steps
Rank[252]: accel-time[0.398301] update-time[0.000823] search-time[0.033184] mpi-time[0.497312]
Rank[109]: Average time = 0.931017 (ms) per step with 2000 elements, 109.38 KB over 100 steps
Rank[109]: accel-time[0.454159] update-time[0.000955] search-time[0.029579] mpi-time[0.444266]
Rank[255]: Average time = 0.932020 (ms) per step with 2000 elements, 109.38 KB over 100 steps
Rank[255]: accel-time[0.396296] update-time[0.001109] search-time[0.034326] mpi-time[0.498938]
Rank[110]: Average time = 0.930542 (ms) per step with 2000 elements, 109.38 KB over 100 steps
Rank[110]: accel-time[0.455199] update-time[0.001018] search-time[0.028693] mpi-time[0.443915]
Rank[111]: Average time = 0.930256 (ms) per step with 2000 elements, 109.38 KB over 100 steps
Rank[111]: accel-time[0.456575] update-time[0.000901] search-time[0.028966] mpi-time[0.442304]
Rank[114]: Average time = 0.930761 (ms) per step with 2000 elements, 109.38 KB over 100 steps
Rank[114]: accel-time[0.454032] update-time[0.000770] search-time[0.029918] mpi-time[0.444811]
Rank[115]: Average time = 0.931338 (ms) per step with 2000 elements, 109.38 KB over 100 steps
Rank[115]: accel-time[0.451453] update-time[0.000749] search-time[0.031023] mpi-time[0.446745]
Rank[118]: Average time = 0.930933 (ms) per step with 2000 elements, 109.38 KB over 100 steps
Rank[118]: accel-time[0.455033] update-time[0.001102] search-time[0.029224] mpi-time[0.444066]
Rank[119]: Average time = 0.930950 (ms) per step with 2000 elements, 109.38 KB over 100 steps
Rank[119]: accel-time[0.456917] update-time[0.000913] search-time[0.029088] mpi-time[0.442239]
Rank[120]: Average time = 0.931232 (ms) per step with 2000 elements, 109.38 KB over 100 steps
Rank[120]: accel-time[0.454416] update-time[0.000817] search-time[0.031102] mpi-time[0.443658]
Rank[121]: Average time = 0.931599 (ms) per step with 2000 elements, 109.38 KB over 100 steps
Rank[121]: accel-time[0.451400] update-time[0.000849] search-time[0.031275] mpi-time[0.446774]
Rank[122]: Average time = 0.931636 (ms) per step with 2000 elements, 109.38 KB over 100 steps
Rank[122]: accel-time[0.502718] update-time[0.001308] search-time[0.022780] mpi-time[0.403042]
Rank[123]: Average time = 0.930532 (ms) per step with 2000 elements, 109.38 KB over 100 steps
Rank[123]: accel-time[0.459363] update-time[0.001197] search-time[0.028343] mpi-time[0.439830]
Rank[124]: Average time = 0.930218 (ms) per step with 2000 elements, 109.38 KB over 100 steps
Rank[124]: accel-time[0.452771] update-time[0.000897] search-time[0.029361] mpi-time[0.445676]
Rank[125]: Average time = 0.930587 (ms) per step with 2000 elements, 109.38 KB over 100 steps
Rank[125]: accel-time[0.451088] update-time[0.000841] search-time[0.030255] mpi-time[0.447139]
Rank[126]: Average time = 0.930672 (ms) per step with 2000 elements, 109.38 KB over 100 steps
Rank[126]: accel-time[0.456295] update-time[0.000967] search-time[0.029644] mpi-time[0.442175]
Rank[127]: Average time = 0.931536 (ms) per step with 2000 elements, 109.38 KB over 100 steps
Rank[127]: accel-time[0.454935] update-time[0.001060] search-time[0.030344] mpi-time[0.443523]
TACC:  MPI job exited with code: 255 
TACC:  Shutdown complete. Exiting. 
TACC:  Starting up job 465975 
TACC:  Starting parallel tasks... 
min/max/ave velocity = 8.039278e-01, 1.741028e+02, 9.976321e+00
TACC:  MPI job exited with code: 1 
TACC:  Shutdown complete. Exiting. 
TACC:  Starting up job 465975 
TACC:  Starting parallel tasks... 
min/max/ave velocity = 1.403953e-01, 1.303425e+03, 1.962770e+01
TACC:  MPI job exited with code: 1 
TACC:  Shutdown complete. Exiting. 
TACC:  Starting up job 465975 
TACC:  Starting parallel tasks... 
min/max/ave velocity = 2.438454e+00, 7.247885e+02, 3.845768e+01
TACC:  MPI job exited with code: 1 
TACC:  Shutdown complete. Exiting. 
