min/max/ave velocity = 4.499140e-01, 1.369957e+01, 2.636857e+00
min/max/ave velocity = 4.499140e-01, 1.369957e+01, 2.636857e+00
min/max/ave velocity = 4.499140e-01, 1.369957e+01, 2.636857e+00
min/max/ave velocity = 4.499140e-01, 1.369957e+01, 2.636857e+00
min/max/ave velocity = 5.589022e+00, 5.512295e+02, 5.232863e+01
min/max/ave velocity = 5.589022e+00, 5.512295e+02, 5.232863e+01
min/max/ave velocity = 5.589022e+00, 5.512295e+02, 5.232863e+01
min/max/ave velocity = 5.589022e+00, 5.512295e+02, 5.232863e+01
min/max/ave velocity = 7.787351e+00, 5.511646e+02, 4.811707e+01
min/max/ave velocity = 7.787351e+00, 5.511646e+02, 4.811707e+01
min/max/ave velocity = 7.787351e+00, 5.511646e+02, 4.811707e+01
min/max/ave velocity = 7.787351e+00, 5.511646e+02, 4.811707e+01
min/max/ave velocity = 7.605365e+00, 5.511585e+02, 4.748246e+01
min/max/ave velocity = 7.605365e+00, 5.511585e+02, 4.748246e+01
min/max/ave velocity = 7.605365e+00, 5.511585e+02, 4.748246e+01
min/max/ave velocity = 7.605365e+00, 5.511585e+02, 4.748246e+01
min/max/ave velocity = 7.524022e+00, 5.511562e+02, 4.726351e+01
min/max/ave velocity = 7.524022e+00, 5.511562e+02, 4.726351e+01
min/max/ave velocity = 7.524022e+00, 5.511562e+02, 4.726351e+01
min/max/ave velocity = 7.524022e+00, 5.511562e+02, 4.726351e+01
min/max/ave velocity = 6.451493e+00, 8.811513e+02, 4.712275e+01
min/max/ave velocity = 6.451493e+00, 8.811513e+02, 4.712275e+01
min/max/ave velocity = 6.451493e+00, 8.811513e+02, 4.712275e+01
min/max/ave velocity = 6.451493e+00, 8.811513e+02, 4.712275e+01
min/max/ave velocity = 4.041052e+00, 7.137585e+02, 4.703484e+01
min/max/ave velocity = 4.041052e+00, 7.137585e+02, 4.703484e+01
min/max/ave velocity = 4.041052e+00, 7.137585e+02, 4.703484e+01
min/max/ave velocity = 4.041052e+00, 7.137585e+02, 4.703484e+01
min/max/ave velocity = 7.518643e+00, 5.511538e+02, 4.697420e+01
min/max/ave velocity = 7.518643e+00, 5.511538e+02, 4.697420e+01
min/max/ave velocity = 7.518643e+00, 5.511538e+02, 4.697420e+01
min/max/ave velocity = 7.518643e+00, 5.511538e+02, 4.697420e+01
min/max/ave velocity = 4.004863e+00, 7.137580e+02, 4.692985e+01
min/max/ave velocity = 4.004863e+00, 7.137580e+02, 4.692985e+01
min/max/ave velocity = 4.004863e+00, 7.137580e+02, 4.692985e+01
min/max/ave velocity = 4.004863e+00, 7.137580e+02, 4.692985e+01
min/max/ave velocity = 7.507808e+00, 5.511532e+02, 4.689606e+01
min/max/ave velocity = 7.507808e+00, 5.511532e+02, 4.689606e+01
min/max/ave velocity = 7.507808e+00, 5.511532e+02, 4.689606e+01
min/max/ave velocity = 7.507808e+00, 5.511532e+02, 4.689606e+01
min/max/ave velocity = 7.499918e+00, 5.511529e+02, 4.686948e+01
min/max/ave velocity = 7.499918e+00, 5.511529e+02, 4.686948e+01
min/max/ave velocity = 7.499918e+00, 5.511529e+02, 4.686948e+01
min/max/ave velocity = 7.499918e+00, 5.511529e+02, 4.686948e+01
min/max/ave velocity = 6.267163e+00, 8.811506e+02, 4.684810e+01
min/max/ave velocity = 6.267163e+00, 8.811506e+02, 4.684810e+01
min/max/ave velocity = 6.267163e+00, 8.811506e+02, 4.684810e+01
min/max/ave velocity = 6.267163e+00, 8.811506e+02, 4.684810e+01
min/max/ave velocity = 7.392300e+00, 1.243118e+03, 4.683105e+01
min/max/ave velocity = 7.392300e+00, 1.243118e+03, 4.683105e+01
min/max/ave velocity = 7.392300e+00, 1.243118e+03, 4.683105e+01
min/max/ave velocity = 7.392300e+00, 1.24311min/max/ave velocity = 6.328585e-01, 4.165014e+01, 5.034776e+00
min/max/ave velocity = 1.372677e+00, 3.264269e+03, 6.379268e+01
min/max/ave velocity = 1.445715e+00, 3.264268e+03, 6.153528e+01
min/max/ave velocity = 1.579977e+00, 3.264268e+03, 6.102025e+01
min/max/ave velocity = 1.662793e+00, 3.264268e+03, 6.078950e+01
min/max/ave velocity = 1.715310e+00, 3.264268e+03, 6.065814e+01
min/max/ave velocity = 1.750506e+00, 3.264268e+03, 6.057331e+01
min/max/ave velocity = 1.775437e+00, 3.264268e+03, 6.051418e+01
min/max/ave velocity = 1.793920e+00, 3.264268e+03, 6.046944e+01
min/max/ave velocity = 1.808125e+00, 3.264268e+03, 6.043468e+01
min/max/ave velocity = 1.819366e+00, 3.264268e+03, 6.040741e+01
min/max/ave velocity = 1.828475e+00, 3.264268e+03, 6.038516e+01
min/max/ave velocity = 1.836001e+00, 3.264268e+03, 6.036674e+01
min/max/ave velocity = 1.842322e+00, 3.264268e+03, 6.035091e+01
min/max/ave velocity = 1.847704e+00, 3.264268e+03, 6.033717e+01
min/max/ave velocity = 1.852342e+00, 3.264268e+03, 6.032593e+01
min/max/ave velocity = 1.856379e+00, 3.264268e+03, 6.031664e+01
min/max/ave velocity = 1.859925e+00, 3.264268e+03, 6.030878e+01
min/max/ave velocity = 1.863064e+00, 3.264268e+03, 6.030208e+01
min/max/ave velocity = 1.865862e+00, 3.264268e+03, 6.029566e+01
min/max/ave velocity = 1.868372e+00, 3.264268e+03, 6.028977e+01
min/max/ave velocity = 1.870636e+00, 3.264268e+03, 6.028441e+01
min/max/ave velocity = 1.872688e+00, 3.264268e+03, 6.027971e+01
min/max/ave velocity = 1.874557e+00, 3.264268e+03, 6.027535e+01
min/max/ave velocity = 1.876267e+00, 3.264268e+03, 6.027033e+01
min/max/ave velocity = 1.877837e+00, 3.264268e+03, 6.026585e+01
min/max/ave velocity = 1.879283e+00, 3.264268e+03, 6.026201e+01
min/max/ave velocity = 1.880619e+00, 3.264268e+03, 6.025843e+01
min/max/ave velocity = 1.881858e+00, 3.264268e+03, 6.025517e+01
min/max/ave velocity = 1.883010e+00, 3.264268e+03, 6.025217e+01
min/max/ave velocity = 1.884084e+00, 3.264268e+03, 6.024960e+01
min/max/ave velocity = 1.885087e+00, 3.264268e+03, 6.024729e+01
min/max/ave velocity = 1.886026e+00, 3.264268e+03, 6.024506e+01
min/max/ave velocity = 1.886907e+00, 3.264268e+03, 6.024295e+01
min/max/ave velocity = 1.887735e+00, 3.264268e+03, 6.024100e+01
min/max/ave velocity = 1.888516e+00, 3.264268e+03, 6.023920e+01
min/max/ave velocity = 1.889252e+00, 3.264268e+03, 6.023753e+01
min/max/ave velocity = 1.889948e+00, 3.264268e+03, 6.023591e+01
min/max/ave velocity = 1.890606e+00, 3.264268e+03, 6.023429e+01
min/max/ave velocity = 1.891231e+00, 3.264268e+03, 6.023263e+01
min/max/ave velocity = 1.891823e+00, 3.264268e+03, 6.023099e+01
min/max/ave velocity = 1.892387e+00, 3.264268e+03, 6.022955e+01
min/max/ave velocity = 1.892923e+00, 3.264268e+03, 6.022858e+01
min/max/ave velocity = 1.893434e+00, 3.264268e+03, 6.022760e+01
min/max/ave velocity = 1.893921e+00, 3.264268e+03, 6.022647e+01
min/max/ave velocity = 1.894386e+00, 3.264268e+03, 6.022528e+01
min/max/ave velocity = 1.894831e+00, 3.264268e+03, 6.022409e+01
min/max/ave velocity = 1.895257e+00, 3.264268e+03, 6.022292e+01
min/max/ave velocity = 1.895665e+00, 3.264268e+03, 6.022177e+01
min/max/ave velocity = 1.896056e+00, 3.264268e+03, 6.022065e+01
Average time = 36.762266 (ms) per step with 2000 elements 109.38 KB over 500 steps 36.735631 0.023667 0.002733
min/max/ave velocity = 8.039278e-01, 1.741028e+02, 9.976321e+00
min/max/ave velocity = 6.335042e+00, 4.635060e+03, 1.381239e+02
min/max/ave velocity = 6.243500e+00, 4.635059e+03, 1.374973e+02
min/max/ave velocity = 6.251424e+00, 4.635059e+03, 1.373483e+02
min/max/ave velocity = 6.242934e+00, 4.635059e+03, 1.372804e+02
min/max/ave velocity = 6.231600e+00, 4.635059e+03, 1.372560e+02
min/max/ave velocity = 6.221533e+00, 4.635059e+03, 1.372316e+02
min/max/ave velocity = 6.214155e+00, 4.635059e+03, 1.372146e+02
min/max/ave velocity = 6.210270e+00, 4.635059e+03, 1.372020e+02
min/max/ave velocity = 6.210598e+00, 4.635059e+03, 1.371923e+02
min/max/ave velocity = 6.215975e+00, 4.635059e+03, 1.371846e+02
min/max/ave velocity = 6.227393e+00, 4.635059e+03, 1.371784e+02
min/max/ave velocity = 6.245976e+00, 4.635059e+03, 1.371732e+02
min/max/ave velocity = 6.272883e+00, 4.635059e+03, 1.371689e+02
min/max/ave velocity = 6.309170e+00, 4.635059e+03, 1.371652e+02
min/max/ave velocity = 6.355587e+00, 4.635059e+03, 1.371620e+02
min/max/ave velocity = 6.412333e+00, 4.635059e+03, 1.371592e+02
min/max/ave velocity = 6.478839e+00, 4.635059e+03, 1.371568e+02
min/max/ave velocity = 6.553633e+00, 4.635059e+03, 1.371548e+02
min/max/ave velocity = 6.634393e+00, 4.635059e+03, 1.371532e+02
min/max/ave velocity = 6.718195e+00, 4.635059e+03, 1.371514e+02
min/max/ave velocity = 6.801932e+00, 4.635059e+03, 1.371498e+02
min/max/ave velocity = 6.882751e+00, 4.635059e+03, 1.371483e+02
min/max/ave velocity = 6.958392e+00, 4.635059e+03, 1.371470e+02
min/max/ave velocity = 6.953885e+00, 4.635059e+03, 1.371457e+02
min/max/ave velocity = 6.946141e+00, 4.635059e+03, 1.371446e+02
min/max/ave velocity = 6.939230e+00, 4.635059e+03, 1.371436e+02
min/max/ave velocity = 6.933151e+00, 4.635059e+03, 1.371426e+02
min/max/ave velocity = 6.927864e+00, 4.635059e+03, 1.371417e+02
min/max/ave velocity = 6.923304e+00, 4.635059e+03, 1.371409e+02
min/max/ave velocity = 6.919398e+00, 4.635059e+03, 1.371401e+02
min/max/ave velocity = 6.916069e+00, 4.635059e+03, 1.371393e+02
min/max/ave velocity = 6.913244e+00, 4.635059e+03, 1.371388e+02
min/max/ave velocity = 6.910856e+00, 4.635059e+03, 1.371383e+02
min/max/ave velocity = 6.908845e+00, 4.635059e+03, 1.371377e+02
min/max/ave velocity = 6.907158e+00, 4.635059e+03, 1.371372e+02
min/max/ave velocity = 6.905748e+00, 4.635059e+03, 1.371367e+02
min/max/ave velocity = 6.904577e+00, 4.635059e+03, 1.371362e+02
min/max/ave velocity = 6.903610e+00, 4.635059e+03, 1.371357e+02
min/max/ave velocity = 6.902819e+00, 4.635059e+03, 1.371353e+02
min/max/ave velocity = 6.902179e+00, 4.635059e+03, 1.371349e+02
min/max/ave velocity = 6.901670e+00, 4.635059e+03, 1.371346e+02
min/max/ave velocity = 6.901273e+00, 4.635059e+03, 1.371343e+02
min/max/ave velocity = 6.900973e+00, 4.635059e+03, 1.371339e+02
min/max/ave velocity = 6.900757e+00, 4.635059e+03, 1.371336e+02
min/max/ave velocity = 6.900614e+00, 4.635059e+03, 1.371332e+02
min/max/ave velocity = 6.900535e+00, 4.635059e+03, 1.371329e+02
min/max/ave velocity = 6.900511e+00, 4.635059e+03, 1.371325e+02
min/max/ave velocity = 6.900535e+00, 4.635059e+03, 1.371322e+02
min/max/ave velocity = 6.900601e+00, 4.635059e+03, 1.371319e+02
Average time = 146.164142 (ms) per step with 4000 elements 218.75 KB over 500 steps 146.108715 0.049073 0.006100
min/max/ave velocity = 1.403953e-01, 1.303425e+03, 1.962770e+01
min/max/ave velocity = 9.698857e+00, 9.633686e+03, 2.142787e+02
min/max/ave velocity = 9.768535e+00, 9.633685e+03, 2.138946e+02
min/max/ave velocity = 9.787878e+00, 9.633685e+03, 2.137946e+02
min/max/ave velocity = 9.795976e+00, 9.633685e+03, 2.137484e+02
min/max/ave velocity = 9.800034e+00, 9.633685e+03, 2.137218e+02
min/max/ave velocity = 9.802364e+00, 9.633685e+03, 2.137045e+02
min/max/ave velocity = 9.803843e+00, 9.633685e+03, 2.136924e+02
min/max/ave velocity = 9.804854e+00, 9.633685e+03, 2.136834e+02
min/max/ave velocity = 9.805584e+00, 9.633685e+03, 2.136766e+02
min/max/ave velocity = 9.806134e+00, 9.633685e+03, 2.136711e+02
min/max/ave velocity = 9.806562e+00, 9.633685e+03, 2.136667e+02
min/max/ave velocity = 9.806903e+00, 9.633685e+03, 2.136630e+02
min/max/ave velocity = 9.807182e+00, 9.633685e+03, 2.136599e+02
min/max/ave velocity = 9.807414e+00, 9.633685e+03, 2.136572e+02
min/max/ave velocity = 9.807610e+00, 9.633685e+03, 2.136550e+02
min/max/ave velocity = 9.807777e+00, 9.633685e+03, 2.136530e+02
min/max/ave velocity = 9.807922e+00, 9.633685e+03, 2.136512e+02
min/max/ave velocity = 9.808048e+00, 9.633685e+03, 2.136496e+02
min/max/ave velocity = 9.808159e+00, 9.633685e+03, 2.136482e+02
min/max/ave velocity = 9.808258e+00, 9.633685e+03, 2.136470e+02
min/max/ave velocity = 9.808346e+00, 9.633685e+03, 2.136458e+02
min/max/ave velocity = 9.808425e+00, 9.633685e+03, 2.136448e+02
min/max/ave velocity = 9.808496e+00, 9.633685e+03, 2.136439e+02
min/max/ave velocity = 9.808561e+00, 9.633685e+03, 2.136430e+02
min/max/ave velocity = 9.808620e+00, 9.633685e+03, 2.136422e+02
min/max/ave velocity = 9.808674e+00, 9.633685e+03, 2.136415e+02
min/max/ave velocity = 9.808723e+00, 9.633685e+03, 2.136408e+02
min/max/ave velocity = 9.808769e+00, 9.633685e+03, 2.136402e+02
min/max/ave velocity = 9.808811e+00, 9.633685e+03, 2.136396e+02
min/max/ave velocity = 9.808851e+00, 9.633685e+03, 2.136391e+02
min/max/ave velocity = 9.808887e+00, 9.633685e+03, 2.136386e+02
min/max/ave velocity = 9.808921e+00, 9.633685e+03, 2.136381e+02
min/max/ave velocity = 9.808953e+00, 9.633685e+03, 2.136376e+02
min/max/ave velocity = 9.808983e+00, 9.633685e+03, 2.136372e+02
min/max/ave velocity = 9.809010e+00, 9.633685e+03, 2.136368e+02
min/max/ave velocity = 9.809037e+00, 9.633685e+03, 2.136364e+02
min/max/ave velocity = 9.809061e+00, 9.633685e+03, 2.136361e+02
min/max/ave velocity = 9.809085e+00, 9.633685e+03, 2.136358e+02
min/max/ave velocity = 9.809107e+00, 9.633685e+03, 2.136354e+02
min/max/ave velocity = 9.809128e+00, 9.633685e+03, 2.136351e+02
min/max/ave velocity = 9.809147e+00, 9.633685e+03, 2.136349e+02
min/max/ave velocity = 9.809166e+00, 9.633685e+03, 2.136346e+02
min/max/ave velocity = 9.809184e+00, 9.633685e+03, 2.136343e+02
min/max/ave velocity = 9.809201e+00, 9.633685e+03, 2.136341e+02
min/max/ave velocity = 9.809217e+00, 9.633685e+03, 2.136338e+02
min/max/ave velocity = 9.809233e+00, 9.633685e+03, 2.136336e+02
min/max/ave velocity = 9.809247e+00, 9.633685e+03, 2.136334e+02
min/max/ave velocity = 9.809262e+00, 9.633685e+03, 2.136332e+02
min/max/ave velocity = 9.809275e+00, 9.633685e+03, 2.136330e+02
Average time = 578.757019 (ms) per step with 8000 elements 437.50 KB over 500 steps 578.487957 0.260760 0.007786
ity = 1.076197e+01, 1.103434e+03, 6.379268e+01
min/max/ave velocity = 1.076197e+01, 1.103434e+03, 6.379268e+01
min/max/ave velocity = 1.076197e+01, 1.103434e+03, 6.379268e+01
min/max/ave velocity = 1.021381e+01, 1.103429e+03, 6.153528e+01
min/max/ave velocity = 1.021381e+01, 1.103429e+03, 6.153528e+01
min/max/ave velocity = 1.021381e+01, 1.103429e+03, 6.153528e+01
min/max/ave velocity = 1.021381e+01, 1.103429e+03, 6.153528e+01
min/max/ave velocity = 1.017775e+01, 1.103427e+03, 6.102025e+01
min/max/ave velocity = 1.017775e+01, 1.103427e+03, 6.102025e+01
min/max/ave velocity = 1.017775e+01, 1.103427e+03, 6.102025e+01
min/max/ave velocity = 1.017775e+01, 1.103427e+03, 6.102025e+01
min/max/ave velocity = 1.005755e+01, 1.103426e+03, 6.078950e+01
min/max/ave velocity = 1.005755e+01, 1.103426e+03, 6.078950e+01
min/max/ave velocity = 1.005755e+01, 1.103426e+03, 6.078950e+01
min/max/ave velocity = 1.005755e+01, 1.103426e+03, 6.078950e+01
min/max/ave velocity = 9.990460e+00, 1.103426e+03, 6.065814e+01
min/max/ave velocity = 9.990460e+00, 1.103426e+03, 6.065814e+01
min/max/ave velocity = 9.990460e+00, 1.103426e+03, 6.065814e+01
min/max/ave velocity = 9.990460e+00, 1.103426e+03, 6.065814e+01
min/max/ave velocity = 9.948081e+00, 1.103426e+03, 6.057331e+01
min/max/ave velocity = 9.948081e+00, 1.103426e+03, 6.057331e+01
min/max/ave velocity = 9.948081e+00, 1.103426e+03, 6.057331e+01
min/max/ave velocity = 9.948081e+00, 1.103426e+03, 6.057331e+01
min/max/ave velocity = 9.918913e+00, 1.103425e+03, 6.051418e+01
min/max/ave velocity = 9.918913e+00, 1.103425e+03, 6.051418e+01
min/max/ave velocity = 9.918913e+00, 1.103425e+03, 6.051418e+01
min/max/ave velocity = 9.918913e+00, 1.103425e+03, 6.051418e+01
min/max/ave velocity = 9.897609e+00, 1.103425e+03, 6.046944e+01
min/max/ave velocity = 9.897609e+00, 1.103425e+03, 6.046944e+01
min/max/ave velocity = 9.897609e+00, 1.103425e+03, 6.046944e+01
min/max/ave velocity = 9.897609e+00, 1.103425e+03, 6.046944e+01
min/max/ave velocity = 9.881363e+00, 1.103425e+03, 6.043468e+01
min/max/ave velocity = 9.881363e+00, 1.103425e+03, 6.043468e+01
min/max/ave velocity = 9.881363e+00, 1.103425e+03, 6.043468e+01
min/max/ave velocity = 9.881363e+00, 1.103425e+03, 6.043468e+01
min/max/ave velocity = 9.868562e+00, 1.103425e+03, 6.040741e+01
min/max/ave velocity = 9.868562e+00, 1.103425e+03, 6.040741e+01
min/max/ave velocity = 9.868562e+00, 1.103425e+03, 6.040741e+01
min/max/ave velocity = 9.868562e+00, 1.103425e+03, 6.040741e+01
min/max/ave velocity = 9.858213e+00, 1.103425e+03, 6.038516e+01
min/max/ave velocity = 9.858213e+00, 1.103425e+03, 6.038516e+01
min/max/ave velocity = 9.858213e+00, 1.103425e+03, 6.038516e+01
min/max/ave velocity = 9.858213e+00, 1.103425e+03, 6.038516e+01
min/max/ave velocity = 9.849672e+00, 1.103425e+03, 6.036674e+01
min/max/ave velocity = 9.849672e+00, 1.103425e+03, 6.036674e+01
min/max/ave velocity = 9.849672e+00, 1.103425e+03, 6.036674e+01
min/max/ave velocity = 9.849672e+00, 1.103425e+03, 6.036674e+01
min/max/ave velocity = 9.842502e+00, 1.103425e+03, 6.035091e+01
min/max/ave velocity = 9.842502e+00, 1.103425e+03, 6.035091e+01
min/max/ave velocity = 9.842502e+00, 1.103425e+03, 6.035091e+01
min/max/ave velocity = 9.842502e+00, 1.103425e+03, 6.035091e+01
min/max/ave velocity = 9.836398e+00, 1.103425e+03, 6.033717e+01
min/max/ave velocity = 9.836398e+00, 1.103425e+03, 6.033717e+01
min/max/ave velocity = 9.836398e+00, 1.103425e+03, 6.033717e+01
min/max/ave velocity = 9.836398e+00, 1.103425e+03, 6.033717e+01
min/max/ave velocity = 9.831138e+00, 1.103425e+03, 6.032593e+01
min/max/ave velocity = 9.831138e+00, 1.103425e+03, 6.032593e+01
min/max/ave velocity = 9.831138e+00, 1.103425e+03, 6.032593e+01
min/max/ave velocity = 9.831138e+00, 1.103425e+03, 6.032593e+01
min/max/ave velocity = 5.576162e+00, 1.516691e+03, 6.031664e+01
min/max/ave velocity = 5.576162e+00, 1.516691e+03, 6.031664e+01
min/max/ave velocity = 5.576162e+00, 1.516691e+03, 6.031664e+01
min/max/ave velocity = 5.576162e+00, 1.516691e+03, 6.031664e+01
min/max/ave velocity = 9.822533e+00, 1.103425e+03, 6.030878e+01
min/max/ave velocity = 9.822533e+00, 1.103425e+03, 6.030878e+01
min/max/ave velocity = 9.822533e+00, 1.103425e+03, 6.030878e+01
min/max/ave velocity = 9.822533e+00, 1.103425e+03, 6.030878e+01
min/max/ave velocity = 9.818969e+00, 1.103425e+03, 6.030208e+01
min/max/ave velocity = 9.818969e+00, 1.103425e+03, 6.030208e+01
min/max/ave velocity = 9.818969e+00, 1.103425e+03, 6.030208e+01
min/max/ave velocity = 9.818969e+00, 1.103425e+03, 6.030208e+01
min/max/ave velocity = 9.815791e+00, 1.103425e+03, 6.029566e+01
min/max/ave velocity = 9.815791e+00, 1.103425e+03, 6.029566e+01
min/max/ave velocity = 9.815791e+00, 1.103425e+03, 6.029566e+01
min/max/ave velocity = 9.815791e+00, 1.103425e+03, 6.029566e+01
min/max/ave velocity = 9.812938e+00, 1.103425e+03, 6.028977e+01
min/max/ave velocity = 9.812938e+00, 1.103425e+03, 6.028977e+01
min/max/ave velocity = 9.812938e+00, 1.103425e+03, 6.028977e+01
min/max/ave velocity = 9.812938e+00, 1.103425e+03, 6.028977e+01
min/max/ave velocity = 9.810365e+00, 1.103425e+03, 6.028441e+01
min/max/ave velocity = 9.810365e+00, 1.103425e+03, 6.028441e+01
min/max/ave velocity = 9.810365e+00, 1.103425e+03, 6.028441e+01
min/max/ave velocity = 9.810365e+00, 1.103425e+03, 6.028441e+01
min/max/ave velocity = 1.872688e+00, 3.264268e+03, 6.027971e+01
min/max/ave velocity = 1.872688e+00, 3.264268e+03, 6.027971e+01
min/max/ave velocity = 1.872688e+00, 3.264268e+03, 6.027971e+01
min/max/ave velocity = 1.872688e+00, 3.264268e+03, 6.027971e+01
min/max/ave velocity = 9.805903e+00, 1.103425e+03, 6.027535e+01
min/max/ave velocity = 9.805903e+00, 1.103425e+03, 6.027535e+01
min/max/ave velocity = 9.805903e+00, 1.103425e+03, 6.027535e+01
min/max/ave velocity = 9.805903e+00, 1.103425e+03, 6.027535e+01
min/max/ave velocity = 9.803957e+00, 1.103425e+03, 6.027033e+01
min/max/ave velocity = 9.803957e+00, 1.103425e+03, 6.027033e+01
min/max/ave velocity = 9.803957e+00, 1.103425e+03, 6.027033e+01
min/max/ave velocity = 9.803957e+00, 1.103425e+03, 6.027033e+01
min/max/ave velocity = 9.802170e+00, 1.103425e+03, 6.026585e+01
min/max/ave velocity = 9.802170e+00, 1.103425e+03, 6.026585e+01
min/max/ave velocity = 9.802170e+00, 1.103425e+03, 6.026585e+01
min/max/ave velocity = 9.802170e+00, 1.103425e+03, 6.026585e+01
min/max/ave velocity = 9.800523e+00, 1.103425e+03, 6.026201e+01
min/max/ave velocity = 9.800523e+00, 1.103425e+03, 6.026201e+01
min/max/ave velocity = 9.800523e+00, 1.103425e+03, 6.026201e+01
min/max/ave velocity = 9.800523e+00, 1.103425e+03, 6.026201e+01
min/max/ave velocity = 9.799000e+00, 1.103425e+03, 6.025843e+01
min/max/ave velocity = 9.799000e+00, 1.103425e+03, 6.025843e+01
min/max/ave velocity = 9.799000e+00, 1.103425e+03, 6.025843e+01
min/max/ave velocity = 9.799000e+00, 1.103425e+03, 6.025843e+01
min/max/ave velocity = 9.797588e+00, 1.103425e+03, 6.025517e+01
min/max/ave velocity = 9.797588e+00, 1.103425e+03, 6.025517e+01
min/max/ave velocity = 9.797588e+00, 1.103425e+03, 6.025517e+01
min/max/ave velocity = 9.797588e+00, 1.103425e+03, 6.025517e+01
min/max/ave velocity = 5.569360e+00, 1.516691e+03, 6.025217e+01
min/max/ave velocity = 5.569360e+00, 1.516691e+03, 6.025217e+01
min/max/ave velocity = 5.569360e+00, 1.516691e+03, 6.025217e+01
min/max/ave velocity = 5.569360e+00, 1.516691e+03, 6.025217e+01
min/max/ave velocity = 9.795051e+00, 1.103425e+03, 6.024960e+01
min/max/ave velocity = 9.795051e+00, 1.103425e+03, 6.024960e+01
min/max/ave velocity = 9.795051e+00, 1.103425e+03, 6.024960e+01
min/max/ave velocity = 9.795051e+00, 1.103425e+03, 6.024960e+01
min/max/ave velocity = 9.793907e+00, 1.103425e+03, 6.024729e+01
min/max/ave velocity = 9.793907e+00, 1.103425e+03, 6.024729e+01
min/max/ave velocity = 9.793907e+00, 1.103425e+03, 6.024729e+01
min/max/ave velocity = 9.793907e+00, 1.103425e+03, 6.024729e+01
min/max/ave velocity = 5.568586e+00, 1.516691e+03, 6.024506e+01
min/max/ave velocity = 5.568586e+00, 1.516691e+03, 6.024506e+01
min/max/ave velocity = 5.568586e+00, 1.516691e+03, 6.024506e+01
min/max/ave velocity = 5.568586e+00, 1.516691e+03, 6.024506e+01
min/max/ave velocity = 9.791830e+00, 1.103425e+03, 6.024295e+01
min/max/ave velocity = 9.791830e+00, 1.103425e+03, 6.024295e+01
min/max/ave velocity = 9.791830e+00, 1.103425e+03, 6.024295e+01
min/max/ave velocity = 9.791830e+00, 1.103425e+03, 6.024295e+01
min/max/ave velocity = 9.790884e+00, 1.103424e+03, 6.024100e+01
min/max/ave velocity = 9.790884e+00, 1.103424e+03, 6.024100e+01
min/max/ave velocity = 9.790884e+00, 1.103424e+03, 6.024100e+01
min/max/ave velocity = 9.790884e+00, 1.103424e+03, 6.024100e+01
min/max/ave velocity = 9.789993e+00, 1.103424e+03, 6.023920e+01
min/max/ave velocity = 9.789993e+00, 1.103424e+03, 6.023920e+01
min/max/ave velocity = 9.789993e+00, 1.103424e+03, 6.023920e+01
min/max/ave velocity = 9.789993e+00, 1.103424e+03, 6.023920e+01
min/max/ave velocity = 9.789153e+00, 1.103424e+03, 6.023753e+01
min/max/ave velocity = 9.789153e+00, 1.103424e+03, 6.023753e+01
min/max/ave velocity = 9.789153e+00, 1.103424e+03, 6.023753e+01
min/max/ave velocity = 9.789153e+00, 1.103424e+03, 6.023753e+01
min/max/ave velocity = 9.788358e+00, 1.103424e+03, 6.023591e+01
min/max/ave velocity = 9.788358e+00, 1.103424e+03, 6.023591e+01
min/max/ave velocity = 9.788358e+00, 1.103424e+03, 6.023591e+01
min/max/ave velocity = 9.788358e+00, 1.103424e+03, 6.023591e+01
min/max/ave velocity = 9.787606e+00, 1.103424e+03, 6.023429e+01
min/max/ave velocity = 9.787606e+00, 1.103424e+03, 6.023429e+01
min/max/ave velocity = 9.787606e+00, 1.103424e+03, 6.023429e+01
min/max/ave velocity = 9.787606e+00, 1.103424e+03, 6.023429e+01
min/max/ave velocity = 9.786892e+00, 1.103424e+03, 6.023263e+01
min/max/ave velocity = 9.786892e+00, 1.103424e+03, 6.023263e+01
min/max/ave velocity = 9.786892e+00, 1.103424e+03, 6.023263e+01
min/max/ave velocity = 9.786892e+00, 1.103424e+03, 6.023263e+01
min/max/ave velocity = 5.655205e+00, 2.761886e+03, 6.023099e+01
min/max/ave velocity = 5.655205e+00, 2.761886e+03, 6.023099e+01
min/max/ave velocity = 5.655205e+00, 2.761886e+03, 6.023099e+01
min/max/ave velocity = 5.655205e+00, 2.761886e+03, 6.023099e+01
min/max/ave velocity = 9.785571e+00, 1.103424e+03, 6.022955e+01
min/max/ave velocity = 9.785571e+00, 1.103424e+03, 6.022955e+01
min/max/ave velocity = 9.785571e+00, 1.103424e+03, 6.022955e+01
min/max/ave velocity = 9.785571e+00, 1.103424e+03, 6.022955e+01
min/max/ave velocity = 9.784958e+00, 1.103424e+03, 6.022858e+01
min/max/ave velocity = 9.784958e+00, 1.103424e+03, 6.022858e+01
min/max/ave velocity = 9.784958e+00, 1.103424e+03, 6.022858e+01
min/max/ave velocity = 9.784958e+00, 1.103424e+03, 6.022858e+01
min/max/ave velocity = 9.784374e+00, 1.103424e+03, 6.022760e+01
min/max/ave velocity = 9.784374e+00, 1.103424e+03, 6.022760e+01
min/max/ave velocity = 9.784374e+00, 1.103424e+03, 6.022760e+01
min/max/ave velocity = 9.784374e+00, 1.103424e+03, 6.022760e+01
min/max/ave velocity = 9.783817e+00, 1.103424e+03, 6.022647e+01
min/max/ave velocity = 9.783817e+00, 1.103424e+03, 6.022647e+01
min/max/ave velocity = 9.783817e+00, 1.103424e+03, 6.022647e+01
min/max/ave velocity = 9.783817e+00, 1.103424e+03, 6.022647e+01
min/max/ave velocity = 9.783285e+00, 1.103424e+03, 6.022528e+01
min/max/ave velocity = 9.783285e+00, 1.103424e+03, 6.022528e+01
min/max/ave velocity = 9.783285e+00, 1.103424e+03, 6.022528e+01
min/max/ave velocity = 9.783285e+00, 1.103424e+03, 6.022528e+01
min/max/ave velocity = 9.782776e+00, 1.103424e+03, 6.022409e+01
min/max/ave velocity = 9.782776e+00, 1.103424e+03, 6.022409e+01
min/max/ave velocity = 9.782776e+00, 1.103424e+03, 6.022409e+01
min/max/ave velocity = 9.782776e+00, 1.103424e+03, 6.022409e+01
min/max/ave velocity = 9.782289e+00, 1.103424e+03, 6.022292e+01
min/max/ave velocity = 9.782289e+00, 1.103424e+03, 6.022292e+01
min/max/ave velocity = 9.782289e+00, 1.103424e+03, 6.022292e+01
min/max/ave velocity = 9.782289e+00, 1.103424e+03, 6.022292e+01
min/max/ave velocity = 9.781823e+00, 1.103424e+03, 6.022177e+01
min/max/ave velocity = 9.781823e+00, 1.103424e+03, 6.022177e+01
min/max/ave velocity = 9.781823e+00, 1.103424e+03, 6.022177e+01
min/max/ave velocity = 9.781823e+00, 1.103424e+03, 6.022177e+01
min/max/ave velocity = 9.781375e+00, 1.103424e+03, 6.022065e+01
min/max/ave velocity = 9.781375e+00, 1.103424e+03, 6.022065e+01
min/max/ave velocity = 9.781375e+00, 1.103424e+03, 6.022065e+01
min/max/ave velocity = 9.781375e+00, 1.103424e+03, 6.022065e+01
Average time = 2.750722 (ms) per step with 2000 elements 109.38 KB over 500 steps 2.719457 0.013849 0.017096
min/max/ave velocity = 1.535904e+00, 8.855887e+01, 9.976321e+00
min/max/ave velocity = 1.535904e+00, 8.855887e+01, 9.976321e+00
min/max/ave velocity = 1.535904e+00, 8.855887e+01, 9.976321e+00
min/max/ave velocity = 1.535904e+00, 8.855887e+01, 9.976321e+00
min/max/ave velocity = 7.234731e+00, 2.897106e+03, 1.381239e+02
min/max/ave velocity = 7.234731e+00, 2.897106e+03, 1.381239e+02
min/max/ave velocity = 7.234731e+00, 2.897106e+03, 1.381239e+02
min/max/ave velocity = 7.234731e+00, 2.897106e+03, 1.381239e+02
min/max/ave velocity = 7.366093e+00, 2.897104e+03, 1.374973e+02
min/max/ave velocity = 7.366093e+00, 2.897104e+03, 1.374973e+02
min/max/ave velocity = 7.366093e+00, 2.897104e+03, 1.374973e+02
min/max/ave velocity = 7.366093e+00, 2.897104e+03, 1.374973e+02
min/max/ave velocity = 7.365588e+00, 2.897104e+03, 1.373483e+02
min/max/ave velocity = 7.365588e+00, 2.897104e+03, 1.373483e+02
min/max/ave velocity = 7.365588e+00, 2.897104e+03, 1.373483e+02
min/max/ave velocity = 7.365588e+00, 2.897104e+03, 1.373483e+02
min/max/ave velocity = 7.363117e+00, 2.897103e+03, 1.372804e+02
min/max/ave velocity = 7.363117e+00, 2.897103e+03, 1.372804e+02
min/max/ave velocity = 7.363117e+00, 2.897103e+03, 1.372804e+02
min/max/ave velocity = 7.363117e+00, 2.897103e+03, 1.372804e+02
min/max/ave velocity = 7.362027e+00, 2.897103e+03, 1.372560e+02
min/max/ave velocity = 7.362027e+00, 2.897103e+03, 1.372560e+02
min/max/ave velocity = 7.362027e+00, 2.897103e+03, 1.372560e+02
min/max/ave velocity = 7.362027e+00, 2.897103e+03, 1.372560e+02
min/max/ave velocity = 7.361457e+00, 2.897103e+03, 1.372316e+02
min/max/ave velocity = 7.361457e+00, 2.897103e+03, 1.372316e+02
min/max/ave velocity = 7.361457e+00, 2.897103e+03, 1.372316e+02
min/max/ave velocity = 7.361457e+00, 2.897103e+03, 1.372316e+02
min/max/ave velocity = 7.361121e+00, 2.897103e+03, 1.372146e+02
min/max/ave velocity = 7.361121e+00, 2.897103e+03, 1.372146e+02
min/max/ave velocity = 7.361121e+00, 2.897103e+03, 1.372146e+02
min/max/ave velocity = 7.361121e+00, 2.897103e+03, 1.372146e+02
min/max/ave velocity = 7.360903e+00, 2.897103e+03, 1.372020e+02
min/max/ave velocity = 7.360903e+00, 2.897103e+03, 1.372020e+02
min/max/ave velocity = 7.360903e+00, 2.897103e+03, 1.372020e+02
min/max/ave velocity = 7.360903e+00, 2.897103e+03, 1.372020e+02
min/max/ave velocity = 7.360752e+00, 2.897103e+03, 1.371923e+02
min/max/ave velocity = 7.360752e+00, 2.897103e+03, 1.371923e+02
min/max/ave velocity = 7.360752e+00, 2.897103e+03, 1.371923e+02
min/max/ave velocity = 7.360752e+00, 2.897103e+03, 1.371923e+02
min/max/ave velocity = 7.360641e+00, 2.897103e+03, 1.371846e+02
min/max/ave velocity = 7.360641e+00, 2.897103e+03, 1.371846e+02
min/max/ave velocity = 7.360641e+00, 2.897103e+03, 1.371846e+02
min/max/ave velocity = 7.360641e+00, 2.897103e+03, 1.371846e+02
min/max/ave velocity = 1.447798e+01, 2.857765e+03, 1.371784e+02
min/max/ave velocity = 1.447798e+01, 2.857765e+03, 1.371784e+02
min/max/ave velocity = 1.447798e+01, 2.857765e+03, 1.371784e+02
min/max/ave velocity = 1.447798e+01, 2.857765e+03, 1.371784e+02
min/max/ave velocity = 7.360487e+00, 2.897103e+03, 1.371732e+02
min/max/ave velocity = 7.360487e+00, 2.897103e+03, 1.371732e+02
min/max/ave velocity = 7.360487e+00, 2.897103e+03, 1.371732e+02
min/max/ave velocity = 7.360487e+00, 2.897103e+03, 1.371732e+02
min/max/ave velocity = 7.360431e+00, 2.897103e+03, 1.371689e+02
min/max/ave velocity = 7.360431e+00, 2.897103e+03, 1.371689e+02
min/max/ave velocity = 7.360431e+00, 2.897103e+03, 1.371689e+02
min/max/ave velocity = 7.360431e+00, 2.897103e+03, 1.371689e+02
min/max/ave velocity = 1.447625e+01, 2.857765e+03, 1.371652e+02
min/max/ave velocity = 1.447625e+01, 2.857765e+03, 1.371652e+02
min/max/ave velocity = 1.447625e+01, 2.857765e+03, 1.371652e+02
min/max/ave velocity = 1.447625e+01, 2.857765e+03, 1.371652e+02
min/max/ave velocity = 7.360343e+00, 2.897103e+03, 1.371620e+02
min/max/ave velocity = 7.360343e+00, 2.897103e+03, 1.371620e+02
min/max/ave velocity = 7.360343e+00, 2.897103e+03, 1.371620e+02
min/max/ave velocity = 7.360343e+00, 2.897103e+03, 1.371620e+02
min/max/ave velocity = 7.360308e+00, 2.897103e+03, 1.371592e+02
min/max/ave velocity = 7.360308e+00, 2.897103e+03, 1.371592e+02
min/max/ave velocity = 7.360308e+00, 2.897103e+03, 1.371592e+02
min/max/ave velocity = 7.360308e+00, 2.897103e+03, 1.371592e+02
min/max/ave velocity = 7.017776e+00, 4.635059e+03, 1.371568e+02
min/max/ave velocity = 7.017776e+00, 4.635059e+03, 1.371568e+02
min/max/ave velocity = 7.017776e+00, 4.635059e+03, 1.371568e+02
min/max/ave velocity = 7.017776e+00, 4.635059e+03, 1.371568e+02
min/max/ave velocity = 7.360249e+00, 2.897103e+03, 1.371548e+02
min/max/ave velocity = 7.360249e+00, 2.897103e+03, 1.371548e+02
min/max/ave velocity = 7.360249e+00, 2.897103e+03, 1.371548e+02
min/max/ave velocity = 7.360249e+00, 2.897103e+03, 1.371548e+02
min/max/ave velocity = 7.360225e+00, 2.897103e+03, 1.371532e+02
min/max/ave velocity = 7.360225e+00, 2.897103e+03, 1.371532e+02
min/max/ave velocity = 7.360225e+00, 2.897103e+03, 1.371532e+02
min/max/ave velocity = 7.360225e+00, 2.897103e+03, 1.371532e+02
min/max/ave velocity = 7.360203e+00, 2.897103e+03, 1.371514e+02
min/max/ave velocity = 7.360203e+00, 2.897103e+03, 1.371514e+02
min/max/ave velocity = 7.360203e+00, 2.897103e+03, 1.371514e+02
min/max/ave velocity = 7.360203e+00, 2.897103e+03, 1.371514e+02
min/max/ave velocity = 7.360183e+00, 2.897103e+03, 1.371498e+02
min/max/ave velocity = 7.360183e+00, 2.897103e+03, 1.371498e+02
min/max/ave velocity = 7.360183e+00, 2.897103e+03, 1.371498e+02
min/max/ave velocity = 7.360183e+00, 2.897103e+03, 1.371498e+02
min/max/ave velocity = 7.360164e+00, 2.897103e+03, 1.371483e+02
min/max/ave velocity = 7.360164e+00, 2.897103e+03, 1.371483e+02
min/max/ave velocity = 7.360164e+00, 2.897103e+03, 1.371483e+02
min/max/ave velocity = 7.360164e+00, 2.897103e+03, 1.371483e+02
min/max/ave velocity = 7.360148e+00, 2.897103e+03, 1.371470e+02
min/max/ave velocity = 7.360148e+00, 2.897103e+03, 1.371470e+02
min/max/ave velocity = 7.360148e+00, 2.897103e+03, 1.371470e+02
min/max/ave velocity = 7.360148e+00, 2.897103e+03, 1.371470e+02
min/max/ave velocity = 7.360132e+00, 2.897103e+03, 1.371457e+02
min/max/ave velocity = 7.360132e+00, 2.897103e+03, 1.371457e+02
min/max/ave velocity = 7.360132e+00, 2.897103e+03, 1.371457e+02
min/max/ave velocity = 7.360132e+00, 2.897103e+03, 1.371457e+02
min/max/ave velocity = 7.360118e+00, 2.897103e+03, 1.371446e+02
min/max/ave velocity = 7.360118e+00, 2.897103e+03, 1.371446e+02
min/max/ave velocity = 7.360118e+00, 2.897103e+03, 1.371446e+02
min/max/ave velocity = 7.360118e+00, 2.897103e+03, 1.371446e+02
min/max/ave velocity = 6.939230e+00, 4.635059e+03, 1.371436e+02
min/max/ave velocity = 6.939230e+00, 4.635059e+03, 1.371436e+02
min/max/ave velocity = 6.939230e+00, 4.635059e+03, 1.371436e+02
min/max/ave velocity = 6.939230e+00, 4.635059e+03, 1.371436e+02
min/max/ave velocity = 7.360092e+00, 2.897103e+03, 1.371426e+02
min/max/ave velocity = 7.360092e+00, 2.897103e+03, 1.371426e+02
min/max/ave velocity = 7.360092e+00, 2.897103e+03, 1.371426e+02
min/max/ave velocity = 7.360092e+00, 2.897103e+03, 1.371426e+02
min/max/ave velocity = 7.360081e+00, 2.897103e+03, 1.371417e+02
min/max/ave velocity = 7.360081e+00, 2.897103e+03, 1.371417e+02
min/max/ave velocity = 7.360081e+00, 2.897103e+03, 1.371417e+02
min/max/ave velocity = 7.360081e+00, 2.897103e+03, 1.371417e+02
min/max/ave velocity = 7.360070e+00, 2.897103e+03, 1.371409e+02
min/max/ave velocity = 7.360070e+00, 2.897103e+03, 1.371409e+02
min/max/ave velocity = 7.360070e+00, 2.897103e+03, 1.371409e+02
min/max/ave velocity = 7.360070e+00, 2.897103e+03, 1.371409e+02
min/max/ave velocity = 7.360060e+00, 2.897103e+03, 1.371401e+02
min/max/ave velocity = 7.360060e+00, 2.897103e+03, 1.371401e+02
min/max/ave velocity = 7.360060e+00, 2.897103e+03, 1.371401e+02
min/max/ave velocity = 7.360060e+00, 2.897103e+03, 1.371401e+02
min/max/ave velocity = 7.360051e+00, 2.897103e+03, 1.371393e+02
min/max/ave velocity = 7.360051e+00, 2.897103e+03, 1.371393e+02
min/max/ave velocity = 7.360051e+00, 2.897103e+03, 1.371393e+02
min/max/ave velocity = 7.360051e+00, 2.897103e+03, 1.371393e+02
min/max/ave velocity = 6.913244e+00, 4.635059e+03, 1.371388e+02
min/max/ave velocity = 6.913244e+00, 4.635059e+03, 1.371388e+02
min/max/ave velocity = 6.913244e+00, 4.635059e+03, 1.371388e+02
min/max/ave velocity = 6.913244e+00, 4.635059e+03, 1.371388e+02
min/max/ave velocity = 6.910856e+00, 4.635059e+03, 1.371383e+02
min/max/ave velocity = 6.910856e+00, 4.635059e+03, 1.371383e+02
min/max/ave velocity = 6.910856e+00, 4.635059e+03, 1.371383e+02
min/max/ave velocity = 6.910856e+00, 4.635059e+03, 1.371383e+02
min/max/ave velocity = 7.360026e+00, 2.897103e+03, 1.371377e+02
min/max/ave velocity = 7.360026e+00, 2.897103e+03, 1.371377e+02
min/max/ave velocity = 7.360026e+00, 2.897103e+03, 1.371377e+02
min/max/ave velocity = 7.360026e+00, 2.897103e+03, 1.371377e+02
min/max/ave velocity = 7.360018e+00, 2.897103e+03, 1.371372e+02
min/max/ave velocity = 7.360018e+00, 2.897103e+03, 1.371372e+02
min/max/ave velocity = 7.360018e+00, 2.897103e+03, 1.371372e+02
min/max/ave velocity = 7.360018e+00, 2.897103e+03, 1.371372e+02
min/max/ave velocity = 1.594289e+01, 2.857765e+03, 1.371367e+02
min/max/ave velocity = 1.594289e+01, 2.857765e+03, 1.371367e+02
min/max/ave velocity = 1.594289e+01, 2.857765e+03, 1.371367e+02
min/max/ave velocity = 1.594289e+01, 2.857765e+03, 1.371367e+02
min/max/ave velocity = 7.360005e+00, 2.897103e+03, 1.371362e+02
min/max/ave velocity = 7.360005e+00, 2.897103e+03, 1.371362e+02
min/max/ave velocity = 7.360005e+00, 2.897103e+03, 1.371362e+02
min/max/ave velocity = 7.360005e+00, 2.897103e+03, 1.371362e+02
min/max/ave velocity = 7.359998e+00, 2.897103e+03, 1.371357e+02
min/max/ave velocity = 7.359998e+00, 2.897103e+03, 1.371357e+02
min/max/ave velocity = 7.359998e+00, 2.897103e+03, 1.371357e+02
min/max/ave velocity = 7.359998e+00, 2.897103e+03, 1.371357e+02
min/max/ave velocity = 1.447222e+01, 2.857765e+03, 1.371353e+02
min/max/ave velocity = 1.447222e+01, 2.857765e+03, 1.371353e+02
min/max/ave velocity = 1.447222e+01, 2.857765e+03, 1.371353e+02
min/max/ave velocity = 1.447222e+01, 2.857765e+03, 1.371353e+02
min/max/ave velocity = 7.359986e+00, 2.897103e+03, 1.371349e+02
min/max/ave velocity = 7.359986e+00, 2.897103e+03, 1.371349e+02
min/max/ave velocity = 7.359986e+00, 2.897103e+03, 1.371349e+02
min/max/ave velocity = 7.359986e+00, 2.897103e+03, 1.371349e+02
min/max/ave velocity = 7.359981e+00, 2.897103e+03, 1.371346e+02
min/max/ave velocity = 7.359981e+00, 2.897103e+03, 1.371346e+02
min/max/ave velocity = 7.359981e+00, 2.897103e+03, 1.371346e+02
min/max/ave velocity = 7.359981e+00, 2.897103e+03, 1.371346e+02
min/max/ave velocity = 7.359976e+00, 2.897103e+03, 1.371343e+02
min/max/ave velocity = 7.359976e+00, 2.897103e+03, 1.371343e+02
min/max/ave velocity = 7.359976e+00, 2.897103e+03, 1.371343e+02
min/max/ave velocity = 7.359976e+00, 2.897103e+03, 1.371343e+02
min/max/ave velocity = 7.359971e+00, 2.897103e+03, 1.371339e+02
min/max/ave velocity = 7.359971e+00, 2.897103e+03, 1.371339e+02
min/max/ave velocity = 7.359971e+00, 2.897103e+03, 1.371339e+02
min/max/ave velocity = 7.359971e+00, 2.897103e+03, 1.371339e+02
min/max/ave velocity = 7.359966e+00, 2.897103e+03, 1.371336e+02
min/max/ave velocity = 7.359966e+00, 2.897103e+03, 1.371336e+02
min/max/ave velocity = 7.359966e+00, 2.897103e+03, 1.371336e+02
min/max/ave velocity = 7.359966e+00, 2.897103e+03, 1.371336e+02
min/max/ave velocity = 7.359961e+00, 2.897103e+03, 1.371332e+02
min/max/ave velocity = 7.359961e+00, 2.897103e+03, 1.371332e+02
min/max/ave velocity = 7.359961e+00, 2.897103e+03, 1.371332e+02
min/max/ave velocity = 7.359961e+00, 2.897103e+03, 1.371332e+02
min/max/ave velocity = 7.359957e+00, 2.897103e+03, 1.371329e+02
min/max/ave velocity = 7.359957e+00, 2.897103e+03, 1.371329e+02
min/max/ave velocity = 7.359957e+00, 2.897103e+03, 1.371329e+02
min/max/ave velocity = 7.359957e+00, 2.897103e+03, 1.371329e+02
min/max/ave velocity = 7.359953e+00, 2.897103e+03, 1.371325e+02
min/max/ave velocity = 7.359953e+00, 2.897103e+03, 1.371325e+02
min/max/ave velocity = 7.359953e+00, 2.897103e+03, 1.371325e+02
min/max/ave velocity = 7.359953e+00, 2.897103e+03, 1.371325e+02
min/max/ave velocity = 7.359949e+00, 2.897103e+03, 1.371322e+02
min/max/ave velocity = 7.359949e+00, 2.897103e+03, 1.371322e+02
min/max/ave velocity = 7.359949e+00, 2.897103e+03, 1.371322e+02
min/max/ave velocity = 7.359949e+00, 2.897103e+03, 1.371322e+02
min/max/ave velocity = 7.359945e+00, 2.897103e+03, 1.371319e+02
min/max/ave velocity = 7.359945e+00, 2.897103e+03, 1.371319e+02
min/max/ave velocity = 7.359945e+00, 2.897103e+03, 1.371319e+02
min/max/ave velocity = 7.359945e+00, 2.897103e+03, 1.371319e+02
Average time = 10.592261 (ms) per step with 4000 elements 218.75 KB over 500 steps 10.555327 0.021166 0.015442
min/max/ave velocity = 1.147209e+00, 3.869090e+02, 1.962770e+01
min/max/ave velocity = 1.147209e+00, 3.869090e+02, 1.962770e+01
min/max/ave velocity = 1.147209e+00, 3.869090e+02, 1.962770e+01
min/max/ave velocity = 1.147209e+00, 3.869090e+02, 1.962770e+01
min/max/ave velocity = 9.698857e+00, 4.366082e+03, 2.142787e+02
min/max/ave velocity = 9.698857e+00, 4.366082e+03, 2.142787e+02
min/max/ave velocity = 9.698857e+00, 4.366082e+03, 2.142787e+02
min/max/ave velocity = 9.698857e+00, 4.366082e+03, 2.142787e+02
min/max/ave velocity = 9.768535e+00, 4.366081e+03, 2.138946e+02
min/max/ave velocity = 9.768535e+00, 4.366081e+03, 2.138946e+02
min/max/ave velocity = 9.768535e+00, 4.366081e+03, 2.138946e+02
min/max/ave velocity = 9.768535e+00, 4.366081e+03, 2.138946e+02
min/max/ave velocity = 1.542578e+01, 6.202545e+03, 2.137946e+02
min/max/ave velocity = 1.542578e+01, 6.202545e+03, 2.137946e+02
min/max/ave velocity = 1.542578e+01, 6.202545e+03, 2.137946e+02
min/max/ave velocity = 1.542578e+01, 6.202545e+03, 2.137946e+02
min/max/ave velocity = 1.167052e+01, 9.633685e+03, 2.137484e+02
min/max/ave velocity = 1.167052e+01, 9.633685e+03, 2.137484e+02
min/max/ave velocity = 1.167052e+01, 9.633685e+03, 2.137484e+02
min/max/ave velocity = 1.167052e+01, 9.633685e+03, 2.137484e+02
min/max/ave velocity = 1.052053e+01, 3.993119e+03, 2.137218e+02
min/max/ave velocity = 1.052053e+01, 3.993119e+03, 2.137218e+02
min/max/ave velocity = 1.052053e+01, 3.993119e+03, 2.137218e+02
min/max/ave velocity = 1.052053e+01, 3.993119e+03, 2.137218e+02
min/max/ave velocity = 9.802364e+00, 4.366080e+03, 2.137045e+02
min/max/ave velocity = 9.802364e+00, 4.366080e+03, 2.137045e+02
min/max/ave velocity = 9.802364e+00, 4.366080e+03, 2.137045e+02
min/max/ave velocity = 9.802364e+00, 4.366080e+03, 2.137045e+02
min/max/ave velocity = 1.050861e+01, 3.993119e+03, 2.136924e+02
min/max/ave velocity = 1.050861e+01, 3.993119e+03, 2.136924e+02
min/max/ave velocity = 1.050861e+01, 3.993119e+03, 2.136924e+02
min/max/ave velocity = 1.050861e+01, 3.993119e+03, 2.136924e+02
min/max/ave velocity = 1.164026e+01, 9.633685e+03, 2.136834e+02
min/max/ave velocity = 1.164026e+01, 9.633685e+03, 2.136834e+02
min/max/ave velocity = 1.164026e+01, 9.633685e+03, 2.136834e+02
min/max/ave velocity = 1.164026e+01, 9.633685e+03, 2.136834e+02
min/max/ave velocity = 1.050205e+01, 3.993119e+03, 2.136766e+02
min/max/ave velocity = 1.050205e+01, 3.993119e+03, 2.136766e+02
min/max/ave velocity = 1.050205e+01, 3.993119e+03, 2.136766e+02
min/max/ave velocity = 1.050205e+01, 3.993119e+03, 2.136766e+02
min/max/ave velocity = 1.049976e+01, 3.993119e+03, 2.136711e+02
min/max/ave velocity = 1.049976e+01, 3.993119e+03, 2.136711e+02
min/max/ave velocity = 1.049976e+01, 3.993119e+03, 2.136711e+02
min/max/ave velocity = 1.049976e+01, 3.993119e+03, 2.136711e+02
min/max/ave velocity = 1.163263e+01, 9.633685e+03, 2.136667e+02
min/max/ave velocity = 1.163263e+01, 9.633685e+03, 2.136667e+02
min/max/ave velocity = 1.163263e+01, 9.633685e+03, 2.136667e+02
min/max/ave velocity = 1.163263e+01, 9.633685e+03, 2.136667e+02
min/max/ave velocity = 1.541656e+01, 6.202545e+03, 2.136630e+02
min/max/ave velocity = 1.541656e+01, 6.202545e+03, 2.136630e+02
min/max/ave velocity = 1.541656e+01, 6.202545e+03, 2.136630e+02
min/max/ave velocity = 1.541656e+01, 6.202545e+03, 2.136630e+02
min/max/ave velocity = 1.049504e+01, 3.993119e+03, 2.136599e+02
min/max/ave velocity = 1.049504e+01, 3.993119e+03, 2.136599e+02
min/max/ave velocity = 1.049504e+01, 3.993119e+03, 2.136599e+02
min/max/ave velocity = 1.049504e+01, 3.993119e+03, 2.136599e+02
min/max/ave velocity = 1.162841e+01, 9.633685e+03, 2.136572e+02
min/max/ave velocity = 1.162841e+01, 9.633685e+03, 2.136572e+02
min/max/ave velocity = 1.162841e+01, 9.633685e+03, 2.136572e+02
min/max/ave velocity = 1.162841e+01, 9.633685e+03, 2.136572e+02
min/max/ave velocity = 1.049295e+01, 3.993119e+03, 2.136550e+02
min/max/ave velocity = 1.049295e+01, 3.993119e+03, 2.136550e+02
min/max/ave velocity = 1.049295e+01, 3.993119e+03, 2.136550e+02
min/max/ave velocity = 1.049295e+01, 3.993119e+03, 2.136550e+02
min/max/ave velocity = 1.049210e+01, 3.993119e+03, 2.136530e+02
min/max/ave velocity = 1.049210e+01, 3.993119e+03, 2.136530e+02
min/max/ave velocity = 1.049210e+01, 3.993119e+03, 2.136530e+02
min/max/ave velocity = 1.049210e+01, 3.993119e+03, 2.136530e+02
min/max/ave velocity = 9.807922e+00, 4.366080e+03, 2.136512e+02
min/max/ave velocity = 9.807922e+00, 4.366080e+03, 2.136512e+02
min/max/ave velocity = 9.807922e+00, 4.366080e+03, 2.136512e+02
min/max/ave velocity = 9.807922e+00, 4.366080e+03, 2.136512e+02
min/max/ave velocity = 1.049069e+01, 3.993119e+03, 2.136496e+02
min/max/ave velocity = 1.049069e+01, 3.993119e+03, 2.136496e+02
min/max/ave velocity = 1.049069e+01, 3.993119e+03, 2.136496e+02
min/max/ave velocity = 1.049069e+01, 3.993119e+03, 2.136496e+02
min/max/ave velocity = 1.049010e+01, 6.202545e+03, 2.136482e+02
min/max/ave velocity = 1.049010e+01, 6.202545e+03, 2.136482e+02
min/max/ave velocity = 1.049010e+01, 6.202545e+03, 2.136482e+02
min/max/ave velocity = 1.049010e+01, 6.202545e+03, 2.136482e+02
min/max/ave velocity = 1.048957e+01, 3.993119e+03, 2.136470e+02
min/max/ave velocity = 1.048957e+01, 3.993119e+03, 2.136470e+02
min/max/ave velocity = 1.048957e+01, 3.993119e+03, 2.136470e+02
min/max/ave velocity = 1.048957e+01, 3.993119e+03, 2.136470e+02
min/max/ave velocity = 1.048908e+01, 3.993119e+03, 2.136458e+02
min/max/ave velocity = 1.048908e+01, 3.993119e+03, 2.136458e+02
min/max/ave velocity = 1.048908e+01, 3.993119e+03, 2.136458e+02
min/max/ave velocity = 1.048908e+01, 3.993119e+03, 2.136458e+02
min/max/ave velocity = 1.162295e+01, 9.633685e+03, 2.136448e+02
min/max/ave velocity = 1.162295e+01, 9.633685e+03, 2.136448e+02
min/max/ave velocity = 1.162295e+01, 9.633685e+03, 2.136448e+02
min/max/ave velocity = 1.162295e+01, 9.633685e+03, 2.136448e+02
min/max/ave velocity = 1.162255e+01, 9.633685e+03, 2.136439e+02
min/max/ave velocity = 1.162255e+01, 9.633685e+03, 2.136439e+02
min/max/ave velocity = 1.162255e+01, 9.633685e+03, 2.136439e+02
min/max/ave velocity = 1.162255e+01, 9.633685e+03, 2.136439e+02
min/max/ave velocity = 1.048788e+01, 3.993119e+03, 2.136430e+02
min/max/ave velocity = 1.048788e+01, 3.993119e+03, 2.136430e+02
min/max/ave velocity = 1.048788e+01, 3.993119e+03, 2.136430e+02
min/max/ave velocity = 1.048788e+01, 3.993119e+03, 2.136430e+02
min/max/ave velocity = 1.048755e+01, 3.993119e+03, 2.136422e+02
min/max/ave velocity = 1.048755e+01, 3.993119e+03, 2.136422e+02
min/max/ave velocity = 1.048755e+01, 3.993119e+03, 2.136422e+02
min/max/ave velocity = 1.048755e+01, 3.993119e+03, 2.136422e+02
min/max/ave velocity = 1.048724e+01, 3.993119e+03, 2.136415e+02
min/max/ave velocity = 1.048724e+01, 3.993119e+03, 2.136415e+02
min/max/ave velocity = 1.048724e+01, 3.993119e+03, 2.136415e+02
min/max/ave velocity = 1.048724e+01, 3.993119e+03, 2.136415e+02
min/max/ave velocity = 1.162123e+01, 9.633685e+03, 2.136408e+02
min/max/ave velocity = 1.162123e+01, 9.633685e+03, 2.136408e+02
min/max/ave velocity = 1.162123e+01, 9.633685e+03, 2.136408e+02
min/max/ave velocity = 1.162123e+01, 9.633685e+03, 2.136408e+02
min/max/ave velocity = 1.048668e+01, 3.993119e+03, 2.136402e+02
min/max/ave velocity = 1.048668e+01, 3.993119e+03, 2.136402e+02
min/max/ave velocity = 1.048668e+01, 3.993119e+03, 2.136402e+02
min/max/ave velocity = 1.048668e+01, 3.993119e+03, 2.136402e+02
min/max/ave velocity = 1.048643e+01, 3.993119e+03, 2.136396e+02
min/max/ave velocity = 1.048643e+01, 3.993119e+03, 2.136396e+02
min/max/ave velocity = 1.048643e+01, 3.993119e+03, 2.136396e+02
min/max/ave velocity = 1.048643e+01, 3.993119e+03, 2.136396e+02
min/max/ave velocity = 1.048620e+01, 3.993119e+03, 2.136391e+02
min/max/ave velocity = 1.048620e+01, 3.993119e+03, 2.136391e+02
min/max/ave velocity = 1.048620e+01, 3.993119e+03, 2.136391e+02
min/max/ave velocity = 1.048620e+01, 3.993119e+03, 2.136391e+02
min/max/ave velocity = 1.048599e+01, 3.993119e+03, 2.136386e+02
min/max/ave velocity = 1.048599e+01, 3.993119e+03, 2.136386e+02
min/max/ave velocity = 1.048599e+01, 3.993119e+03, 2.136386e+02
min/max/ave velocity = 1.048599e+01, 3.993119e+03, 2.136386e+02
min/max/ave velocity = 1.048578e+01, 3.993119e+03, 2.136381e+02
min/max/ave velocity = 1.048578e+01, 3.993119e+03, 2.136381e+02
min/max/ave velocity = 1.048578e+01, 3.993119e+03, 2.136381e+02
min/max/ave velocity = 1.048578e+01, 3.993119e+03, 2.136381e+02
min/max/ave velocity = 1.048559e+01, 3.993119e+03, 2.136376e+02
min/max/ave velocity = 1.048559e+01, 3.993119e+03, 2.136376e+02
min/max/ave velocity = 1.048559e+01, 3.993119e+03, 2.136376e+02
min/max/ave velocity = 1.048559e+01, 3.993119e+03, 2.136376e+02
min/max/ave velocity = 1.541202e+01, 6.202545e+03, 2.136372e+02
min/max/ave velocity = 1.541202e+01, 6.202545e+03, 2.136372e+02
min/max/ave velocity = 1.541202e+01, 6.202545e+03, 2.136372e+02
min/max/ave velocity = 1.541202e+01, 6.202545e+03, 2.136372e+02
min/max/ave velocity = 1.048524e+01, 3.993119e+03, 2.136368e+02
min/max/ave velocity = 1.048524e+01, 3.993119e+03, 2.136368e+02
min/max/ave velocity = 1.048524e+01, 3.993119e+03, 2.136368e+02
min/max/ave velocity = 1.048524e+01, 3.993119e+03, 2.136368e+02
min/max/ave velocity = 1.048509e+01, 3.993119e+03, 2.136364e+02
min/max/ave velocity = 1.048509e+01, 3.993119e+03, 2.136364e+02
min/max/ave velocity = 1.048509e+01, 3.993119e+03, 2.136364e+02
min/max/ave velocity = 1.048509e+01, 3.993119e+03, 2.136364e+02
min/max/ave velocity = 1.048493e+01, 3.993119e+03, 2.136361e+02
min/max/ave velocity = 1.048493e+01, 3.993119e+03, 2.136361e+02
min/max/ave velocity = 1.048493e+01, 3.993119e+03, 2.136361e+02
min/max/ave velocity = 1.048493e+01, 3.993119e+03, 2.136361e+02
min/max/ave velocity = 1.048479e+01, 3.993119e+03, 2.136358e+02
min/max/ave velocity = 1.048479e+01, 3.993119e+03, 2.136358e+02
min/max/ave velocity = 1.048479e+01, 3.993119e+03, 2.136358e+02
min/max/ave velocity = 1.048479e+01, 3.993119e+03, 2.136358e+02
min/max/ave velocity = 1.048466e+01, 9.633685e+03, 2.136354e+02
min/max/ave velocity = 1.048466e+01, 9.633685e+03, 2.136354e+02
min/max/ave velocity = 1.048466e+01, 9.633685e+03, 2.136354e+02
min/max/ave velocity = 1.048466e+01, 9.633685e+03, 2.136354e+02
min/max/ave velocity = 9.809128e+00, 4.366080e+03, 2.136351e+02
min/max/ave velocity = 9.809128e+00, 4.366080e+03, 2.136351e+02
min/max/ave velocity = 9.809128e+00, 4.366080e+03, 2.136351e+02
min/max/ave velocity = 9.809128e+00, 4.366080e+03, 2.136351e+02
min/max/ave velocity = 1.161868e+01, 9.633685e+03, 2.136349e+02
min/max/ave velocity = 1.161868e+01, 9.633685e+03, 2.136349e+02
min/max/ave velocity = 1.161868e+01, 9.633685e+03, 2.136349e+02
min/max/ave velocity = 1.161868e+01, 9.633685e+03, 2.136349e+02
min/max/ave velocity = 1.048429e+01, 3.993119e+03, 2.136346e+02
min/max/ave velocity = 1.048429e+01, 3.993119e+03, 2.136346e+02
min/max/ave velocity = 1.048429e+01, 3.993119e+03, 2.136346e+02
min/max/ave velocity = 1.048429e+01, 3.993119e+03, 2.136346e+02
min/max/ave velocity = 1.048418e+01, 3.993119e+03, 2.136343e+02
min/max/ave velocity = 1.048418e+01, 3.993119e+03, 2.136343e+02
min/max/ave velocity = 1.048418e+01, 3.993119e+03, 2.136343e+02
min/max/ave velocity = 1.048418e+01, 3.993119e+03, 2.136343e+02
min/max/ave velocity = 1.048407e+01, 3.993119e+03, 2.136341e+02
min/max/ave velocity = 1.048407e+01, 3.993119e+03, 2.136341e+02
min/max/ave velocity = 1.048407e+01, 3.993119e+03, 2.136341e+02
min/max/ave velocity = 1.048407e+01, 3.993119e+03, 2.136341e+02
min/max/ave velocity = 1.048397e+01, 3.993119e+03, 2.136338e+02
min/max/ave velocity = 1.048397e+01, 3.993119e+03, 2.136338e+02
min/max/ave velocity = 1.048397e+01, 3.993119e+03, 2.136338e+02
min/max/ave velocity = 1.048397e+01, 3.993119e+03, 2.136338e+02
min/max/ave velocity = 1.541132e+01, 6.202545e+03, 2.136336e+02
min/max/ave velocity = 1.541132e+01, 6.202545e+03, 2.136336e+02
min/max/ave velocity = 1.541132e+01, 6.202545e+03, 2.136336e+02
min/max/ave velocity = 1.541132e+01, 6.202545e+03, 2.136336e+02
min/max/ave velocity = 1.048378e+01, 3.993119e+03, 2.136334e+02
min/max/ave velocity = 1.048378e+01, 3.993119e+03, 2.136334e+02
min/max/ave velocity = 1.048378e+01, 3.993119e+03, 2.136334e+02
min/max/ave velocity = 1.048378e+01, 3.993119e+03, 2.136334e+02
min/max/ave velocity = 1.541124e+01, 6.202545e+03, 2.136332e+02
min/max/ave velocity = 1.541124e+01, 6.202545e+03, 2.136332e+02
min/max/ave velocity = 1.541124e+01, 6.202545e+03, 2.136332e+02
min/max/ave velocity = 1.541124e+01, 6.202545e+03, 2.136332e+02
min/max/ave velocity = 1.161789e+01, 9.633685e+03, 2.136330e+02
min/max/ave velocity = 1.161789e+01, 9.633685e+03, 2.136330e+02
min/max/ave velocity = 1.161789e+01, 9.633685e+03, 2.136330e+02
min/max/ave velocity = 1.161789e+01, 9.633685e+03, 2.136330e+02
Average time = 41.846302 (ms) per step with 8000 elements 437.50 KB over 500 steps 41.749151 0.079028 0.017790
