min/max/ave velocity = 5.544712e+00, 1.958314e+02, 2.424346e+01
min/max/ave velocity = 5.544712e+00, 1.958314e+02, 2.424346e+01
min/max/ave velocity = 5.544712e+00, 1.958314e+02, 2.424346e+01
min/max/ave velocity = 5.544712e+00, 1.958314e+02, 2.424346e+01
min/max/ave velocity = 5.544712e+00, 1.958314e+02, 2.424346e+01
min/max/ave velocity = 5.544712e+00, 1.958314e+02, 2.424346e+01
min/max/ave velocity = 5.544712e+00, 1.958314e+02, 2.424346e+01
min/max/ave velocity = 5.544712e+00, 1.958314e+02, 2.424346e+01
min/max/ave velocity = 5.544712e+00, 1.958314e+02, 2.424346e+01
min/max/ave velocity = 5.544712e+00, 1.958314e+02, 2.424346e+01
min/max/ave velocity = 5.544712e+00, 1.958314e+02, 2.424346e+01
min/max/ave velocity = 5.544712e+00, 1.958314e+02, 2.424346e+01
min/max/ave velocity = 5.544712e+00, 1.958314e+02, 2.424346e+01
min/max/ave velocity = 5.544712e+00, 1.958314e+02, 2.424346e+01
min/max/ave velocity = 5.544712e+00, 1.958314e+02, 2.424346e+01
min/max/ave velocity = 5.544712e+00, 1.958314e+02, 2.424346e+01
min/max/ave velocity = 7.290417e+00, 3.169845e+04, 1.063830e+02
min/max/ave velocity = 7.290417e+00, 3.169845e+04, 1.063830e+02
min/max/ave velocity = 7.290417e+00, 3.169845e+04, 1.063830e+02
min/max/ave velocity = 7.290417e+00, 3.169845e+04, 1.063830e+02
min/max/ave velocity = 7.290417e+00, 3.169845e+04, 1.063830e+02
min/max/ave velocity = 7.290417e+00, 3.169845e+04, 1.063830e+02
min/max/ave velocity = 7.290417e+00, 3.169845e+04, 1.063830e+02
min/max/ave velocity = 7.290417e+00, 3.169845e+04, 1.063830e+02
min/max/ave velocity = 7.290417e+00, 3.169845e+04, 1.063830e+02
min/max/ave velocity = 7.290417e+00, 3.169845e+04, 1.063830e+02
min/max/ave velocity = 7.290417e+00, 3.169845e+04, 1.063830e+02
min/max/ave velocity = 7.290417e+00, 3.169845e+04, 1.063830e+02
min/max/ave velocity = 7.290417e+00, 3.169845e+04, 1.063830e+02
min/max/ave velocity = 7.290417e+00, 3.169845e+04, 1.063830e+02
min/max/ave velocity = 7.290417e+00, 3.169845e+04, 1.063830e+02
min/max/ave velocity = 7.290417e+00, 3.169845e+04, 1.063830e+02
min/max/ave velocity = 4.136753e+00, 4.973179e+03, 1.044183e+02
min/max/ave velocity = 4.136753e+00, 4.973179e+03, 1.044183e+02
min/max/ave velocity = 4.136753e+00, 4.973179e+03, 1.044183e+02
min/max/ave velocity = 4.136753e+00, 4.973179e+03, 1.044183e+02
min/max/ave velocity = 4.136753e+00, 4.973179e+03, 1.044183e+02
min/max/ave velocity = 4.136753e+00, 4.973179e+03, 1.044183e+02
min/max/ave velocity = 4.136753e+00, 4.973179e+03, 1.044183e+02
min/max/ave velocity = 4.136753e+00, 4.973179e+03, 1.044183e+02
min/max/ave velocity = 4.136753e+00, 4.973179e+03, 1.044183e+02
min/max/ave velocity = 4.136753e+00, 4.973179e+03, 1.044183e+02
min/max/ave velocity = 4.136753e+00, 4.973179e+03, 1.044183e+02
min/max/ave velocity = 4.136753e+00, 4.973179e+03, 1.044183e+02
min/max/ave velocity = 4.136753e+00, 4.973179e+03, 1.044183e+02
min/max/ave velocity = 4.136753e+00, 4.973179e+03, 1.044183e+02
min/max/ave velocity = 4.136753e+00, 4.973179e+03, 1.044183e+02
min/max/ave velocity = 4.136753e+00, 4.973179e+03, 1.044183e+02
min/max/ave velocity = 5.410226e+00, 4.670654e+03, 1.037932e+02
min/max/ave velocity = 5.410226e+00, 4.670654e+03, 1.037932e+02
min/max/ave velocity = 5.410226e+00, 4.670654e+03, 1.037932e+02
min/max/ave velocity = 5.410226e+00, 4.670654e+03, 1.037932e+02
min/max/ave velocity = 5.410226e+00, 4.670654e+03, 1.037932e+02
min/max/ave velocity = 5.410226e+00, 4.670654e+03, 1.037932e+02
min/max/ave velocity = 5.410226e+00, 4.670654e+03, 1.037932e+02
min/max/ave velocity = 5.410226e+00, 4.670654e+03, 1.037932e+02
min/max/ave velocity = 5.410226e+00, 4.670654e+03, 1.037932e+02
min/max/ave velocity = 5.410226e+00, 4.670654e+03, 1.037932e+02
min/max/ave velocity = 5.410226e+00, 4.670654e+03, 1.037932e+02
min/max/ave velocity = 5.410226e+00, 4.670654e+03, 1.037932e+02
min/max/ave velocity = 5.410226e+00, 4.670654e+03, 1.037932e+02
min/max/ave velocity = 5.410226e+00, 4.670654e+03, 1.037932e+02
min/max/ave velocity = 5.410226e+00, 4.670654e+03, 1.037932e+02
min/max/ave velocity = 5.410226e+00, 4.670654e+03, 1.037932e+02
min/max/ave velocity = 3.146879e+00, 2.351859e+03, 1.034841e+02
min/max/ave velocity = 3.146879e+00, 2.351859e+03, 1.034841e+02
min/max/ave velocity = 3.146879e+00, 2.351859e+03, 1.034841e+02
min/max/ave velocity = 3.146879e+00, 2.351859e+03, 1.034841e+02
min/max/ave velocity = 3.146879e+00, 2.351859e+03, 1.034841e+02
min/max/ave velocity = 3.146879e+00, 2.351859e+03, 1.034841e+02
min/max/ave velocity = 3.146879e+00, 2.351859e+03, 1.034841e+02
min/max/ave velocity = 3.146879e+00, 2.351859e+03, 1.034841e+02
min/max/ave velocity = 3.146879e+00, 2.351859e+03, 1.034841e+02
min/max/ave velocity = 3.146879e+00, 2.351859e+03, 1.034841e+02
min/max/ave velocity = 3.146879e+00, 2.351859e+03, 1.034841e+02
min/max/ave velocity = 3.146879e+00, 2.351859e+03, 1.034841e+02
min/max/ave velocity = 3.146879e+00, 2.351859e+03, 1.034841e+02
min/max/ave velocity = 3.146879e+00, 2.351859e+03, 1.034841e+02
min/max/ave velocity = 3.146879e+00, 2.351859e+03, 1.034841e+02
min/max/ave velocity = 3.146879e+00, 2.351859e+03, 1.034841e+02
min/max/ave velocity = 5.126346e+00, 3.035786e+03, 1.032998e+02
min/max/ave velocity = 5.126346e+00, 3.035786e+03, 1.032998e+02
min/max/ave velocity = 5.126346e+00, 3.035786e+03, 1.032998e+02
min/max/ave velocity = 5.126346e+00, 3.035786e+03, 1.032998e+02
min/max/ave velocity = 5.126346e+00, 3.035786e+03, 1.032998e+02
min/max/ave velocity = 5.126346e+00, 3.035786e+03, 1.032998e+02
min/max/ave velocity = 5.126346e+00, 3.035786e+03, 1.032998e+02
min/max/ave velocity = 5.126346e+00, 3.035786e+03, 1.032998e+02
min/max/ave velocity = 5.126346e+00, 3.035786e+03, 1.032998e+02
min/max/ave velocity = 5.126346e+00, 3.035786e+03, 1.032998e+02
min/max/ave velocity = 5.126346e+00, 3.035786e+03, 1.032998e+02
min/max/ave velocity = 5.126346e+00, 3.035786e+03, 1.032998e+02
min/max/ave velocity = 5.126346e+00, 3.035786e+03, 1.032998e+02
min/max/ave velocity = 5.126346e+00, 3.035786e+03, 1.032998e+02
min/max/ave velocity = 5.126346e+00, 3.035786e+03, 1.032998e+02
min/max/ave velocity = 5.126346e+00, 3.035786e+03, 1.032998e+02
min/max/ave velocity = 3.344656e+00, 2.158980e+03, 1.031767e+02
min/max/ave velocity = 3.344656e+00, 2.158980e+03, 1.031767e+02
min/max/ave velocity = 3.344656e+00, 2.158980e+03, 1.031767e+02
min/max/ave velocity = 3.344656e+00, 2.158980e+03, 1.031767e+02
min/max/ave velocity = 3.344656e+00, 2.158980e+03, 1.031767e+02
min/max/ave velocity = 3.344656e+00, 2.158980e+03, 1.031767e+02
min/max/ave velocity = 3.344656e+00, 2.158980e+03, 1.031767e+02
min/max/ave velocity = 3.344656e+00, 2.158980e+03, 1.031767e+02
min/max/ave velocity = 3.344656e+00, 2.158980e+03, 1.031767e+02
min/max/ave velocity = 3.344656e+00, 2.158980e+03, 1.031767e+02
min/max/ave velocity = 3.344656e+00, 2.158980e+03, 1.031767e+02
min/max/ave velocity = 3.344656e+00, 2.158980e+03, 1.031767e+02
min/max/ave velocity = 3.344656e+00, 2.158980e+03, 1.031767e+02
min/max/ave velocity = 3.344656e+00, 2.158980e+03, 1.031767e+02
min/max/ave velocity = 3.344656e+00, 2.158980e+03, 1.031767e+02
min/max/ave velocity = 3.344656e+00, 2.158980e+03, 1.031767e+02
min/max/ave velocity = 4.957406e+00, 3.035785e+03, 1.030889e+02
min/max/ave velocity = 4.957406e+00, 3.035785e+03, 1.030889e+02
min/max/ave velocity = 4.957406e+00, 3.035785e+03, 1.030889e+02
min/max/ave velocity = 4.957406e+00, 3.035785e+03, 1.030889e+02
min/max/ave velocity = 4.957406e+00, 3.035785e+03, 1.030889e+02
min/max/ave velocity = 4.957406e+00, 3.035785e+03, 1.030889e+02
min/max/ave velocity = 4.957406e+00, 3.035785e+03, 1.030889e+02
min/max/ave velocity = 4.957406e+00, 3.035785e+03, 1.030889e+02
min/max/ave velocity = 4.957406e+00, 3.035785e+03, 1.030889e+02
min/max/ave velocity = 4.957406e+00, 3.035785e+03, 1.030889e+02
min/max/ave velocity = 4.957406e+00, 3.035785e+03, 1.030889e+02
min/max/ave velocity = 4.957406e+00, 3.035785e+03, 1.030889e+02
min/max/ave velocity = 4.957406e+00, 3.035785e+03, 1.030889e+02
min/max/ave velocity = 4.957406e+00, 3.035785e+03, 1.030889e+02
min/max/ave velocity = 4.957406e+00, 3.035785e+03, 1.030889e+02
min/max/ave velocity = 4.957406e+00, 3.035785e+03, 1.030889e+02
min/max/ave velocity = 4.909392e+00, 5.184186e+03, 1.030230e+02
min/max/ave velocity = 4.909392e+00, 5.184186e+03, 1.030230e+02
min/max/ave velocity = 4.909392e+00, 5.184186e+03, 1.030230e+02
min/max/ave velocity = 4.909392e+00, 5.184186e+03, 1.030230e+02
min/max/ave velocity = 4.909392e+00, 5.184186e+03, 1.030230e+02
min/max/ave velocity = 4.909392e+00, 5.184186e+03, 1.030230e+02
min/max/ave velocity = 4.909392e+00, 5.184186e+03, 1.030230e+02
min/max/ave velocity = 4.909392e+00, 5.184186e+03, 1.030230e+02
min/max/ave velocity = 4.909392e+00, 5.184186e+03, 1.030230e+02
min/max/ave velocity = 4.909392e+00, 5.184186e+03, 1.030230e+02
min/max/ave velocity = 4.909392e+00, 5.184186e+03, 1.030230e+02
min/max/ave velocity = 4.909392e+00, 5.184186e+03, 1.030230e+02
min/max/ave velocity = 4.909392e+00, 5.184186e+03, 1.030230e+02
min/max/ave velocity = 4.909392e+00, 5.184186e+03, 1.030230e+02
min/max/ave velocity = 4.909392e+00, 5.184186e+03, 1.030230e+02
min/max/ave velocity = 4.909392e+00, 5.184186e+03, 1.030230e+02
min/max/ave velocity = 6.238384e+00, 1.940335e+04, 1.029715e+02
min/max/ave velocity = 6.238384e+00, 1.940335e+04, 1.029715e+02
min/max/ave velocity = 6.238384e+00, 1.940335e+04, 1.029715e+02
min/max/ave velocity = 6.238384e+00, 1.940335e+04, 1.029715e+02
min/max/ave velocity = 6.238384e+00, 1.940335e+04, 1.029715e+02
min/max/ave velocity = 6.238384e+00, 1.940335e+04, 1.029715e+02
min/max/ave velocity = 6.238384e+00, 1.940335e+04, 1.029715e+02
min/max/ave velocity = 6.238384e+00, 1.940335e+04, 1.029715e+02
min/max/ave velocity = 6.238384e+00, 1.940335e+04, 1.029715e+02
min/max/ave velocity = 6.238384e+00, 1.940335e+04, 1.029715e+02
min/max/ave velocity = 6.238384e+00, 1.940335e+04, 1.029715e+02
min/max/ave velocity = 6.238384e+00, 1.940335e+04, 1.029715e+02
min/max/ave velocity = 6.238384e+00, 1.940335e+04, 1.029715e+02
min/max/ave velocity = 6.238384e+00, 1.940335e+04, 1.029715e+02
min/max/ave velocity = 6.238384e+00, 1.940335e+04, 1.029715e+02
min/max/ave velocity = 6.238384e+00, 1.940335e+04, 1.029715e+02
min/max/ave velocity = 3.558898e+00, 2.158979e+03, 1.029300e+02
min/max/ave velocity = 3.558898e+00, 2.158979e+03, 1.029300e+02
min/max/ave velocity = 3.558898e+00, 2.158979e+03, 1.029300e+02
min/max/ave velocity = 3.558898e+00, 2.158979e+03, 1.029300e+02
min/max/ave velocity = 3.558898e+00, 2.158979e+03, 1.029300e+02
min/max/ave velocity = 3.558898e+00, 2.158979e+03, 1.029300e+02
min/max/ave velocity = 3.558898e+00, 2.158979e+03, 1.029300e+02
min/max/ave velocity = 3.558898e+00, 2.158979e+03, 1.029300e+02
min/max/ave velocity = 3.558898e+00, 2.158979e+03, 1.029300e+02
min/max/ave velocity = 3.558898e+00, 2.158979e+03, 1.029300e+02
min/max/ave velocity = 3.558898e+00, 2.158979e+03, 1.029300e+02
min/max/ave velocity = 3.558898e+00, 2.158979e+03, 1.029300e+02
min/max/ave velocity = 3.558898e+00, 2.158979e+03, 1.029300e+02
min/max/ave velocity = 3.558898e+00, 2.158979e+03, 1.029300e+02
min/max/ave velocity = 3.558898e+00, 2.158979e+03, 1.029300e+02
min/max/ave velocity = 3.558898e+00, 2.158979e+03, 1.029300e+02
min/max/ave velocity = 4.913120e+00, 5.184186e+03, 1.028963e+02
min/max/ave velocity = 4.913120e+00, 5.184186e+03, 1.028963e+02
min/max/ave velocity = 4.913120e+00, 5.184186e+03, 1.028963e+02
min/max/ave velocity = 4.913120e+00, 5.184186e+03, 1.028963e+02
min/max/ave velocity = 4.913120e+00, 5.184186e+03, 1.028963e+02
min/max/ave velocity = 4.913120e+00, 5.184186e+03, 1.028963e+02
min/max/ave velocity = 4.913120e+00, 5.184186e+03, 1.028963e+02
min/max/ave velocity = 4.913120e+00, 5.184186e+03, 1.028963e+02
min/max/ave velocity = 4.913120e+00, 5.184186e+03, 1.028963e+02
min/max/ave velocity = 4.913120e+00, 5.184186e+03, 1.028963e+02
min/max/ave velocity = 4.913120e+00, 5.184186e+03, 1.028963e+02
min/max/ave velocity = 4.913120e+00, 5.184186e+03, 1.028963e+02
min/max/ave velocity = 4.913120e+00, 5.184186e+03, 1.028963e+02
min/max/ave velocity = 4.913120e+00, 5.184186e+03, 1.028963e+02
min/max/ave velocity = 4.913120e+00, 5.184186e+03, 1.028963e+02
min/max/ave velocity = 4.913120e+00, 5.184186e+03, 1.028963e+02
min/max/ave velocity = 3.140350e+00, 4.973179e+03, 1.028685e+02
min/max/ave velocity = 3.140350e+00, 4.973179e+03, 1.028685e+02
min/max/ave velocity = 3.140350e+00, 4.973179e+03, 1.028685e+02
min/max/ave velocity = 3.140350e+00, 4.973179e+03, 1.028685e+02
min/max/ave velocity = 3.140350e+00, 4.973179e+03, 1.028685e+02
min/max/ave velocity = 3.140350e+00, 4.973179e+03, 1.028685e+02
min/max/ave velocity = 3.140350e+00, 4.973179e+03, 1.028685e+02
min/max/ave velocity = 3.140350e+00, 4.973179e+03, 1.028685e+02
min/max/ave velocity = 3.140350e+00, 4.973179e+03, 1.028685e+02
min/max/ave velocity = 3.140350e+00, 4.973179e+03, 1.028685e+02
min/max/ave velocity = 3.140350e+00, 4.973179e+03, 1.028685e+02
min/max/ave velocity = 3.140350e+00, 4.973179e+03, 1.028685e+02
min/max/ave velocity = 3.140350e+00, 4.973179e+03, 1.028685e+02
min/max/ave velocity = 3.140350e+00, 4.973179e+03, 1.028685e+02
min/max/ave velocity = 3.140350e+00, 4.973179e+03, 1.028685e+02
min/max/ave velocity = 3.140350e+00, 4.973179e+03, 1.028685e+02
min/max/ave velocity = 3.135951e+00, 4.973179e+03, 1.028450e+02
min/max/ave velocity = 3.135951e+00, 4.973179e+03, 1.028450e+02
min/max/ave velocity = 3.135951e+00, 4.973179e+03, 1.028450e+02
min/max/ave velocity = 3.135951e+00, 4.973179e+03, 1.028450e+02
min/max/ave velocity = 3.135951e+00, 4.973179e+03, 1.028450e+02
min/max/ave velocity = 3.135951e+00, 4.973179e+03, 1.028450e+02
min/max/ave velocity = 3.135951e+00, 4.973179e+03, 1.028450e+02
min/max/ave velocity = 3.135951e+00, 4.973179e+03, 1.028450e+02
min/max/ave velocity = 3.135951e+00, 4.973179e+03, 1.028450e+02
min/max/ave velocity = 3.135951e+00, 4.973179e+03, 1.028450e+02
min/max/ave velocity = 3.135951e+00, 4.973179e+03, 1.028450e+02
min/max/ave velocity = 3.135951e+00, 4.973179e+03, 1.028450e+02
min/max/ave velocity = 3.135951e+00, 4.973179e+03, 1.028450e+02
min/max/ave velocity = 3.135951e+00, 4.973179e+03, 1.028450e+02
min/max/ave velocity = 3.135951e+00, 4.973179e+03, 1.028450e+02
min/max/ave velocity = 3.135951e+00, 4.973179e+03, 1.028450e+02
min/max/ave velocity = 2.706114e+00, 7.749460e+03, 1.028247e+02
min/max/ave velocity = 2.706114e+00, 7.749460e+03, 1.028247e+02
min/max/ave velocity = 2.706114e+00, 7.749460e+03, 1.028247e+02
min/max/ave velocity = 2.706114e+00, 7.749460e+03, 1.028247e+02
min/max/ave velocity = 2.706114e+00, 7.749460e+03, 1.028247e+02
min/max/ave velocity = 2.706114e+00, 7.749460e+03, 1.028247e+02
min/max/ave velocity = 2.706114e+00, 7.749460e+03, 1.028247e+02
min/max/ave velocity = 2.706114e+00, 7.749460e+03, 1.028247e+02
min/max/ave velocity = 2.706114e+00, 7.749460e+03, 1.028247e+02
min/max/ave velocity = 2.706114e+00, 7.749460e+03, 1.028247e+02
min/max/ave velocity = 2.706114e+00, 7.749460e+03, 1.028247e+02
min/max/ave velocity = 2.706114e+00, 7.749460e+03, 1.028247e+02
min/max/ave velocity = 2.706114e+00, 7.749460e+03, 1.028247e+02
min/max/ave velocity = 2.706114e+00, 7.749460e+03, 1.028247e+02
min/max/ave velocity = 2.706114e+00, 7.749460e+03, 1.028247e+02
min/max/ave velocity = 2.706114e+00, 7.749460e+03, 1.028247e+02
min/max/ave velocity = 7.014964e+00, 3.115360e+03, 1.028070e+02
min/max/ave velocity = 7.014964e+00, 3.115360e+03, 1.028070e+02
min/max/ave velocity = 7.014964e+00, 3.115360e+03, 1.028070e+02
min/max/ave velocity = 7.014964e+00, 3.115360e+03, 1.028070e+02
min/max/ave velocity = 7.014964e+00, 3.115360e+03, 1.028070e+02
min/max/ave velocity = 7.014964e+00, 3.115360e+03, 1.028070e+02
min/max/ave velocity = 7.014964e+00, 3.115360e+03, 1.028070e+02
min/max/ave velocity = 7.014964e+00, 3.115360e+03, 1.028070e+02
min/max/ave velocity = 7.014964e+00, 3.115360e+03, 1.028070e+02
min/max/ave velocity = 7.014964e+00, 3.115360e+03, 1.028070e+02
min/max/ave velocity = 7.014964e+00, 3.115360e+03, 1.028070e+02
min/max/ave velocity = 7.014964e+00, 3.115360e+03, 1.028070e+02
min/max/ave velocity = 7.014964e+00, 3.115360e+03, 1.028070e+02
min/max/ave velocity = 7.014964e+00, 3.115360e+03, 1.028070e+02
min/max/ave velocity = 7.014964e+00, 3.115360e+03, 1.028070e+02
min/max/ave velocity = 7.014964e+00, 3.115360e+03, 1.028070e+02
min/max/ave velocity = 5.024967e+00, 4.670653e+03, 1.027916e+02
min/max/ave velocity = 5.024967e+00, 4.670653e+03, 1.027916e+02
min/max/ave velocity = 5.024967e+00, 4.670653e+03, 1.027916e+02
min/max/ave velocity = 5.024967e+00, 4.670653e+03, 1.027916e+02
min/max/ave velocity = 5.024967e+00, 4.670653e+03, 1.027916e+02
min/max/ave velocity = 5.024967e+00, 4.670653e+03, 1.027916e+02
min/max/ave velocity = 5.024967e+00, 4.670653e+03, 1.027916e+02
min/max/ave velocity = 5.024967e+00, 4.670653e+03, 1.027916e+02
min/max/ave velocity = 5.024967e+00, 4.670653e+03, 1.027916e+02
min/max/ave velocity = 5.024967e+00, 4.670653e+03, 1.027916e+02
min/max/ave velocity = 5.024967e+00, 4.670653e+03, 1.027916e+02
min/max/ave velocity = 5.024967e+00, 4.670653e+03, 1.027916e+02
min/max/ave velocity = 5.024967e+00, 4.670653e+03, 1.027916e+02
min/max/ave velocity = 5.024967e+00, 4.670653e+03, 1.027916e+02
min/max/ave velocity = 5.024967e+00, 4.670653e+03, 1.027916e+02
min/max/ave velocity = 5.024967e+00, 4.670653e+03, 1.027916e+02
min/max/ave velocity = 2.732493e+00, 7.749460e+03, 1.027779e+02
min/max/ave velocity = 2.732493e+00, 7.749460e+03, 1.027779e+02
min/max/ave velocity = 2.732493e+00, 7.749460e+03, 1.027779e+02
min/max/ave velocity = 2.732493e+00, 7.749460e+03, 1.027779e+02
min/max/ave velocity = 2.732493e+00, 7.749460e+03, 1.027779e+02
min/max/ave velocity = 2.732493e+00, 7.749460e+03, 1.027779e+02
min/max/ave velocity = 2.732493e+00, 7.749460e+03, 1.027779e+02
min/max/ave velocity = 2.732493e+00, 7.749460e+03, 1.027779e+02
min/max/ave velocity = 2.732493e+00, 7.749460e+03, 1.027779e+02
min/max/ave velocity = 2.732493e+00, 7.749460e+03, 1.027779e+02
min/max/ave velocity = 2.732493e+00, 7.749460e+03, 1.027779e+02
min/max/ave velocity = 2.732493e+00, 7.749460e+03, 1.027779e+02
min/max/ave velocity = 2.732493e+00, 7.749460e+03, 1.027779e+02
min/max/ave velocity = 2.732493e+00, 7.749460e+03, 1.027779e+02
min/max/ave velocity = 2.732493e+00, 7.749460e+03, 1.027779e+02
min/max/ave velocity = 2.732493e+00, 7.749460e+03, 1.027779e+02
min/max/ave velocity = 4.944372e+00, 5.184186e+03, 1.027657e+02
min/max/ave velocity = 4.944372e+00, 5.184186e+03, 1.027657e+02
min/max/ave velocity = 4.944372e+00, 5.184186e+03, 1.027657e+02
min/max/ave velocity = 4.944372e+00, 5.184186e+03, 1.027657e+02
min/max/ave velocity = 4.944372e+00, 5.184186e+03, 1.027657e+02
min/max/ave velocity = 4.944372e+00, 5.184186e+03, 1.027657e+02
min/max/ave velocity = 4.944372e+00, 5.184186e+03, 1.027657e+02
min/max/ave velocity = 4.944372e+00, 5.184186e+03, 1.027657e+02
min/max/ave velocity = 4.944372e+00, 5.184186e+03, 1.027657e+02
min/max/ave velocity = 4.944372e+00, 5.184186e+03, 1.027657e+02
min/max/ave velocity = 4.944372e+00, 5.184186e+03, 1.027657e+02
min/max/ave velocity = 4.944372e+00, 5.184186e+03, 1.027657e+02
min/max/ave velocity = 4.944372e+00, 5.184186e+03, 1.027657e+02
min/max/ave velocity = 4.944372e+00, 5.184186e+03, 1.027657e+02
min/max/ave velocity = 4.944372e+00, 5.184186e+03, 1.027657e+02
min/max/ave velocity = 4.944372e+00, 5.184186e+03, 1.027657e+02
min/max/ave velocity = 4.058314e+00, 1.147809e+03, 1.027548e+02
min/max/ave velocity = 4.058314e+00, 1.147809e+03, 1.027548e+02
min/max/ave velocity = 4.058314e+00, 1.147809e+03, 1.027548e+02
min/max/ave velocity = 4.058314e+00, 1.147809e+03, 1.027548e+02
min/max/ave velocity = 4.058314e+00, 1.147809e+03, 1.027548e+02
min/max/ave velocity = 4.058314e+00, 1.147809e+03, 1.027548e+02
min/max/ave velocity = 4.058314e+00, 1.147809e+03, 1.027548e+02
min/max/ave velocity = 4.058314e+00, 1.147809e+03, 1.027548e+02
min/max/ave velocity = 4.058314e+00, 1.147809e+03, 1.027548e+02
min/max/ave velocity = 4.058314e+00, 1.147809e+03, 1.027548e+02
min/max/ave velocity = 4.058314e+00, 1.147809e+03, 1.027548e+02
min/max/ave velocity = 4.058314e+00, 1.147809e+03, 1.027548e+02
min/max/ave velocity = 4.058314e+00, 1.147809e+03, 1.027548e+02
min/max/ave velocity = 4.058314e+00, 1.147809e+03, 1.027548e+02
min/max/ave velocity = 4.058314e+00, 1.147809e+03, 1.027548e+02
min/max/ave velocity = 4.058314e+00, 1.147809e+03, 1.027548e+02
min/max/ave velocity = 4.951677e+00, 5.184186e+03, 1.027450e+02
min/max/ave velocity = 4.951677e+00, 5.184186e+03, 1.027450e+02
min/max/ave velocity = 4.951677e+00, 5.184186e+03, 1.027450e+02
min/max/ave velocity = 4.951677e+00, 5.184186e+03, 1.027450e+02
min/max/ave velocity = 4.951677e+00, 5.184186e+03, 1.027450e+02
min/max/ave velocity = 4.951677e+00, 5.184186e+03, 1.027450e+02
min/max/ave velocity = 4.951677e+00, 5.184186e+03, 1.027450e+02
min/max/ave velocity = 4.951677e+00, 5.184186e+03, 1.027450e+02
min/max/ave velocity = 4.951677e+00, 5.184186e+03, 1.027450e+02
min/max/ave velocity = 4.951677e+00, 5.184186e+03, 1.027450e+02
min/max/ave velocity = 4.951677e+00, 5.184186e+03, 1.027450e+02
min/max/ave velocity = 4.951677e+00, 5.184186e+03, 1.027450e+02
min/max/ave velocity = 4.951677e+00, 5.184186e+03, 1.027450e+02
min/max/ave velocity = 4.951677e+00, 5.184186e+03, 1.027450e+02
min/max/ave velocity = 4.951677e+00, 5.184186e+03, 1.027450e+02
min/max/ave velocity = 4.951677e+00, 5.184186e+03, 1.027450e+02
min/max/ave velocity = 2.759251e+00, 2.158979e+03, 1.027361e+02
min/max/ave velocity = 2.759251e+00, 2.158979e+03, 1.027361e+02
min/max/ave velocity = 2.759251e+00, 2.158979e+03, 1.027361e+02
min/max/ave velocity = 2.759251e+00, 2.158979e+03, 1.027361e+02
min/max/ave velocity = 2.759251e+00, 2.158979e+03, 1.027361e+02
min/max/ave velocity = 2.759251e+00, 2.158979e+03, 1.027361e+02
min/max/ave velocity = 2.759251e+00, 2.158979e+03, 1.027361e+02
min/max/ave velocity = 2.759251e+00, 2.158979e+03, 1.027361e+02
min/max/ave velocity = 2.759251e+00, 2.158979e+03, 1.027361e+02
min/max/ave velocity = 2.759251e+00, 2.158979e+03, 1.027361e+02
min/max/ave velocity = 2.759251e+00, 2.158979e+03, 1.027361e+02
min/max/ave velocity = 2.759251e+00, 2.158979e+03, 1.027361e+02
min/max/ave velocity = 2.759251e+00, 2.158979e+03, 1.027361e+02
min/max/ave velocity = 2.759251e+00, 2.158979e+03, 1.027361e+02
min/max/ave velocity = 2.759251e+00, 2.158979e+03, 1.027361e+02
min/max/ave velocity = 2.759251e+00, 2.158979e+03, 1.027361e+02
min/max/ave velocity = 3.374057e+00, 2.351858e+03, 1.027280e+02
min/max/ave velocity = 3.374057e+00, 2.351858e+03, 1.027280e+02
min/max/ave velocity = 3.374057e+00, 2.351858e+03, 1.027280e+02
min/max/ave velocity = 3.374057e+00, 2.351858e+03, 1.027280e+02
min/max/ave velocity = 3.374057e+00, 2.351858e+03, 1.027280e+02
min/max/ave velocity = 3.374057e+00, 2.351858e+03, 1.027280e+02
min/max/ave velocity = 3.374057e+00, 2.351858e+03, 1.027280e+02
min/max/ave velocity = 3.374057e+00, 2.351858e+03, 1.027280e+02
min/max/ave velocity = 3.374057e+00, 2.351858e+03, 1.027280e+02
min/max/ave velocity = 3.374057e+00, 2.351858e+03, 1.027280e+02
min/max/ave velocity = 3.374057e+00, 2.351858e+03, 1.027280e+02
min/max/ave velocity = 3.374057e+00, 2.351858e+03, 1.027280e+02
min/max/ave velocity = 3.374057e+00, 2.351858e+03, 1.027280e+02
min/max/ave velocity = 3.374057e+00, 2.351858e+03, 1.027280e+02
min/max/ave velocity = 3.374057e+00, 2.351858e+03, 1.027280e+02
min/max/ave velocity = 3.374057e+00, 2.351858e+03, 1.027280e+02
min/max/ave velocity = 4.208809e+00, 3.169845e+04, 1.027205e+02
min/max/ave velocity = 4.208809e+00, 3.169845e+04, 1.027205e+02
min/max/ave velocity = 4.208809e+00, 3.169845e+04, 1.027205e+02
min/max/ave velocity = 4.208809e+00, 3.169845e+04, 1.027205e+02
min/max/ave velocity = 4.208809e+00, 3.169845e+04, 1.027205e+02
min/max/ave velocity = 4.208809e+00, 3.169845e+04, 1.027205e+02
min/max/ave velocity = 4.208809e+00, 3.169845e+04, 1.027205e+02
min/max/ave velocity = 4.208809e+00, 3.169845e+04, 1.027205e+02
min/max/ave velocity = 4.208809e+00, 3.169845e+04, 1.027205e+02
min/max/ave velocity = 4.208809e+00, 3.169845e+04, 1.027205e+02
min/max/ave velocity = 4.208809e+00, 3.169845e+04, 1.027205e+02
min/max/ave velocity = 4.208809e+00, 3.169845e+04, 1.027205e+02
min/max/ave velocity = 4.208809e+00, 3.169845e+04, 1.027205e+02
min/max/ave velocity = 4.208809e+00, 3.169845e+04, 1.027205e+02
min/max/ave velocity = 4.208809e+00, 3.169845e+04, 1.027205e+02
min/max/ave velocity = 4.208809e+00, 3.169845e+04, 1.027205e+02
min/max/ave velocity = 3.736948e+00, 3.617184e+03, 1.027147e+02
min/max/ave velocity = 3.736948e+00, 3.617184e+03, 1.027147e+02
min/max/ave velocity = 3.736948e+00, 3.617184e+03, 1.027147e+02
min/max/ave velocity = 3.736948e+00, 3.617184e+03, 1.027147e+02
min/max/ave velocity = 3.736948e+00, 3.617184e+03, 1.027147e+02
min/max/ave velocity = 3.736948e+00, 3.617184e+03, 1.027147e+02
min/max/ave velocity = 3.736948e+00, 3.617184e+03, 1.027147e+02
min/max/ave velocity = 3.736948e+00, 3.617184e+03, 1.027147e+02
min/max/ave velocity = 3.736948e+00, 3.617184e+03, 1.027147e+02
min/max/ave velocity = 3.736948e+00, 3.617184e+03, 1.027147e+02
min/max/ave velocity = 3.736948e+00, 3.617184e+03, 1.027147e+02
min/max/ave velocity = 3.736948e+00, 3.617184e+03, 1.027147e+02
min/max/ave velocity = 3.736948e+00, 3.617184e+03, 1.027147e+02
min/max/ave velocity = 3.736948e+00, 3.617184e+03, 1.027147e+02
min/max/ave velocity = 3.736948e+00, 3.617184e+03, 1.027147e+02
min/max/ave velocity = 3.736948e+00, 3.617184e+03, 1.027147e+02
min/max/ave velocity = 6.876638e+00, 3.115360e+03, 1.027085e+02
min/max/ave velocity = 6.876638e+00, 3.115360e+03, 1.027085e+02
min/max/ave velocity = 6.876638e+00, 3.115360e+03, 1.027085e+02
min/max/ave velocity = 6.876638e+00, 3.115360e+03, 1.027085e+02
min/max/ave velocity = 6.876638e+00, 3.115360e+03, 1.027085e+02
min/max/ave velocity = 6.876638e+00, 3.115360e+03, 1.027085e+02
min/max/ave velocity = 6.876638e+00, 3.115360e+03, 1.027085e+02
min/max/ave velocity = 6.876638e+00, 3.115360e+03, 1.027085e+02
min/max/ave velocity = 6.876638e+00, 3.115360e+03, 1.027085e+02
min/max/ave velocity = 6.876638e+00, 3.115360e+03, 1.027085e+02
min/max/ave velocity = 6.876638e+00, 3.115360e+03, 1.027085e+02
min/max/ave velocity = 6.876638e+00, 3.115360e+03, 1.027085e+02
min/max/ave velocity = 6.876638e+00, 3.115360e+03, 1.027085e+02
min/max/ave velocity = 6.876638e+00, 3.115360e+03, 1.027085e+02
min/max/ave velocity = 6.876638e+00, 3.115360e+03, 1.027085e+02
min/max/ave velocity = 6.876638e+00, 3.115360e+03, 1.027085e+02
min/max/ave velocity = 6.868458e+00, 3.115360e+03, 1.027027e+02
min/max/ave velocity = 6.868458e+00, 3.115360e+03, 1.027027e+02
min/max/ave velocity = 6.868458e+00, 3.115360e+03, 1.027027e+02
min/max/ave velocity = 6.868458e+00, 3.115360e+03, 1.027027e+02
min/max/ave velocity = 6.868458e+00, 3.115360e+03, 1.027027e+02
min/max/ave velocity = 6.868458e+00, 3.115360e+03, 1.027027e+02
min/max/ave velocity = 6.868458e+00, 3.115360e+03, 1.027027e+02
min/max/ave velocity = 6.868458e+00, 3.115360e+03, 1.027027e+02
min/max/ave velocity = 6.868458e+00, 3.115360e+03, 1.027027e+02
min/max/ave velocity = 6.868458e+00, 3.115360e+03, 1.027027e+02
min/max/ave velocity = 6.868458e+00, 3.115360e+03, 1.027027e+02
min/max/ave velocity = 6.868458e+00, 3.115360e+03, 1.027027e+02
min/max/ave velocity = 6.868458e+00, 3.115360e+03, 1.027027e+02
min/max/ave velocity = 6.868458e+00, 3.115360e+03, 1.027027e+02
min/max/ave velocity = 6.868458e+00, 3.115360e+03, 1.027027e+02
min/max/ave velocity = 6.868458e+00, 3.115360e+03, 1.027027e+02
min/max/ave velocity = 2.726681e+00, 2.028155e+03, 1.026974e+02
min/max/ave velocity = 2.726681e+00, 2.028155e+03, 1.026974e+02
min/max/ave velocity = 2.726681e+00, 2.028155e+03, 1.026974e+02
min/max/ave velocity = 2.726681e+00, 2.028155e+03, 1.026974e+02
min/max/ave velocity = 2.726681e+00, 2.028155e+03, 1.026974e+02
min/max/ave velocity = 2.726681e+00, 2.028155e+03, 1.026974e+02
min/max/ave velocity = 2.726681e+00, 2.028155e+03, 1.026974e+02
min/max/ave velocity = 2.726681e+00, 2.028155e+03, 1.026974e+02
min/max/ave velocity = 2.726681e+00, 2.028155e+03, 1.026974e+02
min/max/ave velocity = 2.726681e+00, 2.028155e+03, 1.026974e+02
min/max/ave velocity = 2.726681e+00, 2.028155e+03, 1.026974e+02
min/max/ave velocity = 2.726681e+00, 2.028155e+03, 1.026974e+02
min/max/ave velocity = 2.726681e+00, 2.028155e+03, 1.026974e+02
min/max/ave velocity = 2.726681e+00, 2.028155e+03, 1.026974e+02
min/max/ave velocity = 2.726681e+00, 2.028155e+03, 1.026974e+02
min/max/ave velocity = 2.726681e+00, 2.028155e+03, 1.026974e+02
min/max/ave velocity = 3.763760e+00, 2.158978e+03, 1.026924e+02
min/max/ave velocity = 3.763760e+00, 2.158978e+03, 1.026924e+02
min/max/ave velocity = 3.763760e+00, 2.158978e+03, 1.026924e+02
min/max/ave velocity = 3.763760e+00, 2.158978e+03, 1.026924e+02
min/max/ave velocity = 3.763760e+00, 2.158978e+03, 1.026924e+02
min/max/ave velocity = 3.763760e+00, 2.158978e+03, 1.026924e+02
min/max/ave velocity = 3.763760e+00, 2.158978e+03, 1.026924e+02
min/max/ave velocity = 3.763760e+00, 2.158978e+03, 1.026924e+02
min/max/ave velocity = 3.763760e+00, 2.158978e+03, 1.026924e+02
min/max/ave velocity = 3.763760e+00, 2.158978e+03, 1.026924e+02
min/max/ave velocity = 3.763760e+00, 2.158978e+03, 1.026924e+02
min/max/ave velocity = 3.763760e+00, 2.158978e+03, 1.026924e+02
min/max/ave velocity = 3.763760e+00, 2.158978e+03, 1.026924e+02
min/max/ave velocity = 3.763760e+00, 2.158978e+03, 1.026924e+02
min/max/ave velocity = 3.763760e+00, 2.158978e+03, 1.026924e+02
min/max/ave velocity = 3.763760e+00, 2.158978e+03, 1.026924e+02
min/max/ave velocity = 5.027701e+00, 4.670653e+03, 1.026877e+02
min/max/ave velocity = 5.027701e+00, 4.670653e+03, 1.026877e+02
min/max/ave velocity = 5.027701e+00, 4.670653e+03, 1.026877e+02
min/max/ave velocity = 5.027701e+00, 4.670653e+03, 1.026877e+02
min/max/ave velocity = 5.027701e+00, 4.670653e+03, 1.026877e+02
min/max/ave velocity = 5.027701e+00, 4.670653e+03, 1.026877e+02
min/max/ave velocity = 5.027701e+00, 4.670653e+03, 1.026877e+02
min/max/ave velocity = 5.027701e+00, 4.670653e+03, 1.026877e+02
min/max/ave velocity = 5.027701e+00, 4.670653e+03, 1.026877e+02
min/max/ave velocity = 5.027701e+00, 4.670653e+03, 1.026877e+02
min/max/ave velocity = 5.027701e+00, 4.670653e+03, 1.026877e+02
min/max/ave velocity = 5.027701e+00, 4.670653e+03, 1.026877e+02
min/max/ave velocity = 5.027701e+00, 4.670653e+03, 1.026877e+02
min/max/ave velocity = 5.027701e+00, 4.670653e+03, 1.026877e+02
min/max/ave velocity = 5.027701e+00, 4.670653e+03, 1.026877e+02
min/max/ave velocity = 5.027701e+00, 4.670653e+03, 1.026877e+02
min/max/ave velocity = 3.397411e+00, 2.351857e+03, 1.026833e+02
min/max/ave velocity = 3.397411e+00, 2.351857e+03, 1.026833e+02
min/max/ave velocity = 3.397411e+00, 2.351857e+03, 1.026833e+02
min/max/ave velocity = 3.397411e+00, 2.351857e+03, 1.026833e+02
min/max/ave velocity = 3.397411e+00, 2.351857e+03, 1.026833e+02
min/max/ave velocity = 3.397411e+00, 2.351857e+03, 1.026833e+02
min/max/ave velocity = 3.397411e+00, 2.351857e+03, 1.026833e+02
min/max/ave velocity = 3.397411e+00, 2.351857e+03, 1.026833e+02
min/max/ave velocity = 3.397411e+00, 2.351857e+03, 1.026833e+02
min/max/ave velocity = 3.397411e+00, 2.351857e+03, 1.026833e+02
min/max/ave velocity = 3.397411e+00, 2.351857e+03, 1.026833e+02
min/max/ave velocity = 3.397411e+00, 2.351857e+03, 1.026833e+02
min/max/ave velocity = 3.397411e+00, 2.351857e+03, 1.026833e+02
min/max/ave velocity = 3.397411e+00, 2.351857e+03, 1.026833e+02
min/max/ave velocity = 3.397411e+00, 2.351857e+03, 1.026833e+02
min/max/ave velocity = 3.397411e+00, 2.351857e+03, 1.026833e+02
min/max/ave velocity = 4.803241e+00, 4.670653e+03, 1.026792e+02
min/max/ave velocity = 4.803241e+00, 4.670653e+03, 1.026792e+02
min/max/ave velocity = 4.803241e+00, 4.670653e+03, 1.026792e+02
min/max/ave velocity = 4.803241e+00, 4.670653e+03, 1.026792e+02
min/max/ave velocity = 4.803241e+00, 4.670653e+03, 1.026792e+02
min/max/ave velocity = 4.803241e+00, 4.670653e+03, 1.026792e+02
min/max/ave velocity = 4.803241e+00, 4.670653e+03, 1.026792e+02
min/max/ave velocity = 4.803241e+00, 4.670653e+03, 1.026792e+02
min/max/ave velocity = 4.803241e+00, 4.670653e+03, 1.026792e+02
min/max/ave velocity = 4.803241e+00, 4.670653e+03, 1.026792e+02
min/max/ave velocity = 4.803241e+00, 4.670653e+03, 1.026792e+02
min/max/ave velocity = 4.803241e+00, 4.670653e+03, 1.026792e+02
min/max/ave velocity = 4.803241e+00, 4.670653e+03, 1.026792e+02
min/max/ave velocity = 4.803241e+00, 4.670653e+03, 1.026792e+02
min/max/ave velocity = 4.803241e+00, 4.670653e+03, 1.026792e+02
min/max/ave velocity = 4.803241e+00, 4.670653e+03, 1.026792e+02
min/max/ave velocity = 2.709253e+00, 3.169845e+04, 1.026755e+02
min/max/ave velocity = 2.709253e+00, 3.169845e+04, 1.026755e+02
min/max/ave velocity = 2.709253e+00, 3.169845e+04, 1.026755e+02
min/max/ave velocity = 2.709253e+00, 3.169845e+04, 1.026755e+02
min/max/ave velocity = 2.709253e+00, 3.169845e+04, 1.026755e+02
min/max/ave velocity = 2.709253e+00, 3.169845e+04, 1.026755e+02
min/max/ave velocity = 2.709253e+00, 3.169845e+04, 1.026755e+02
min/max/ave velocity = 2.709253e+00, 3.169845e+04, 1.026755e+02
min/max/ave velocity = 2.709253e+00, 3.169845e+04, 1.026755e+02
min/max/ave velocity = 2.709253e+00, 3.169845e+04, 1.026755e+02
min/max/ave velocity = 2.709253e+00, 3.169845e+04, 1.026755e+02
min/max/ave velocity = 2.709253e+00, 3.169845e+04, 1.026755e+02
min/max/ave velocity = 2.709253e+00, 3.169845e+04, 1.026755e+02
min/max/ave velocity = 2.709253e+00, 3.169845e+04, 1.026755e+02
min/max/ave velocity = 2.709253e+00, 3.169845e+04, 1.026755e+02
min/max/ave velocity = 2.709253e+00, 3.169845e+04, 1.026755e+02
min/max/ave velocity = 4.252748e+00, 1.873262e+03, 1.026720e+02
min/max/ave velocity = 4.252748e+00, 1.873262e+03, 1.026720e+02
min/max/ave velocity = 4.252748e+00, 1.873262e+03, 1.026720e+02
min/max/ave velocity = 4.252748e+00, 1.873262e+03, 1.026720e+02
min/max/ave velocity = 4.252748e+00, 1.873262e+03, 1.026720e+02
min/max/ave velocity = 4.252748e+00, 1.873262e+03, 1.026720e+02
min/max/ave velocity = 4.252748e+00, 1.873262e+03, 1.026720e+02
min/max/ave velocity = 4.252748e+00, 1.873262e+03, 1.026720e+02
min/max/ave velocity = 4.252748e+00, 1.873262e+03, 1.026720e+02
min/max/ave velocity = 4.252748e+00, 1.873262e+03, 1.026720e+02
min/max/ave velocity = 4.252748e+00, 1.873262e+03, 1.026720e+02
min/max/ave velocity = 4.252748e+00, 1.873262e+03, 1.026720e+02
min/max/ave velocity = 4.252748e+00, 1.873262e+03, 1.026720e+02
min/max/ave velocity = 4.252748e+00, 1.873262e+03, 1.026720e+02
min/max/ave velocity = 4.252748e+00, 1.873262e+03, 1.026720e+02
min/max/ave velocity = 4.252748e+00, 1.873262e+03, 1.026720e+02
min/max/ave velocity = 4.800489e+00, 4.670653e+03, 1.026686e+02
min/max/ave velocity = 4.800489e+00, 4.670653e+03, 1.026686e+02
min/max/ave velocity = 4.800489e+00, 4.670653e+03, 1.026686e+02
min/max/ave velocity = 4.800489e+00, 4.670653e+03, 1.026686e+02
min/max/ave velocity = 4.800489e+00, 4.670653e+03, 1.026686e+02
min/max/ave velocity = 4.800489e+00, 4.670653e+03, 1.026686e+02
min/max/ave velocity = 4.800489e+00, 4.670653e+03, 1.026686e+02
min/max/ave velocity = 4.800489e+00, 4.670653e+03, 1.026686e+02
min/max/ave velocity = 4.800489e+00, 4.670653e+03, 1.026686e+02
min/max/ave velocity = 4.800489e+00, 4.670653e+03, 1.026686e+02
min/max/ave velocity = 4.800489e+00, 4.670653e+03, 1.026686e+02
min/max/ave velocity = 4.800489e+00, 4.670653e+03, 1.026686e+02
min/max/ave velocity = 4.800489e+00, 4.670653e+03, 1.026686e+02
min/max/ave velocity = 4.800489e+00, 4.670653e+03, 1.026686e+02
min/max/ave velocity = 4.800489e+00, 4.670653e+03, 1.026686e+02
min/max/ave velocity = 4.800489e+00, 4.670653e+03, 1.026686e+02
min/max/ave velocity = 4.799204e+00, 4.670653e+03, 1.026654e+02
min/max/ave velocity = 4.799204e+00, 4.670653e+03, 1.026654e+02
min/max/ave velocity = 4.799204e+00, 4.670653e+03, 1.026654e+02
min/max/ave velocity = 4.799204e+00, 4.670653e+03, 1.026654e+02
min/max/ave velocity = 4.799204e+00, 4.670653e+03, 1.026654e+02
min/max/ave velocity = 4.799204e+00, 4.670653e+03, 1.026654e+02
min/max/ave velocity = 4.799204e+00, 4.670653e+03, 1.026654e+02
min/max/ave velocity = 4.799204e+00, 4.670653e+03, 1.026654e+02
min/max/ave velocity = 4.799204e+00, 4.670653e+03, 1.026654e+02
min/max/ave velocity = 4.799204e+00, 4.670653e+03, 1.026654e+02
min/max/ave velocity = 4.799204e+00, 4.670653e+03, 1.026654e+02
min/max/ave velocity = 4.799204e+00, 4.670653e+03, 1.026654e+02
min/max/ave velocity = 4.799204e+00, 4.670653e+03, 1.026654e+02
min/max/ave velocity = 4.799204e+00, 4.670653e+03, 1.026654e+02
min/max/ave velocity = 4.799204e+00, 4.670653e+03, 1.026654e+02
min/max/ave velocity = 4.799204e+00, 4.670653e+03, 1.026654e+02
min/max/ave velocity = 6.811170e+00, 3.115360e+03, 1.026624e+02
min/max/ave velocity = 6.811170e+00, 3.115360e+03, 1.026624e+02
min/max/ave velocity = 6.811170e+00, 3.115360e+03, 1.026624e+02
min/max/ave velocity = 6.811170e+00, 3.115360e+03, 1.026624e+02
min/max/ave velocity = 6.811170e+00, 3.115360e+03, 1.026624e+02
min/max/ave velocity = 6.811170e+00, 3.115360e+03, 1.026624e+02
min/max/ave velocity = 6.811170e+00, 3.115360e+03, 1.026624e+02
min/max/ave velocity = 6.811170e+00, 3.115360e+03, 1.026624e+02
min/max/ave velocity = 6.811170e+00, 3.115360e+03, 1.026624e+02
min/max/ave velocity = 6.811170e+00, 3.115360e+03, 1.026624e+02
min/max/ave velocity = 6.811170e+00, 3.115360e+03, 1.026624e+02
min/max/ave velocity = 6.811170e+00, 3.115360e+03, 1.026624e+02
min/max/ave velocity = 6.811170e+00, 3.115360e+03, 1.026624e+02
min/max/ave velocity = 6.811170e+00, 3.115360e+03, 1.026624e+02
min/max/ave velocity = 6.811170e+00, 3.115360e+03, 1.026624e+02
min/max/ave velocity = 6.811170e+00, 3.115360e+03, 1.026624e+02
min/max/ave velocity = 2.810571e+00, 7.749460e+03, 1.026595e+02
min/max/ave velocity = 2.810571e+00, 7.749460e+03, 1.026595e+02
min/max/ave velocity = 2.810571e+00, 7.749460e+03, 1.026595e+02
min/max/ave velocity = 2.810571e+00, 7.749460e+03, 1.026595e+02
min/max/ave velocity = 2.810571e+00, 7.749460e+03, 1.026595e+02
min/max/ave velocity = 2.810571e+00, 7.749460e+03, 1.026595e+02
min/max/ave velocity = 2.810571e+00, 7.749460e+03, 1.026595e+02
min/max/ave velocity = 2.810571e+00, 7.749460e+03, 1.026595e+02
min/max/ave velocity = 2.810571e+00, 7.749460e+03, 1.026595e+02
min/max/ave velocity = 2.810571e+00, 7.749460e+03, 1.026595e+02
min/max/ave velocity = 2.810571e+00, 7.749460e+03, 1.026595e+02
min/max/ave velocity = 2.810571e+00, 7.749460e+03, 1.026595e+02
min/max/ave velocity = 2.810571e+00, 7.749460e+03, 1.026595e+02
min/max/ave velocity = 2.810571e+00, 7.749460e+03, 1.026595e+02
min/max/ave velocity = 2.810571e+00, 7.749460e+03, 1.026595e+02
min/max/ave velocity = 2.810571e+00, 7.749460e+03, 1.026595e+02
min/max/ave velocity = 6.803249e+00, 3.115360e+03, 1.026569e+02
min/max/ave velocity = 6.803249e+00, 3.115360e+03, 1.026569e+02
min/max/ave velocity = 6.803249e+00, 3.115360e+03, 1.026569e+02
min/max/ave velocity = 6.803249e+00, 3.115360e+03, 1.026569e+02
min/max/ave velocity = 6.803249e+00, 3.115360e+03, 1.026569e+02
min/max/ave velocity = 6.803249e+00, 3.115360e+03, 1.026569e+02
min/max/ave velocity = 6.803249e+00, 3.115360e+03, 1.026569e+02
min/max/ave velocity = 6.803249e+00, 3.115360e+03, 1.026569e+02
min/max/ave velocity = 6.803249e+00, 3.115360e+03, 1.026569e+02
min/max/ave velocity = 6.803249e+00, 3.115360e+03, 1.026569e+02
min/max/ave velocity = 6.803249e+00, 3.115360e+03, 1.026569e+02
min/max/ave velocity = 6.803249e+00, 3.115360e+03, 1.026569e+02
min/max/ave velocity = 6.803249e+00, 3.115360e+03, 1.026569e+02
min/max/ave velocity = 6.803249e+00, 3.115360e+03, 1.026569e+02
min/max/ave velocity = 6.803249e+00, 3.115360e+03, 1.026569e+02
min/max/ave velocity = 6.803249e+00, 3.115360e+03, 1.026569e+02
min/max/ave velocity = 4.233860e+00, 1.873262e+03, 1.026543e+02
min/max/ave velocity = 4.233860e+00, 1.873262e+03, 1.026543e+02
min/max/ave velocity = 4.233860e+00, 1.873262e+03, 1.026543e+02
min/max/ave velocity = 4.233860e+00, 1.873262e+03, 1.026543e+02
min/max/ave velocity = 4.233860e+00, 1.873262e+03, 1.026543e+02
min/max/ave velocity = 4.233860e+00, 1.873262e+03, 1.026543e+02
min/max/ave velocity = 4.233860e+00, 1.873262e+03, 1.026543e+02
min/max/ave velocity = 4.233860e+00, 1.873262e+03, 1.026543e+02
min/max/ave velocity = 4.233860e+00, 1.873262e+03, 1.026543e+02
min/max/ave velocity = 4.233860e+00, 1.873262e+03, 1.026543e+02
min/max/ave velocity = 4.233860e+00, 1.873262e+03, 1.026543e+02
min/max/ave velocity = 4.233860e+00, 1.873262e+03, 1.026543e+02
min/max/ave velocity = 4.233860e+00, 1.873262e+03, 1.026543e+02
min/max/ave velocity = 4.233860e+00, 1.873262e+03, 1.026543e+02
min/max/ave velocity = 4.233860e+00, 1.873262e+03, 1.026543e+02
min/max/ave velocity = 4.233860e+00, 1.873262e+03, 1.026543e+02
min/max/ave velocity = 3.730772e+00, 3.617184e+03, 1.026519e+02
min/max/ave velocity = 3.730772e+00, 3.617184e+03, 1.026519e+02
min/max/ave velocity = 3.730772e+00, 3.617184e+03, 1.026519e+02
min/max/ave velocity = 3.730772e+00, 3.617184e+03, 1.026519e+02
min/max/ave velocity = 3.730772e+00, 3.617184e+03, 1.026519e+02
min/max/ave velocity = 3.730772e+00, 3.617184e+03, 1.026519e+02
min/max/ave velocity = 3.730772e+00, 3.617184e+03, 1.026519e+02
min/max/ave velocity = 3.730772e+00, 3.617184e+03, 1.026519e+02
min/max/ave velocity = 3.730772e+00, 3.617184e+03, 1.026519e+02
min/max/ave velocity = 3.730772e+00, 3.617184e+03, 1.026519e+02
min/max/ave velocity = 3.730772e+00, 3.617184e+03, 1.026519e+02
min/max/ave velocity = 3.730772e+00, 3.617184e+03, 1.026519e+02
min/max/ave velocity = 3.730772e+00, 3.617184e+03, 1.026519e+02
min/max/ave velocity = 3.730772e+00, 3.617184e+03, 1.026519e+02
min/max/ave velocity = 3.730772e+00, 3.617184e+03, 1.026519e+02
min/max/ave velocity = 3.730772e+00, 3.617184e+03, 1.026519e+02
min/max/ave velocity = 6.792778e+00, 3.115360e+03, 1.026495e+02
min/max/ave velocity = 6.792778e+00, 3.115360e+03, 1.026495e+02
min/max/ave velocity = 6.792778e+00, 3.115360e+03, 1.026495e+02
min/max/ave velocity = 6.792778e+00, 3.115360e+03, 1.026495e+02
min/max/ave velocity = 6.792778e+00, 3.115360e+03, 1.026495e+02
min/max/ave velocity = 6.792778e+00, 3.115360e+03, 1.026495e+02
min/max/ave velocity = 6.792778e+00, 3.115360e+03, 1.026495e+02
min/max/ave velocity = 6.792778e+00, 3.115360e+03, 1.026495e+02
min/max/ave velocity = 6.792778e+00, 3.115360e+03, 1.026495e+02
min/max/ave velocity = 6.792778e+00, 3.115360e+03, 1.026495e+02
min/max/ave velocity = 6.792778e+00, 3.115360e+03, 1.026495e+02
min/max/ave velocity = 6.792778e+00, 3.115360e+03, 1.026495e+02
min/max/ave velocity = 6.792778e+00, 3.115360e+03, 1.026495e+02
min/max/ave velocity = 6.792778e+00, 3.115360e+03, 1.026495e+02
min/max/ave velocity = 6.792778e+00, 3.115360e+03, 1.026495e+02
min/max/ave velocity = 6.792778e+00, 3.115360e+03, 1.026495e+02
min/max/ave velocity = 3.879099e+00, 3.169845e+04, 1.026473e+02
min/max/ave velocity = 3.879099e+00, 3.169845e+04, 1.026473e+02
min/max/ave velocity = 3.879099e+00, 3.169845e+04, 1.026473e+02
min/max/ave velocity = 3.879099e+00, 3.169845e+04, 1.026473e+02
min/max/ave velocity = 3.879099e+00, 3.169845e+04, 1.026473e+02
min/max/ave velocity = 3.879099e+00, 3.169845e+04, 1.026473e+02
min/max/ave velocity = 3.879099e+00, 3.169845e+04, 1.026473e+02
min/max/ave velocity = 3.879099e+00, 3.169845e+04, 1.026473e+02
min/max/ave velocity = 3.879099e+00, 3.169845e+04, 1.026473e+02
min/max/ave velocity = 3.879099e+00, 3.169845e+04, 1.026473e+02
min/max/ave velocity = 3.879099e+00, 3.169845e+04, 1.026473e+02
min/max/ave velocity = 3.879099e+00, 3.169845e+04, 1.026473e+02
min/max/ave velocity = 3.879099e+00, 3.169845e+04, 1.026473e+02
min/max/ave velocity = 3.879099e+00, 3.169845e+04, 1.026473e+02
min/max/ave velocity = 3.879099e+00, 3.169845e+04, 1.026473e+02
min/max/ave velocity = 3.879099e+00, 3.169845e+04, 1.026473e+02
min/max/ave velocity = 4.787043e+00, 4.670653e+03, 1.026453e+02
min/max/ave velocity = 4.787043e+00, 4.670653e+03, 1.026453e+02
min/max/ave velocity = 4.787043e+00, 4.670653e+03, 1.026453e+02
min/max/ave velocity = 4.787043e+00, 4.670653e+03, 1.026453e+02
min/max/ave velocity = 4.787043e+00, 4.670653e+03, 1.026453e+02
min/max/ave velocity = 4.787043e+00, 4.670653e+03, 1.026453e+02
min/max/ave velocity = 4.787043e+00, 4.670653e+03, 1.026453e+02
min/max/ave velocity = 4.787043e+00, 4.670653e+03, 1.026453e+02
min/max/ave velocity = 4.787043e+00, 4.670653e+03, 1.026453e+02
min/max/ave velocity = 4.787043e+00, 4.670653e+03, 1.026453e+02
min/max/ave velocity = 4.787043e+00, 4.670653e+03, 1.026453e+02
min/max/ave velocity = 4.787043e+00, 4.670653e+03, 1.026453e+02
min/max/ave velocity = 4.787043e+00, 4.670653e+03, 1.026453e+02
min/max/ave velocity = 4.787043e+00, 4.670653e+03, 1.026453e+02
min/max/ave velocity = 4.787043e+00, 4.670653e+03, 1.026453e+02
min/max/ave velocity = 4.787043e+00, 4.670653e+03, 1.026453e+02
min/max/ave velocity = 6.783697e+00, 3.115360e+03, 1.026433e+02
min/max/ave velocity = 6.783697e+00, 3.115360e+03, 1.026433e+02
min/max/ave velocity = 6.783697e+00, 3.115360e+03, 1.026433e+02
min/max/ave velocity = 6.783697e+00, 3.115360e+03, 1.026433e+02
min/max/ave velocity = 6.783697e+00, 3.115360e+03, 1.026433e+02
min/max/ave velocity = 6.783697e+00, 3.115360e+03, 1.026433e+02
min/max/ave velocity = 6.783697e+00, 3.115360e+03, 1.026433e+02
min/max/ave velocity = 6.783697e+00, 3.115360e+03, 1.026433e+02
min/max/ave velocity = 6.783697e+00, 3.115360e+03, 1.026433e+02
min/max/ave velocity = 6.783697e+00, 3.115360e+03, 1.026433e+02
min/max/ave velocity = 6.783697e+00, 3.115360e+03, 1.026433e+02
min/max/ave velocity = 6.783697e+00, 3.115360e+03, 1.026433e+02
min/max/ave velocity = 6.783697e+00, 3.115360e+03, 1.026433e+02
min/max/ave velocity = 6.783697e+00, 3.115360e+03, 1.026433e+02
min/max/ave velocity = 6.783697e+00, 3.115360e+03, 1.026433e+02
min/max/ave velocity = 6.783697e+00, 3.115360e+03, 1.026433e+02
min/max/ave velocity = 3.420701e+00, 2.351857e+03, 1.026415e+02
min/max/ave velocity = 3.420701e+00, 2.351857e+03, 1.026415e+02
min/max/ave velocity = 3.420701e+00, 2.351857e+03, 1.026415e+02
min/max/ave velocity = 3.420701e+00, 2.351857e+03, 1.026415e+02
min/max/ave velocity = 3.420701e+00, 2.351857e+03, 1.026415e+02
min/max/ave velocity = 3.420701e+00, 2.351857e+03, 1.026415e+02
min/max/ave velocity = 3.420701e+00, 2.351857e+03, 1.026415e+02
min/max/ave velocity = 3.420701e+00, 2.351857e+03, 1.026415e+02
min/max/ave velocity = 3.420701e+00, 2.351857e+03, 1.026415e+02
min/max/ave velocity = 3.420701e+00, 2.351857e+03, 1.026415e+02
min/max/ave velocity = 3.420701e+00, 2.351857e+03, 1.026415e+02
min/max/ave velocity = 3.420701e+00, 2.351857e+03, 1.026415e+02
min/max/ave velocity = 3.420701e+00, 2.351857e+03, 1.026415e+02
min/max/ave velocity = 3.420701e+00, 2.351857e+03, 1.026415e+02
min/max/ave velocity = 3.420701e+00, 2.351857e+03, 1.026415e+02
min/max/ave velocity = 3.420701e+00, 2.351857e+03, 1.026415e+02
min/max/ave velocity = 2.825514e+00, 7.749460e+03, 1.026396e+02
min/max/ave velocity = 2.825514e+00, 7.749460e+03, 1.026396e+02
min/max/ave velocity = 2.825514e+00, 7.749460e+03, 1.026396e+02
min/max/ave velocity = 2.825514e+00, 7.749460e+03, 1.026396e+02
min/max/ave velocity = 2.825514e+00, 7.749460e+03, 1.026396e+02
min/max/ave velocity = 2.825514e+00, 7.749460e+03, 1.026396e+02
min/max/ave velocity = 2.825514e+00, 7.749460e+03, 1.026396e+02
min/max/ave velocity = 2.825514e+00, 7.749460e+03, 1.026396e+02
min/max/ave velocity = 2.825514e+00, 7.749460e+03, 1.026396e+02
min/max/ave velocity = 2.825514e+00, 7.749460e+03, 1.026396e+02
min/max/ave velocity = 2.825514e+00, 7.749460e+03, 1.026396e+02
min/max/ave velocity = 2.825514e+00, 7.749460e+03, 1.026396e+02
min/max/ave velocity = 2.825514e+00, 7.749460e+03, 1.026396e+02
min/max/ave velocity = 2.825514e+00, 7.749460e+03, 1.026396e+02
min/max/ave velocity = 2.825514e+00, 7.749460e+03, 1.026396e+02
min/max/ave velocity = 2.825514e+00, 7.749460e+03, 1.026396e+02
min/max/ave velocity = 4.103667e+00, 1.147808e+03, 1.026377e+02
min/max/ave velocity = 4.103667e+00, 1.147808e+03, 1.026377e+02
min/max/ave velocity = 4.103667e+00, 1.147808e+03, 1.026377e+02
min/max/ave velocity = 4.103667e+00, 1.147808e+03, 1.026377e+02
min/max/ave velocity = 4.103667e+00, 1.147808e+03, 1.026377e+02
min/max/ave velocity = 4.103667e+00, 1.147808e+03, 1.026377e+02
min/max/ave velocity = 4.103667e+00, 1.147808e+03, 1.026377e+02
min/max/ave velocity = 4.103667e+00, 1.147808e+03, 1.026377e+02
min/max/ave velocity = 4.103667e+00, 1.147808e+03, 1.026377e+02
min/max/ave velocity = 4.103667e+00, 1.147808e+03, 1.026377e+02
min/max/ave velocity = 4.103667e+00, 1.147808e+03, 1.026377e+02
min/max/ave velocity = 4.103667e+00, 1.147808e+03, 1.026377e+02
min/max/ave velocity = 4.103667e+00, 1.147808e+03, 1.026377e+02
min/max/ave velocity = 4.103667e+00, 1.147808e+03, 1.026377e+02
min/max/ave velocity = 4.103667e+00, 1.147808e+03, 1.026377e+02
min/max/ave velocity = 4.103667e+00, 1.147808e+03, 1.026377e+02
min/max/ave velocity = 3.105184e+00, 4.973178e+03, 1.026360e+02
min/max/ave velocity = 3.105184e+00, 4.973178e+03, 1.026360e+02
min/max/ave velocity = 3.105184e+00, 4.973178e+03, 1.026360e+02
min/max/ave velocity = 3.105184e+00, 4.973178e+03, 1.026360e+02
min/max/ave velocity = 3.105184e+00, 4.973178e+03, 1.026360e+02
min/max/ave velocity = 3.105184e+00, 4.973178e+03, 1.026360e+02
min/max/ave velocity = 3.105184e+00, 4.973178e+03, 1.026360e+02
min/max/ave velocity = 3.105184e+00, 4.973178e+03, 1.026360e+02
min/max/ave velocity = 3.105184e+00, 4.973178e+03, 1.026360e+02
min/max/ave velocity = 3.105184e+00, 4.973178e+03, 1.026360e+02
min/max/ave velocity = 3.105184e+00, 4.973178e+03, 1.026360e+02
min/max/ave velocity = 3.105184e+00, 4.973178e+03, 1.026360e+02
min/max/ave velocity = 3.105184e+00, 4.973178e+03, 1.026360e+02
min/max/ave velocity = 3.105184e+00, 4.973178e+03, 1.026360e+02
min/max/ave velocity = 3.105184e+00, 4.973178e+03, 1.026360e+02
min/max/ave velocity = 3.105184e+00, 4.973178e+03, 1.026360e+02
min/max/ave velocity = 5.142027e+00, 3.115360e+03, 1.026343e+02
min/max/ave velocity = 5.142027e+00, 3.115360e+03, 1.026343e+02
min/max/ave velocity = 5.142027e+00, 3.115360e+03, 1.026343e+02
min/max/ave velocity = 5.142027e+00, 3.115360e+03, 1.026343e+02
min/max/ave velocity = 5.142027e+00, 3.115360e+03, 1.026343e+02
min/max/ave velocity = 5.142027e+00, 3.115360e+03, 1.026343e+02
min/max/ave velocity = 5.142027e+00, 3.115360e+03, 1.026343e+02
min/max/ave velocity = 5.142027e+00, 3.115360e+03, 1.026343e+02
min/max/ave velocity = 5.142027e+00, 3.115360e+03, 1.026343e+02
min/max/ave velocity = 5.142027e+00, 3.115360e+03, 1.026343e+02
min/max/ave velocity = 5.142027e+00, 3.115360e+03, 1.026343e+02
min/max/ave velocity = 5.142027e+00, 3.115360e+03, 1.026343e+02
min/max/ave velocity = 5.142027e+00, 3.115360e+03, 1.026343e+02
min/max/ave velocity = 5.142027e+00, 3.115360e+03, 1.026343e+02
min/max/ave velocity = 5.142027e+00, 3.115360e+03, 1.026343e+02
min/max/ave velocity = 5.142027e+00, 3.115360e+03, 1.026343e+02
Average time = 60.103187 (ms) per step with 10000 elements 546.88 KB over 500 steps 59.988416 0.037922 0.076501
